\BOOKMARK [0][-]{chapter.1}{\376\377\227\131\165\065\133\146}{}% 1
\BOOKMARK [1][-]{section.1.1}{\376\377\165\065\203\167\116\016\165\065\127\072}{chapter.1}% 2
\BOOKMARK [2][-]{subsection.1.1.1}{\376\377\165\065\170\301\166\370\116\222\117\134\165\050\116\016\165\065\203\167}{section.1.1}% 3
\BOOKMARK [2][-]{subsection.1.1.2}{\376\377\136\223\116\321\133\232\137\213}{section.1.1}% 4
\BOOKMARK [2][-]{subsection.1.1.3}{\376\377\165\065\127\072}{section.1.1}% 5
\BOOKMARK [1][-]{section.1.2}{\376\377\116\044\116\052\133\232\137\213\116\016\165\065\122\277}{chapter.1}% 6
\BOOKMARK [2][-]{subsection.1.2.1}{\376\377\165\065\127\072\166\204\232\330\145\257\133\232\137\213}{section.1.2}% 7
\BOOKMARK [2][-]{subsection.1.2.2}{\376\377\165\065\122\277\116\016\165\065\127\072\166\204\163\257\215\357\133\232\137\213}{section.1.2}% 8
\BOOKMARK [2][-]{subsection.1.2.3}{\376\377\140\073\176\323}{section.1.2}% 9
\BOOKMARK [1][-]{section.1.3}{\376\377\227\131\165\065\200\375}{chapter.1}% 10
\BOOKMARK [2][-]{subsection.1.3.1}{\376\377\227\131\165\065\122\277\200\375}{section.1.3}% 11
\BOOKMARK [2][-]{subsection.1.3.2}{\376\377\201\352\200\375\116\016\166\370\116\222\117\134\165\050\200\375}{section.1.3}% 12
\BOOKMARK [2][-]{subsection.1.3.3}{\376\377\165\065\127\072\200\375}{section.1.3}% 13
\BOOKMARK [1][-]{section.1.4}{\376\377\165\065\203\167\117\123\174\373}{chapter.1}% 14
\BOOKMARK [2][-]{subsection.1.4.1}{\376\377\165\065\120\166\147\201\133\120}{section.1.4}% 15
\BOOKMARK [2][-]{subsection.1.4.2}{\376\377\165\065\203\167\133\306\136\246}{section.1.4}% 16
\BOOKMARK [2][-]{subsection.1.4.3}{\376\377\147\201\123\026\137\072\136\246}{section.1.4}% 17
\BOOKMARK [0][-]{chapter.2}{\376\377\133\374\117\123\116\016\116\313\215\050}{}% 18
\BOOKMARK [1][-]{section.2.1}{\376\377\133\374\117\123\116\016\227\131\165\065\136\163\210\141}{chapter.2}% 19
\BOOKMARK [2][-]{subsection.2.1.1}{\376\377\133\374\117\123\162\171\160\271}{section.2.1}% 20
\BOOKMARK [1][-]{section.2.2}{\376\377\165\065\120\317\154\325}{chapter.2}% 21
\BOOKMARK [1][-]{section.2.3}{\376\377\165\065\116\313\215\050}{chapter.2}% 22
\BOOKMARK [1][-]{section.2.4}{\376\377\121\215\213\256\227\131\165\065\200\375}{chapter.2}% 23
\BOOKMARK [0][-]{chapter.3}{\376\377\172\063\140\122\165\065\155\101}{}% 24
\BOOKMARK [1][-]{section.3.1}{\376\377\172\063\140\122\165\065\155\101\143\317\217\360\116\016\137\142\142\020}{chapter.3}% 25
\BOOKMARK [2][-]{subsection.3.1.1}{\376\377\137\267\234\201\137\267\152\041\127\213}{section.3.1}% 26
\BOOKMARK [2][-]{subsection.3.1.2}{\376\377\215\071\174\163\154\024\211\302\160\271\000*}{section.3.1}% 27
\BOOKMARK [2][-]{subsection.3.1.3}{\376\377\200\375\136\046\213\272\000*}{section.3.1}% 28
\BOOKMARK [2][-]{subsection.3.1.4}{\376\377\140\357\140\047\000,\226\073\134\074\116\016\126\336\131\015\122\233}{section.3.1}% 29
\BOOKMARK [2][-]{subsection.3.1.5}{\376\377\172\063\140\122\165\065\155\101\116\016\137\142\142\020\147\141\116\366}{section.3.1}% 30
\BOOKMARK [1][-]{section.3.2}{\376\377\165\065\215\357\116\016\165\065\215\357\145\271\172\013}{chapter.3}% 31
\BOOKMARK [1][-]{section.3.3}{\376\377\165\065\215\357\122\006\147\220\127\372\170\100}{chapter.3}% 32
\BOOKMARK [1][-]{section.3.4}{\376\377\165\065\215\357\122\006\147\220\145\271\154\325}{chapter.3}% 33
\BOOKMARK [1][-]{section.3.5}{\376\377\123\112\133\374\117\123}{chapter.3}% 34
\BOOKMARK [0][-]{chapter.4}{\376\377\227\131\170\301\127\072}{}% 35
\BOOKMARK [1][-]{section.4.1}{\376\377\165\065\155\101\116\016\170\301\127\072}{chapter.4}% 36
\BOOKMARK [1][-]{section.4.2}{\376\377\116\044\116\052\133\232\164\006\116\016\167\342\122\277}{chapter.4}% 37
\BOOKMARK [1][-]{section.4.3}{\376\377\170\301\120\166\147\201\133\120}{chapter.4}% 38
\BOOKMARK [1][-]{section.4.4}{\376\377\170\301\116\313\215\050\116\016\170\301\200\375}{chapter.4}% 39
\BOOKMARK [1][-]{section.4.5}{\376\377\215\205\133\374\173\200\116\313}{chapter.4}% 40
\BOOKMARK [0][-]{chapter.5}{\376\377\165\065\170\301\141\037\136\224}{}% 41
\BOOKMARK [1][-]{section.5.1}{\376\377\122\250\165\037\165\065\122\250\122\277}{chapter.5}% 42
\BOOKMARK [1][-]{section.5.2}{\376\377\141\037\165\037\165\065\122\250\122\277}{chapter.5}% 43
\BOOKMARK [1][-]{section.5.3}{\376\377\201\352\141\037\116\016\116\222\141\037}{chapter.5}% 44
\BOOKMARK [1][-]{section.5.4}{\376\377\154\325\142\311\173\054\165\065\170\301\141\037\136\224\133\232\137\213}{chapter.5}% 45
\BOOKMARK [0][-]{chapter.6}{\376\377\236\246\121\113\145\257\227\346\145\271\172\013\176\304}{}% 46
\BOOKMARK [1][-]{section.6.1}{\376\377\236\246\121\113\145\257\227\346\145\271\172\013\176\304}{chapter.6}% 47
\BOOKMARK [1][-]{section.6.2}{\376\377\136\163\227\142\165\065\170\301\154\342}{chapter.6}% 48
\BOOKMARK [1][-]{section.6.3}{\376\377\165\065\170\301\127\072\200\375\221\317\116\016\122\250\221\317}{chapter.6}% 49
\BOOKMARK [1][-]{section.6.4}{\376\377\165\065\170\301\154\342\217\220\134\004}{chapter.6}% 50
\BOOKMARK [0][-]{chapter.7}{\376\377\121\111\166\204\136\162\155\211}{}% 51
\BOOKMARK [1][-]{section.7.1}{\376\377\150\007\221\317\154\342\164\006\213\272}{chapter.7}% 52
\BOOKMARK [1][-]{section.7.2}{\376\377\122\006\154\342\227\142\136\162\155\211}{chapter.7}% 53
\BOOKMARK [2][-]{subsection.7.2.1}{\376\377\147\150\154\017\123\314\177\035\136\162\155\211\116\352}{section.7.2}% 54
\BOOKMARK [1][-]{section.7.3}{\376\377\122\006\143\057\136\105\136\162\155\211}{chapter.7}% 55
\BOOKMARK [1][-]{section.7.4}{\376\377\120\117\143\057\136\162\155\211}{chapter.7}% 56
\BOOKMARK [1][-]{section.7.5}{\376\377\166\370\136\162\140\047}{chapter.7}% 57
\BOOKMARK [1][-]{section.7.6}{\376\377\131\032\121\111\147\137\136\162\155\211}{chapter.7}% 58
\BOOKMARK [0][-]{chapter.8}{\376\377\121\111\166\204\210\115\134\004}{}% 59
\BOOKMARK [1][-]{section.8.1}{\376\377\121\111\150\005\116\016\154\342\136\046\162\107}{chapter.8}% 60
\BOOKMARK [1][-]{section.8.2}{\376\377\136\003\142\311\150\074\210\115\134\004}{chapter.8}% 61
\BOOKMARK [1][-]{section.8.3}{\376\377\210\115\134\004\171\357\122\006\121\154\137\017}{chapter.8}% 62
\BOOKMARK [1][-]{section.8.4}{\376\377\154\342\122\115\122\006\147\220\154\325}{chapter.8}% 63
\BOOKMARK [0][-]{chapter.9}{\376\377\162\151\164\006\121\111\133\146}{}% 64
\BOOKMARK [1][-]{section.9.1}{\376\377\176\317\121\170\202\162\145\143\164\006\213\272}{chapter.9}% 65
\BOOKMARK [2][-]{subsection.9.1.1}{\376\377\131\015\154\342\167\342\116\016\131\015\142\230\134\004\163\207}{section.9.1}% 66
\BOOKMARK [2][-]{subsection.9.1.2}{\376\377\176\317\121\170\165\065\133\120\213\272\166\204\211\343\221\312}{section.9.1}% 67
\BOOKMARK [1][-]{section.9.2}{\376\377\202\162\145\143\000,\145\143\134\004\116\016\124\070\145\066}{chapter.9}% 68
\BOOKMARK [1][-]{section.9.3}{\376\377\177\244\220\037\116\016\134\125\133\275}{chapter.9}% 69
\BOOKMARK [1][-]{section.9.4}{\376\377\121\111\221\317\133\120}{chapter.9}% 70
\BOOKMARK [0][-]{chapter.10}{\376\377\221\317\133\120\213\272}{}% 71
\BOOKMARK [1][-]{section.10.1}{\376\377\236\321\117\123\217\220\134\004}{chapter.10}% 72
\BOOKMARK [1][-]{section.10.2}{\376\377\121\111\174\222\133\120\140\047}{chapter.10}% 73
\BOOKMARK [1][-]{section.10.3}{\376\377\163\273\134\024\123\237\133\120}{chapter.10}% 74
\BOOKMARK [1][-]{section.10.4}{\376\377\165\065\133\120\154\342\122\250\140\047}{chapter.10}% 75
\BOOKMARK [1][-]{section.10.5}{\376\377\162\151\215\050\154\342\116\016\154\342\121\375\145\160}{chapter.10}% 76
\BOOKMARK [0][-]{chapter.11}{\376\377\162\151\164\006\133\146\134\072\136\246}{}% 77
\BOOKMARK [1][-]{section.11.1}{\376\377\133\207\211\302}{chapter.11}% 78
\BOOKMARK [1][-]{section.11.2}{\376\377\133\217\211\302}{chapter.11}% 79
\BOOKMARK [1][-]{section.11.3}{\376\377\116\313\211\302}{chapter.11}% 80
\BOOKMARK [1][-]{section.11.4}{\376\377\137\256\211\302\123\237\133\120}{chapter.11}% 81
\BOOKMARK [1][-]{section.11.5}{\376\377\137\256\211\302\116\232\123\237\133\120}{chapter.11}% 82
