mktextfm FZPingXYSJW/OT
mktextfm FZPingXYSJW/OT
mktextfm FZPingXYSJW/OT
mktextfm FZPingXYSJW/BI/OT
mktextfm FZPingXYSJW/OT
mktextfm FZPingXYSJW/B/OT
mktextfm FZPingXYSJW/OT
mktextfm FZPingXYSJW/I/OT
mktextfm FZPingXYSJW/OT
mktextfm FZPingXYSJW/OT
mktextfm FZPingXYSJW/OT
mktextfm FZPingXYSJW/OT
mktextfm FZPingXYSJW/OT
mktextfm FZPingXYSJW/OT
mktextfm FZPingXYSJW/OT
mktextfm FZPingXYSJW/OT
mktextfm FZPingXYSJW/OT
mktextfm FZPingXYSJW/OT
mktextfm FZFangJHJW/OT
mktextfm FZFangJHJW/OT
mktextfm FZFangJHJW/OT
mktextfm FZFangJHJW/BI/OT
mktextfm FZFangJHJW/OT
mktextfm FZFangJHJW/B/OT
mktextfm FZFangJHJW/OT
mktextfm FZFangJHJW/I/OT
mktextfm FZFangJHJW/OT
mktextfm FZFangJHJW/OT
mktextfm FZFangJHJW/OT
mktextfm FZFangJHJW/OT
mktextfm FZFangJHJW/OT
mktextfm FZFangJHJW/OT
mktextfm FZFangJHJW/OT
mktextfm FZFangJHJW/OT
mktextfm FZFangJHJW/OT
mktextfm FZFangJHJW/OT
mktextfm FZSHJW/OT
mktextfm FZSHJW/OT
mktextfm FZSHJW/OT
mktextfm FZSHJW/BI/OT
mktextfm FZSHJW/OT
mktextfm FZSHJW/B/OT
mktextfm FZSHJW/OT
mktextfm FZSHJW/I/OT
mktextfm FZSHJW/OT
mktextfm FZSHJW/OT
mktextfm FZSHJW/OT
