\BOOKMARK [0][-]{chapter*.1}{图 例}{}% 1
\BOOKMARK [0][-]{chapter*.2}{表 例}{}% 2
\BOOKMARK [0][-]{chapter.1}{普通物理学概论}{}% 3
\BOOKMARK [1][-]{section.1.1}{范畴与方法论}{chapter.1}% 4
\BOOKMARK [1][-]{section.1.2}{编排与客制化}{chapter.1}% 5
\BOOKMARK [1][-]{section.1.3}{预备知识}{chapter.1}% 6
\BOOKMARK [-1][-]{part.1}{I 力学}{}% 7
\BOOKMARK [0][-]{chapter.2}{运动学}{part.1}% 8
\BOOKMARK [1][-]{section.2.1}{时空与物质}{chapter.2}% 9
\BOOKMARK [1][-]{section.2.2}{运动的描述}{chapter.2}% 10
\BOOKMARK [1][-]{section.2.3}{参考系变换}{chapter.2}% 11
\BOOKMARK [1][-]{section.2.4}{运动的牵连}{chapter.2}% 12
\BOOKMARK [0][-]{chapter.3}{动力学}{part.1}% 13
\BOOKMARK [1][-]{section.3.1}{牛顿定律}{chapter.3}% 14
\BOOKMARK [1][-]{section.3.2}{动量定律}{chapter.3}% 15
\BOOKMARK [1][-]{section.3.3}{角动量定律}{chapter.3}% 16
\BOOKMARK [1][-]{section.3.4}{能量定律}{chapter.3}% 17
\BOOKMARK [1][-]{section.3.5}{动力学问题求解}{chapter.3}% 18
\BOOKMARK [1][-]{section.3.6}{碰撞}{chapter.3}% 19
\BOOKMARK [0][-]{chapter.4}{静力学}{part.1}% 20
\BOOKMARK [1][-]{section.4.1}{约束}{chapter.4}% 21
\BOOKMARK [1][-]{section.4.2}{力系的简化}{chapter.4}% 22
\BOOKMARK [1][-]{section.4.3}{平衡问题求解I}{chapter.4}% 23
\BOOKMARK [1][-]{section.4.4}{平衡问题求解II}{chapter.4}% 24
\BOOKMARK [1][-]{section.4.5}{*分析力学基础}{chapter.4}% 25
\BOOKMARK [1][-]{section.4.6}{稳定性问题}{chapter.4}% 26
\BOOKMARK [0][-]{chapter.5}{简谐振动}{part.1}% 27
\BOOKMARK [1][-]{section.5.1}{谐振子}{chapter.5}% 28
\BOOKMARK [1][-]{section.5.2}{简谐振动的拓广}{chapter.5}% 29
\BOOKMARK [1][-]{section.5.3}{简单的多自由度小振动}{chapter.5}% 30
\BOOKMARK [1][-]{section.5.4}{*摄动理论}{chapter.5}% 31
\BOOKMARK [1][-]{section.5.5}{*可数无穷自由度情况}{chapter.5}% 32
\BOOKMARK [0][-]{chapter.6}{万有引力}{part.1}% 33
\BOOKMARK [1][-]{section.6.1}{万有引力定律}{chapter.6}% 34
\BOOKMARK [1][-]{section.6.2}{有心力问题}{chapter.6}% 35
\BOOKMARK [1][-]{section.6.3}{开普勒问题}{chapter.6}% 36
\BOOKMARK [1][-]{section.6.4}{*潮汐}{chapter.6}% 37
\BOOKMARK [0][-]{chapter.7}{刚体}{part.1}% 38
\BOOKMARK [1][-]{section.7.1}{刚体的物理描述}{chapter.7}% 39
\BOOKMARK [1][-]{section.7.2}{刚体的平面平行运动}{chapter.7}% 40
\BOOKMARK [1][-]{section.7.3}{*刚体的空间运动}{chapter.7}% 41
\BOOKMARK [0][-]{chapter.8}{*弹性体}{part.1}% 42
\BOOKMARK [1][-]{section.8.1}{弹性体的物理描述}{chapter.8}% 43
\BOOKMARK [1][-]{section.8.2}{弹性模型}{chapter.8}% 44
\BOOKMARK [1][-]{section.8.3}{弹性波}{chapter.8}% 45
\BOOKMARK [0][-]{chapter.9}{流体}{part.1}% 46
\BOOKMARK [1][-]{section.9.1}{流体的物理描述}{chapter.9}% 47
\BOOKMARK [1][-]{section.9.2}{定常流体动力学}{chapter.9}% 48
\BOOKMARK [1][-]{section.9.3}{黏滞流体动力学}{chapter.9}% 49
\BOOKMARK [1][-]{section.9.4}{*流体中的波}{chapter.9}% 50
\BOOKMARK [1][-]{section.9.5}{*波的傅里叶分析}{chapter.9}% 51
\BOOKMARK [-1][-]{part.2}{II 热学}{}% 52
\BOOKMARK [0][-]{chapter.10}{热力学第一定律}{part.2}% 53
\BOOKMARK [1][-]{section.10.1}{热力学系统的状态}{chapter.10}% 54
\BOOKMARK [1][-]{section.10.2}{热力学第一定律}{chapter.10}% 55
\BOOKMARK [1][-]{section.10.3}{理想气体的过程}{chapter.10}% 56
\BOOKMARK [1][-]{section.10.4}{常见气体模型}{chapter.10}% 57
\BOOKMARK [0][-]{chapter.11}{热力学第二定律}{part.2}% 58
\BOOKMARK [1][-]{section.11.1}{循环过程}{chapter.11}% 59
\BOOKMARK [1][-]{section.11.2}{理想气体的熵}{chapter.11}% 60
\BOOKMARK [1][-]{section.11.3}{热力学第二定律}{chapter.11}% 61
\BOOKMARK [1][-]{section.11.4}{熵的计算}{chapter.11}% 62
\BOOKMARK [1][-]{section.11.5}{*热力学函数及其特性}{chapter.11}% 63
\BOOKMARK [0][-]{chapter.12}{固体与液体性质}{part.2}% 64
\BOOKMARK [1][-]{section.12.1}{固体晶格论}{chapter.12}% 65
\BOOKMARK [1][-]{section.12.2}{*固体电子论}{chapter.12}% 66
\BOOKMARK [1][-]{section.12.3}{*液体的彻体性质}{chapter.12}% 67
\BOOKMARK [1][-]{section.12.4}{液体的表面性质}{chapter.12}% 68
\BOOKMARK [1][-]{section.12.5}{*其他物态的性质}{chapter.12}% 69
\BOOKMARK [0][-]{chapter.13}{相与相变}{part.2}% 70
\BOOKMARK [1][-]{section.13.1}{相平衡}{chapter.13}% 71
\BOOKMARK [1][-]{section.13.2}{相变}{chapter.13}% 72
\BOOKMARK [1][-]{section.13.3}{*朗道相变理论}{chapter.13}% 73
\BOOKMARK [0][-]{chapter.14}{统计物理概述}{part.2}% 74
\BOOKMARK [1][-]{section.14.1}{概率统计, 信息论与随机过程}{chapter.14}% 75
\BOOKMARK [1][-]{section.14.2}{统计假设}{chapter.14}% 76
\BOOKMARK [1][-]{section.14.3}{麦克斯韦分布律}{chapter.14}% 77
\BOOKMARK [1][-]{section.14.4}{麦克斯韦-玻尔兹曼统计}{chapter.14}% 78
\BOOKMARK [1][-]{section.14.5}{*其他物理统计模型}{chapter.14}% 79
\BOOKMARK [-1][-]{part.3}{III 电磁学}{}% 80
\BOOKMARK [0][-]{chapter.15}{静电学}{part.3}% 81
\BOOKMARK [1][-]{section.15.1}{电荷与电场}{chapter.15}% 82
\BOOKMARK [1][-]{section.15.2}{两个定律与电势}{chapter.15}% 83
\BOOKMARK [1][-]{section.15.3}{静电能}{chapter.15}% 84
\BOOKMARK [1][-]{section.15.4}{电荷体系}{chapter.15}% 85
\BOOKMARK [0][-]{chapter.16}{导体与介质}{part.3}% 86
\BOOKMARK [1][-]{section.16.1}{导体与静电平衡}{chapter.16}% 87
\BOOKMARK [1][-]{section.16.2}{电像法}{chapter.16}% 88
\BOOKMARK [1][-]{section.16.3}{电介质}{chapter.16}% 89
\BOOKMARK [1][-]{section.16.4}{再论静电能}{chapter.16}% 90
\BOOKMARK [0][-]{chapter.17}{稳恒电流}{part.3}% 91
\BOOKMARK [1][-]{section.17.1}{稳恒电流描述与形成}{chapter.17}% 92
\BOOKMARK [1][-]{section.17.2}{电路与电路方程}{chapter.17}% 93
\BOOKMARK [1][-]{section.17.3}{电路分析基础}{chapter.17}% 94
\BOOKMARK [1][-]{section.17.4}{电路分析方法}{chapter.17}% 95
\BOOKMARK [1][-]{section.17.5}{电阻等效方法}{chapter.17}% 96
\BOOKMARK [1][-]{section.17.6}{半导体器件}{chapter.17}% 97
\BOOKMARK [0][-]{chapter.18}{静磁场}{part.3}% 98
\BOOKMARK [1][-]{section.18.1}{电流与磁场}{chapter.18}% 99
\BOOKMARK [1][-]{section.18.2}{两个定律与电势}{chapter.18}% 100
\BOOKMARK [1][-]{section.18.3}{电流体系}{chapter.18}% 101
\BOOKMARK [1][-]{section.18.4}{磁介质与磁能}{chapter.18}% 102
\BOOKMARK [0][-]{chapter.19}{电磁感应}{part.3}% 103
\BOOKMARK [1][-]{section.19.1}{磁生电}{chapter.19}% 104
\BOOKMARK [1][-]{section.19.2}{电磁感应与电路}{chapter.19}% 105
\BOOKMARK [1][-]{section.19.3}{自感与互感}{chapter.19}% 106
\BOOKMARK [1][-]{section.19.4}{*再论标势与矢势}{chapter.19}% 107
\BOOKMARK [0][-]{chapter.20}{麦克斯韦方程组}{part.3}% 108
\BOOKMARK [1][-]{section.20.1}{电生磁}{chapter.20}% 109
\BOOKMARK [1][-]{section.20.2}{电磁波解}{chapter.20}% 110
\BOOKMARK [1][-]{section.20.3}{*电磁波的辐射与吸收}{chapter.20}% 111
\BOOKMARK [1][-]{section.20.4}{电磁单位制}{chapter.20}% 112
\BOOKMARK [0][-]{chapter.21}{交流电路}{part.3}% 113
\BOOKMARK [1][-]{section.21.1}{交流电网}{chapter.21}% 114
\BOOKMARK [1][-]{section.21.2}{交流元件特性}{chapter.21}% 115
\BOOKMARK [1][-]{section.21.3}{交流电路解法}{chapter.21}% 116
\BOOKMARK [1][-]{section.21.4}{常见电路}{chapter.21}% 117
\BOOKMARK [-1][-]{part.4}{IV 光学}{}% 118
\BOOKMARK [0][-]{chapter.22}{光波与光线}{part.4}% 119
\BOOKMARK [1][-]{section.22.1}{波动光学引论}{chapter.22}% 120
\BOOKMARK [1][-]{section.22.2}{界面光学}{chapter.22}% 121
\BOOKMARK [1][-]{section.22.3}{光线方程}{chapter.22}% 122
\BOOKMARK [1][-]{section.22.4}{从费马到费曼}{chapter.22}% 123
\BOOKMARK [0][-]{chapter.23}{光学成像}{part.4}% 124
\BOOKMARK [1][-]{section.23.1}{傍轴光成像}{chapter.23}% 125
\BOOKMARK [1][-]{section.23.2}{理想成像系统}{chapter.23}% 126
\BOOKMARK [1][-]{section.23.3}{理想成像系统}{chapter.23}% 127
\BOOKMARK [0][-]{chapter.24}{光学仪器}{part.4}% 128
\BOOKMARK [1][-]{section.24.1}{光度学}{chapter.24}% 129
\BOOKMARK [1][-]{section.24.2}{光阑}{chapter.24}% 130
\BOOKMARK [1][-]{section.24.3}{助视仪器}{chapter.24}% 131
\BOOKMARK [1][-]{section.24.4}{观像仪器}{chapter.24}% 132
\BOOKMARK [0][-]{chapter.25}{光的干涉}{part.4}% 133
\BOOKMARK [1][-]{section.25.1}{干涉引论}{chapter.25}% 134
\BOOKMARK [1][-]{section.25.2}{分波面干涉}{chapter.25}% 135
\BOOKMARK [1][-]{section.25.3}{分振幅干涉}{chapter.25}% 136
\BOOKMARK [1][-]{section.25.4}{相干性}{chapter.25}% 137
\BOOKMARK [0][-]{chapter.26}{光的衍射}{part.4}% 138
\BOOKMARK [1][-]{section.26.1}{多光束干涉}{chapter.26}% 139
\BOOKMARK [1][-]{section.26.2}{衍射引论}{chapter.26}% 140
\BOOKMARK [1][-]{section.26.3}{*傅里叶光学}{chapter.26}% 141
\BOOKMARK [0][-]{chapter.27}{物理光学}{part.4}% 142
\BOOKMARK [1][-]{section.27.1}{光的本性}{chapter.27}% 143
\BOOKMARK [1][-]{section.27.2}{*光与物质相互作用}{chapter.27}% 144
\BOOKMARK [1][-]{section.27.3}{发射, 传播与吸收的唯象描述}{chapter.27}% 145
\BOOKMARK [1][-]{section.27.4}{经典色散理论}{chapter.27}% 146
\BOOKMARK [-1][-]{part.5}{V 近代物理}{}% 147
\BOOKMARK [0][-]{chapter.28}{相对论}{part.5}% 148
\BOOKMARK [1][-]{section.28.1}{时空与运动}{chapter.28}% 149
\BOOKMARK [1][-]{section.28.2}{相互作用}{chapter.28}% 150
\BOOKMARK [1][-]{section.28.3}{连续体}{chapter.28}% 151
\BOOKMARK [1][-]{section.28.4}{广义相对论简介}{chapter.28}% 152
\BOOKMARK [0][-]{chapter.29}{量子论}{part.5}% 153
\BOOKMARK [1][-]{section.29.1}{光的量子性}{chapter.29}% 154
\BOOKMARK [1][-]{section.29.2}{粒子波动性}{chapter.29}% 155
\BOOKMARK [1][-]{section.29.3}{*量子力学初步}{chapter.29}% 156
\BOOKMARK [0][-]{chapter.30}{尺度物理学}{part.5}% 157
\BOOKMARK [1][-]{section.30.1}{基本粒子与相互作用}{chapter.30}% 158
\BOOKMARK [1][-]{section.30.2}{核物理}{chapter.30}% 159
\BOOKMARK [1][-]{section.30.3}{*原子与分子}{chapter.30}% 160
\BOOKMARK [1][-]{section.30.4}{*介观物理}{chapter.30}% 161
\BOOKMARK [1][-]{section.30.5}{宇宙学}{chapter.30}% 162
\BOOKMARK [0][-]{chapter*.94}{参考文献}{part.5}% 163
