This is XeTeX, Version 3.14159265-2.6-0.999992 (TeX Live 2020/W32TeX) (preloaded format=xelatex 2020.10.3)  30 NOV 2020 19:51
entering extended mode
 restricted \write18 enabled.
 %&-line parsing enabled.
**physical-olympics-2.tex
(./physical-olympics-2.tex
LaTeX2e <2020-02-02> patch level 5
L3 programming layer <2020-09-24>
(d:/texlive/2020/texmf-dist/tex/latex/ctex/ctexbook.cls
(d:/texlive/2020/texmf-dist/tex/latex/ctex/config/ctexbackend.cfg
File: ctexbackend.cfg 2020/08/23 v2.5.4 Backend configuration file (CTEX)
)
(d:/texlive/2020/texmf-dist/tex/latex/l3kernel/expl3.sty
Package: expl3 2020-09-24 L3 programming layer (loader) 

(d:/texlive/2020/texmf-dist/tex/latex/l3backend/l3backend-xetex.def
File: l3backend-xetex.def 2020-09-24 L3 backend support: XeTeX
\g__graphics_track_int=\count164
\l__pdf_internal_box=\box45
\g__pdf_backend_object_int=\count165
\g__pdf_backend_annotation_int=\count166
))
Document Class: ctexbook 2020/08/23 v2.5.4 Chinese adapter for class book (CTEX
)
(d:/texlive/2020/texmf-dist/tex/latex/l3packages/xparse/xparse.sty
Package: xparse 2020-05-15 L3 Experimental document command parser

(d:/texlive/2020/texmf-dist/tex/latex/l3packages/xparse/xparse-generic.tex
\l__xparse_current_arg_int=\count167
\g__xparse_grabber_int=\count168
\l__xparse_m_args_int=\count169
\l__xparse_v_nesting_int=\count170
))
(d:/texlive/2020/texmf-dist/tex/latex/l3packages/l3keys2e/l3keys2e.sty
Package: l3keys2e 2020-05-15 LaTeX2e option processing using LaTeX3 keys
)
(d:/texlive/2020/texmf-dist/tex/latex/ctex/ctexhook.sty
Package: ctexhook 2020/08/23 v2.5.4 Document and package hooks (CTEX)
)
(d:/texlive/2020/texmf-dist/tex/latex/ctex/ctexpatch.sty
Package: ctexpatch 2020/08/23 v2.5.4 Patching commands (CTEX)
)
(d:/texlive/2020/texmf-dist/tex/latex/base/fix-cm.sty
Package: fix-cm 2015/01/14 v1.1t fixes to LaTeX

(d:/texlive/2020/texmf-dist/tex/latex/base/ts1enc.def
File: ts1enc.def 2001/06/05 v3.0e (jk/car/fm) Standard LaTeX file
LaTeX Font Info:    Redeclaring font encoding TS1 on input line 47.
))
(d:/texlive/2020/texmf-dist/tex/latex/ms/everysel.sty
Package: everysel 2011/10/28 v1.2 EverySelectfont Package (MS)
)
\l__ctex_tmp_int=\count171
\l__ctex_tmp_box=\box46
\l__ctex_tmp_dim=\dimen134
\g__ctex_section_depth_int=\count172
\g__ctex_font_size_int=\count173

(d:/texlive/2020/texmf-dist/tex/latex/ctex/config/ctexopts.cfg
File: ctexopts.cfg 2020/08/23 v2.5.4 Option configuration file (CTEX)
)
(d:/texlive/2020/texmf-dist/tex/latex/base/book.cls
Document Class: book 2019/12/20 v1.4l Standard LaTeX document class
(d:/texlive/2020/texmf-dist/tex/latex/base/bk10.clo
File: bk10.clo 2019/12/20 v1.4l Standard LaTeX file (size option)
)
\c@part=\count174
\c@chapter=\count175
\c@section=\count176
\c@subsection=\count177
\c@subsubsection=\count178
\c@paragraph=\count179
\c@subparagraph=\count180
\c@figure=\count181
\c@table=\count182
\abovecaptionskip=\skip47
\belowcaptionskip=\skip48
\bibindent=\dimen135
)
(d:/texlive/2020/texmf-dist/tex/latex/ctex/engine/ctex-engine-xetex.def
File: ctex-engine-xetex.def 2020/08/23 v2.5.4 XeLaTeX adapter (CTEX)

(d:/texlive/2020/texmf-dist/tex/xelatex/xecjk/xeCJK.sty
Package: xeCJK 2020/08/23 v3.8.5 Typesetting CJK scripts with XeLaTeX

(d:/texlive/2020/texmf-dist/tex/latex/l3packages/xtemplate/xtemplate.sty
Package: xtemplate 2020-05-15 L3 Experimental prototype document functions
\l__xtemplate_tmp_dim=\dimen136
\l__xtemplate_tmp_int=\count183
\l__xtemplate_tmp_muskip=\muskip16
\l__xtemplate_tmp_skip=\skip49
)
\l__xeCJK_tmp_int=\count184
\l__xeCJK_tmp_box=\box47
\l__xeCJK_tmp_dim=\dimen137
\l__xeCJK_tmp_skip=\skip50
\g__xeCJK_space_factor_int=\count185
\l__xeCJK_begin_int=\count186
\l__xeCJK_end_int=\count187
\c__xeCJK_CJK_class_int=\XeTeXcharclass1
\c__xeCJK_FullLeft_class_int=\XeTeXcharclass2
\c__xeCJK_FullRight_class_int=\XeTeXcharclass3
\c__xeCJK_HalfLeft_class_int=\XeTeXcharclass4
\c__xeCJK_HalfRight_class_int=\XeTeXcharclass5
\c__xeCJK_NormalSpace_class_int=\XeTeXcharclass6
\c__xeCJK_CM_class_int=\XeTeXcharclass7
\c__xeCJK_HangulJamo_class_int=\XeTeXcharclass8
\l__xeCJK_last_skip=\skip51
\g__xeCJK_node_int=\count188
\c__xeCJK_CJK_node_dim=\dimen138
\c__xeCJK_CJK-space_node_dim=\dimen139
\c__xeCJK_default_node_dim=\dimen140
\c__xeCJK_default-space_node_dim=\dimen141
\c__xeCJK_CJK-widow_node_dim=\dimen142
\c__xeCJK_normalspace_node_dim=\dimen143
\l__xeCJK_ccglue_skip=\skip52
\l__xeCJK_ecglue_skip=\skip53
\l__xeCJK_punct_kern_skip=\skip54
\l__xeCJK_last_penalty_int=\count189
\l__xeCJK_last_bound_dim=\dimen144
\l__xeCJK_last_kern_dim=\dimen145
\l__xeCJK_widow_penalty_int=\count190

Package xtemplate Info: Declaring object type 'xeCJK/punctuation' taking 0
(xtemplate)             argument(s) on line 2335.

\l__xeCJK_fixed_punct_width_dim=\dimen146
\l__xeCJK_mixed_punct_width_dim=\dimen147
\l__xeCJK_middle_punct_width_dim=\dimen148
\l__xeCJK_fixed_margin_width_dim=\dimen149
\l__xeCJK_mixed_margin_width_dim=\dimen150
\l__xeCJK_middle_margin_width_dim=\dimen151
\l__xeCJK_bound_punct_width_dim=\dimen152
\l__xeCJK_bound_margin_width_dim=\dimen153
\l__xeCJK_margin_minimum_dim=\dimen154
\l__xeCJK_kerning_total_width_dim=\dimen155
\l__xeCJK_same_align_margin_dim=\dimen156
\l__xeCJK_different_align_margin_dim=\dimen157
\l__xeCJK_kerning_margin_width_dim=\dimen158
\l__xeCJK_kerning_margin_minimum_dim=\dimen159
\l__xeCJK_bound_dim=\dimen160
\l__xeCJK_reverse_bound_dim=\dimen161
\l__xeCJK_margin_dim=\dimen162
\l__xeCJK_minimum_bound_dim=\dimen163
\l__xeCJK_kerning_margin_dim=\dimen164
\g__xeCJK_family_int=\count191
\l__xeCJK_fam_int=\count192
\g__xeCJK_fam_allocation_int=\count193
\l__xeCJK_verb_case_int=\count194
\l__xeCJK_verb_exspace_skip=\skip55

(d:/texlive/2020/texmf-dist/tex/latex/fontspec/fontspec.sty
Package: fontspec 2020/02/21 v2.7i Font selection for XeLaTeX and LuaLaTeX

(d:/texlive/2020/texmf-dist/tex/latex/fontspec/fontspec-xetex.sty
Package: fontspec-xetex 2020/02/21 v2.7i Font selection for XeLaTeX and LuaLaTe
X
\l__fontspec_script_int=\count195
\l__fontspec_language_int=\count196
\l__fontspec_strnum_int=\count197
\l__fontspec_tmp_int=\count198
\l__fontspec_tmpa_int=\count199
\l__fontspec_tmpb_int=\count266
\l__fontspec_tmpc_int=\count267
\l__fontspec_em_int=\count268
\l__fontspec_emdef_int=\count269
\l__fontspec_strong_int=\count270
\l__fontspec_strongdef_int=\count271
\l__fontspec_tmpa_dim=\dimen165
\l__fontspec_tmpb_dim=\dimen166
\l__fontspec_tmpc_dim=\dimen167

(d:/texlive/2020/texmf-dist/tex/latex/base/fontenc.sty
Package: fontenc 2020/02/11 v2.0o Standard LaTeX package
)
(d:/texlive/2020/texmf-dist/tex/latex/fontspec/fontspec.cfg)))
(d:/texlive/2020/texmf-dist/tex/xelatex/xecjk/xeCJK.cfg
File: xeCJK.cfg 2020/08/23 v3.8.5 Configuration file for xeCJK package
))
\ccwd=\dimen168
\l__ctex_ccglue_skip=\skip56
)
\l__ctex_ziju_dim=\dimen169

(d:/texlive/2020/texmf-dist/tex/latex/zhnumber/zhnumber.sty
Package: zhnumber 2020/05/01 v2.8 Typesetting numbers with Chinese glyphs
\l__zhnum_scale_int=\count272

(d:/texlive/2020/texmf-dist/tex/latex/zhnumber/zhnumber-utf8.cfg
File: zhnumber-utf8.cfg 2020/05/01 v2.8 Chinese numerals with UTF8 encoding
))
\l__ctex_heading_skip=\skip57

(d:/texlive/2020/texmf-dist/tex/latex/ctex/scheme/ctex-scheme-chinese-book.def
File: ctex-scheme-chinese-book.def 2020/08/23 v2.5.4 Chinese scheme for book (C
TEX)

(d:/texlive/2020/texmf-dist/tex/latex/ctex/config/ctex-name-utf8.cfg
File: ctex-name-utf8.cfg 2020/08/23 v2.5.4 Caption with encoding UTF-8 (CTEX)
))
(d:/texlive/2020/texmf-dist/tex/latex/ctex/ctex-c5size.clo
File: ctex-c5size.clo 2020/08/23 v2.5.4 c5size option (CTEX)
)
(d:/texlive/2020/texmf-dist/tex/latex/ctex/fontset/ctex-fontset-windows.def
File: ctex-fontset-windows.def 2020/08/23 v2.5.4 Windows fonts definition (CTEX
)

Package fontspec Info: Could not resolve font "KaiTi/B" (it probably doesn't
(fontspec)             exist).


Package fontspec Info: Could not resolve font "SimHei/I" (it probably doesn't
(fontspec)             exist).


Package fontspec Info: Could not resolve font "SimSun/BI" (it probably doesn't
(fontspec)             exist).


Package fontspec Info: Font family 'SimSun(0)' created for font 'SimSun' with
(fontspec)             options
(fontspec)             [Script={CJK},BoldFont={SimHei},ItalicFont={KaiTi}].
(fontspec)              
(fontspec)              This font family consists of the following NFSS
(fontspec)             series/shapes:
(fontspec)              
(fontspec)             - 'normal' (m/n) with NFSS spec.:
(fontspec)             <->"SimSun/OT:script=hani;language=dflt;"
(fontspec)             - 'small caps'  (m/sc) with NFSS spec.: 
(fontspec)             - 'bold' (b/n) with NFSS spec.:
(fontspec)             <->"SimHei/OT:script=hani;language=dflt;"
(fontspec)             - 'bold small caps'  (b/sc) with NFSS spec.: 
(fontspec)             - 'italic' (m/it) with NFSS spec.:
(fontspec)             <->"KaiTi/OT:script=hani;language=dflt;"
(fontspec)             - 'italic small caps'  (m/scit) with NFSS spec.: 

))
(d:/texlive/2020/texmf-dist/tex/latex/ctex/config/ctex.cfg
File: ctex.cfg 2020/08/23 v2.5.4 Configuration file (CTEX)
)
(d:/texlive/2020/texmf-dist/tex/latex/mathdesign/mathdesign.sty
Package: mathdesign 2013/08/29 v2.31 Math Design Project

(d:/texlive/2020/texmf-dist/tex/latex/graphics/keyval.sty
Package: keyval 2014/10/28 v1.15 key=value parser (DPC)
\KV@toks@=\toks15
)
(d:/texlive/2020/texmf-dist/tex/latex/base/ifthen.sty
Package: ifthen 2014/09/29 v1.1c Standard LaTeX ifthen package (DPC)
)
(d:/texlive/2020/texmf-dist/tex/latex/mathdesign/mdbch/mdbch.cfg)
(d:/texlive/2020/texmf-dist/tex/latex/mathdesign/mdbch/mdbch.sty
Package: mdbch 2013/08/29 v2.31 bitstream bitstream charter + mdbch (Math Desig
n Project)

(d:/texlive/2020/texmf-dist/tex/latex/mathdesign/mdfont.def
File: mdfont.def 2013/08/29 v2.31 (Math Design Project)
)
(d:/texlive/2020/texmf-dist/tex/latex/mathdesign/mdsffont.def
File: mdsffont.def 2013/08/29 v2.31 (Math Design Project)


LaTeX Warning: Font shape declaration has incorrect series value `mc'.
               It should not contain an `m'! Please correct it.
               Found on input line 53.


LaTeX Warning: Font shape declaration has incorrect series value `mc'.
               It should not contain an `m'! Please correct it.
               Found on input line 56.


LaTeX Warning: Font shape declaration has incorrect series value `mc'.
               It should not contain an `m'! Please correct it.
               Found on input line 59.


LaTeX Warning: Font shape declaration has incorrect series value `mc'.
               It should not contain an `m'! Please correct it.
               Found on input line 79.


LaTeX Warning: Font shape declaration has incorrect series value `mc'.
               It should not contain an `m'! Please correct it.
               Found on input line 102.


LaTeX Warning: Font shape declaration has incorrect series value `mc'.
               It should not contain an `m'! Please correct it.
               Found on input line 105.


LaTeX Warning: Font shape declaration has incorrect series value `mc'.
               It should not contain an `m'! Please correct it.
               Found on input line 108.


LaTeX Warning: Font shape declaration has incorrect series value `mc'.
               It should not contain an `m'! Please correct it.
               Found on input line 128.


LaTeX Warning: Font shape declaration has incorrect series value `mc'.
               It should not contain an `m'! Please correct it.
               Found on input line 259.


LaTeX Warning: Font shape declaration has incorrect series value `mc'.
               It should not contain an `m'! Please correct it.
               Found on input line 262.


LaTeX Warning: Font shape declaration has incorrect series value `mc'.
               It should not contain an `m'! Please correct it.
               Found on input line 265.


LaTeX Warning: Font shape declaration has incorrect series value `mc'.
               It should not contain an `m'! Please correct it.
               Found on input line 268.


LaTeX Warning: Font shape declaration has incorrect series value `mc'.
               It should not contain an `m'! Please correct it.
               Found on input line 313.


LaTeX Warning: Font shape declaration has incorrect series value `mc'.
               It should not contain an `m'! Please correct it.
               Found on input line 316.


LaTeX Warning: Font shape declaration has incorrect series value `mc'.
               It should not contain an `m'! Please correct it.
               Found on input line 319.


LaTeX Warning: Font shape declaration has incorrect series value `mc'.
               It should not contain an `m'! Please correct it.
               Found on input line 322.

) (d:/texlive/2020/texmf-dist/tex/latex/mathdesign/mdttfont.def
File: mdttfont.def 2013/08/29 v2.31 (Math Design Project)
)
\symmdcal=\mathgroup4
LaTeX Font Info:    Overwriting symbol font `mdcal' in version `bold'
(Font)                  OMS/mdbch/m/n --> OMS/mdbch/b/n on input line 97.
\symmdscr=\mathgroup5
LaTeX Font Info:    Overwriting symbol font `mdscr' in version `bold'
(Font)                  OMS/mdbch/m/n --> OMS/mdbch/b/n on input line 103.
LaTeX Font Info:    Overwriting math alphabet `\mathfrak' in version `bold'
(Font)                  U/xmdeuf/m/n --> U/xmdeuf/b/n on input line 110.
LaTeX Font Info:    Overwriting symbol font `operators' in version `normal'
(Font)                  OT1/cmr/m/n --> OT1/mdbch/m/n on input line 121.
LaTeX Font Info:    Overwriting symbol font `letters' in version `normal'
(Font)                  OML/cmm/m/it --> OML/mdbch/m/it on input line 122.
LaTeX Font Info:    Overwriting symbol font `symbols' in version `normal'
(Font)                  OMS/cmsy/m/n --> OMS/mdbch/m/n on input line 123.
LaTeX Font Info:    Overwriting symbol font `largesymbols' in version `normal'
(Font)                  OMX/cmex/m/n --> OMX/mdbch/m/n on input line 124.
LaTeX Font Info:    Overwriting symbol font `operators' in version `bold'
(Font)                  OT1/cmr/bx/n --> OT1/mdbch/b/n on input line 126.
LaTeX Font Info:    Overwriting symbol font `letters' in version `bold'
(Font)                  OML/cmm/b/it --> OML/mdbch/b/it on input line 127.
LaTeX Font Info:    Overwriting symbol font `symbols' in version `bold'
(Font)                  OMS/cmsy/b/n --> OMS/mdbch/b/n on input line 128.
LaTeX Font Info:    Overwriting symbol font `largesymbols' in version `bold'
(Font)                  OMX/cmex/m/n --> OMX/mdbch/b/n on input line 129.
LaTeX Font Info:    Overwriting math alphabet `\mathrm' in version `normal'
(Font)                  OT1/mdbch/m/n --> TU/mdbch/m/n on input line 131.
LaTeX Font Info:    Overwriting math alphabet `\mathbf' in version `normal'
(Font)                  OT1/cmr/bx/n --> TU/mdbch/b/n on input line 132.
LaTeX Font Info:    Overwriting math alphabet `\mathit' in version `normal'
(Font)                  OT1/cmr/m/it --> TU/mdbch/m/it on input line 133.
LaTeX Font Info:    Overwriting math alphabet `\mathsf' in version `normal'
(Font)                  OT1/cmss/m/n --> TU/lmss/m/n on input line 134.
LaTeX Font Info:    Overwriting math alphabet `\mathtt' in version `normal'
(Font)                  OT1/cmtt/m/n --> TU/lmtt/m/n on input line 135.
LaTeX Font Info:    Overwriting math alphabet `\mathrm' in version `bold'
(Font)                  OT1/mdbch/b/n --> TU/mdbch/b/n on input line 137.
LaTeX Font Info:    Overwriting math alphabet `\mathbf' in version `bold'
(Font)                  OT1/cmr/bx/n --> TU/mdbch/b/n on input line 138.
LaTeX Font Info:    Overwriting math alphabet `\mathit' in version `bold'
(Font)                  OT1/cmr/bx/it --> TU/mdbch/b/it on input line 139.
LaTeX Font Info:    Overwriting math alphabet `\mathsf' in version `bold'
(Font)                  OT1/cmss/bx/n --> TU/lmss/b/n on input line 140.
LaTeX Font Info:    Overwriting math alphabet `\mathtt' in version `bold'
(Font)                  OT1/cmtt/m/n --> TU/lmtt/b/n on input line 141.
\symlettersupright=\mathgroup6
LaTeX Font Info:    Overwriting symbol font `lettersupright' in version `bold'
(Font)                  OML/mdbch/m/n --> OML/mdbch/b/n on input line 144.
LaTeX Font Info:    Redeclaring math alphabet \mathrm on input line 145.
LaTeX Font Info:    Overwriting math alphabet `\mathcal' in version `normal'
(Font)                  OMS/mdbch/m/n --> OMS/mdbch/m/n on input line 167.

(d:/texlive/2020/texmf-dist/tex/latex/xkeyval/xkeyval.sty
Package: xkeyval 2014/12/03 v2.7a package option processing (HA)

(d:/texlive/2020/texmf-dist/tex/generic/xkeyval/xkeyval.tex
(d:/texlive/2020/texmf-dist/tex/generic/xkeyval/xkvutils.tex
\XKV@toks=\toks16
\XKV@tempa@toks=\toks17
)
\XKV@depth=\count273
File: xkeyval.tex 2014/12/03 v2.7a key=value parser (HA)
))
LaTeX Font Info:    Trying to load font information for TU+mdbch on input line 
186.
LaTeX Font Info:    No file TUmdbch.fd. on input line 186.


LaTeX Font Warning: Font shape `TU/mdbch/m/n' undefined
(Font)              using `TU/lmr/m/n' instead on input line 186.

LaTeX Font Info:    Redeclaring math accent \widetilde on input line 449.
LaTeX Font Info:    Redeclaring math accent \widehat on input line 450.
\symmathdesignA=\mathgroup7
LaTeX Font Info:    Overwriting symbol font `mathdesignA' in version `bold'
(Font)                  MDA/mdbch/m/n --> MDA/mdbch/b/n on input line 491.
\symmathdesignB=\mathgroup8
LaTeX Font Info:    Overwriting symbol font `mathdesignB' in version `bold'
(Font)                  MDB/mdbch/m/n --> MDB/mdbch/b/n on input line 498.
\@emptytoks=\toks18
LaTeX Font Info:    Redeclaring math accent \widetilde on input line 532.
LaTeX Font Info:    Redeclaring math accent \widehat on input line 533.
\rulethickness=\skip58
) (d:/texlive/2020/texmf-dist/tex/latex/base/fontenc.sty
Package: fontenc 2020/02/11 v2.0o Standard LaTeX package
LaTeX Font Info:    Trying to load font information for T1+mdbch on input line 
112.

(d:/texlive/2020/texmf-dist/tex/latex/mathdesign/mdbch/t1mdbch.fd
File: t1mdbch.fd 2013/08/29 Fontinst v1.933 font definitions for T1/mdbch.
)
LaTeX Font Info:    Font shape `T1/mdbch/m/n' will be
(Font)              scaled to size 10.11786pt on input line 112.
))

Package xeCJK Warning: Redefining CJKfamily `\CJKrmdefault' (SimSun(0)).


Package fontspec Info: Could not resolve font "方正聚珍新仿简体/BI" (it probably
(fontspec)             doesn't exist).


Package fontspec Info: Could not resolve font "方正聚珍新仿简体/B" (it probably
(fontspec)             doesn't exist).


Package fontspec Info: Could not resolve font "方正聚珍新仿简体/I" (it probably
(fontspec)             doesn't exist).


Package fontspec Info: Font family '方正聚珍新仿简体(0)' created for font '方正聚珍新仿简体'
(fontspec)             with options [Script={CJK}].
(fontspec)              
(fontspec)              This font family consists of the following NFSS
(fontspec)             series/shapes:
(fontspec)              
(fontspec)             - 'normal' (m/n) with NFSS spec.:
(fontspec)             <->"方正聚珍新仿简体/OT:script=hani;language=dflt;"
(fontspec)             - 'small caps'  (m/fsc) with NFSS spec.: 

(d:/texlive/2020/texmf-dist/tex/latex/geometry/geometry.sty
Package: geometry 2020/01/02 v5.9 Page Geometry

(d:/texlive/2020/texmf-dist/tex/generic/iftex/ifvtex.sty
Package: ifvtex 2019/10/25 v1.7 ifvtex legacy package. Use iftex instead.

(d:/texlive/2020/texmf-dist/tex/generic/iftex/iftex.sty
Package: iftex 2020/03/06 v1.0d TeX engine tests
))
\Gm@cnth=\count274
\Gm@cntv=\count275
\c@Gm@tempcnt=\count276
\Gm@bindingoffset=\dimen170
\Gm@wd@mp=\dimen171
\Gm@odd@mp=\dimen172
\Gm@even@mp=\dimen173
\Gm@layoutwidth=\dimen174
\Gm@layoutheight=\dimen175
\Gm@layouthoffset=\dimen176
\Gm@layoutvoffset=\dimen177
\Gm@dimlist=\toks19
)
(d:/texlive/2020/texmf-dist/tex/latex/fancyhdr/fancyhdr.sty
Package: fancyhdr 2019/01/31 v3.10 Extensive control of page headers and footer
s
\f@nch@headwidth=\skip59
\f@nch@O@elh=\skip60
\f@nch@O@erh=\skip61
\f@nch@O@olh=\skip62
\f@nch@O@orh=\skip63
\f@nch@O@elf=\skip64
\f@nch@O@erf=\skip65
\f@nch@O@olf=\skip66
\f@nch@O@orf=\skip67
)
(d:/texlive/2020/texmf-dist/tex/latex/graphics/graphicx.sty
Package: graphicx 2019/11/30 v1.2a Enhanced LaTeX Graphics (DPC,SPQR)

(d:/texlive/2020/texmf-dist/tex/latex/graphics/graphics.sty
Package: graphics 2019/11/30 v1.4a Standard LaTeX Graphics (DPC,SPQR)

(d:/texlive/2020/texmf-dist/tex/latex/graphics/trig.sty
Package: trig 2016/01/03 v1.10 sin cos tan (DPC)
)
(d:/texlive/2020/texmf-dist/tex/latex/graphics-cfg/graphics.cfg
File: graphics.cfg 2016/06/04 v1.11 sample graphics configuration
)
Package graphics Info: Driver file: xetex.def on input line 105.

(d:/texlive/2020/texmf-dist/tex/latex/graphics-def/xetex.def
File: xetex.def 2020/08/26 v5.0i Graphics/color driver for xetex
))
\Gin@req@height=\dimen178
\Gin@req@width=\dimen179
)
(d:/texlive/2020/texmf-dist/tex/latex/tools/verbatim.sty
Package: verbatim 2019/11/10 v1.5r LaTeX2e package for verbatim enhancements
\every@verbatim=\toks20
\verbatim@line=\toks21
\verbatim@in@stream=\read2
)
(d:/texlive/2020/texmf-dist/tex/latex/verse/verse.sty
Package: verse 2009/09/04 v2.4a verse typesetting
\c@vslineno=\count277
\c@poemline=\count278
\c@fvsline=\count279
\c@modulo@vs=\count280
\c@verse@envctr=\count281
\versewidth=\skip68
\vgap=\skip69
\vindent=\skip70
\stanzaskip=\skip71
\vleftskip=\skip72
\vrightskip=\skip73
\c@chrsinstr=\count282
\beforepoemtitleskip=\skip74
\afterpoemtitleskip=\skip75
)
(d:/texlive/2020/texmf-dist/tex/latex/hyperref/hyperref.sty
Package: hyperref 2020-05-15 v7.00e Hypertext links for LaTeX

(d:/texlive/2020/texmf-dist/tex/generic/ltxcmds/ltxcmds.sty
Package: ltxcmds 2020-05-10 v1.25 LaTeX kernel commands for general use (HO)
)
(d:/texlive/2020/texmf-dist/tex/generic/pdftexcmds/pdftexcmds.sty
Package: pdftexcmds 2020-06-27 v0.33 Utility functions of pdfTeX for LuaTeX (HO
)

(d:/texlive/2020/texmf-dist/tex/generic/infwarerr/infwarerr.sty
Package: infwarerr 2019/12/03 v1.5 Providing info/warning/error messages (HO)
)
Package pdftexcmds Info: \pdf@primitive is available.
Package pdftexcmds Info: \pdf@ifprimitive is available.
Package pdftexcmds Info: \pdfdraftmode not found.
)
(d:/texlive/2020/texmf-dist/tex/generic/kvsetkeys/kvsetkeys.sty
Package: kvsetkeys 2019/12/15 v1.18 Key value parser (HO)
)
(d:/texlive/2020/texmf-dist/tex/generic/kvdefinekeys/kvdefinekeys.sty
Package: kvdefinekeys 2019-12-19 v1.6 Define keys (HO)
)
(d:/texlive/2020/texmf-dist/tex/generic/pdfescape/pdfescape.sty
Package: pdfescape 2019/12/09 v1.15 Implements pdfTeX's escape features (HO)
)
(d:/texlive/2020/texmf-dist/tex/latex/hycolor/hycolor.sty
Package: hycolor 2020-01-27 v1.10 Color options for hyperref/bookmark (HO)
)
(d:/texlive/2020/texmf-dist/tex/latex/letltxmacro/letltxmacro.sty
Package: letltxmacro 2019/12/03 v1.6 Let assignment for LaTeX macros (HO)
)
(d:/texlive/2020/texmf-dist/tex/latex/auxhook/auxhook.sty
Package: auxhook 2019-12-17 v1.6 Hooks for auxiliary files (HO)
)
(d:/texlive/2020/texmf-dist/tex/latex/kvoptions/kvoptions.sty
Package: kvoptions 2019/11/29 v3.13 Key value format for package options (HO)
)
\@linkdim=\dimen180
\Hy@linkcounter=\count283
\Hy@pagecounter=\count284

(d:/texlive/2020/texmf-dist/tex/latex/hyperref/pd1enc.def
File: pd1enc.def 2020-05-15 v7.00e Hyperref: PDFDocEncoding definition (HO)
)
(d:/texlive/2020/texmf-dist/tex/generic/intcalc/intcalc.sty
Package: intcalc 2019/12/15 v1.3 Expandable calculations with integers (HO)
)
(d:/texlive/2020/texmf-dist/tex/generic/etexcmds/etexcmds.sty
Package: etexcmds 2019/12/15 v1.7 Avoid name clashes with e-TeX commands (HO)
)
\Hy@SavedSpaceFactor=\count285
Package hyperref Info: Option `unicode' set `true' on input line 4338.

(d:/texlive/2020/texmf-dist/tex/latex/hyperref/puenc.def
File: puenc.def 2020-05-15 v7.00e Hyperref: PDF Unicode definition (HO)
)
Package hyperref Info: Option `colorlinks' set `true' on input line 4338.
Package hyperref Info: Hyper figures OFF on input line 4464.
Package hyperref Info: Link nesting OFF on input line 4469.
Package hyperref Info: Hyper index ON on input line 4472.
Package hyperref Info: Plain pages OFF on input line 4479.
Package hyperref Info: Backreferencing OFF on input line 4484.
Package hyperref Info: Implicit mode ON; LaTeX internals redefined.
Package hyperref Info: Bookmarks ON on input line 4717.
\c@Hy@tempcnt=\count286

(d:/texlive/2020/texmf-dist/tex/latex/url/url.sty
\Urlmuskip=\muskip17
Package: url 2013/09/16  ver 3.4  Verb mode for urls, etc.
)
LaTeX Info: Redefining \url on input line 5076.
\XeTeXLinkMargin=\dimen181

(d:/texlive/2020/texmf-dist/tex/generic/bitset/bitset.sty
Package: bitset 2019/12/09 v1.3 Handle bit-vector datatype (HO)

(d:/texlive/2020/texmf-dist/tex/generic/bigintcalc/bigintcalc.sty
Package: bigintcalc 2019/12/15 v1.5 Expandable calculations on big integers (HO
)
))
\Fld@menulength=\count287
\Field@Width=\dimen182
\Fld@charsize=\dimen183
Package hyperref Info: Hyper figures OFF on input line 6347.
Package hyperref Info: Link nesting OFF on input line 6352.
Package hyperref Info: Hyper index ON on input line 6355.
Package hyperref Info: backreferencing OFF on input line 6362.
Package hyperref Info: Link coloring ON on input line 6365.
Package hyperref Info: Link coloring with OCG OFF on input line 6372.
Package hyperref Info: PDF/A mode OFF on input line 6377.
LaTeX Info: Redefining \ref on input line 6417.
LaTeX Info: Redefining \pageref on input line 6421.

(d:/texlive/2020/texmf-dist/tex/generic/atbegshi/atbegshi.sty
Package: atbegshi 2019/12/05 v1.19 At begin shipout hook (HO)
)
\Hy@abspage=\count288
\c@Item=\count289
\c@Hfootnote=\count290
)
Package hyperref Info: Driver (autodetected): hxetex.

(d:/texlive/2020/texmf-dist/tex/latex/hyperref/hxetex.def
File: hxetex.def 2020-05-15 v7.00e Hyperref driver for XeTeX

(d:/texlive/2020/texmf-dist/tex/generic/stringenc/stringenc.sty
Package: stringenc 2019/11/29 v1.12 Convert strings between diff. encodings (HO
)
)
\pdfm@box=\box48
\c@Hy@AnnotLevel=\count291
\HyField@AnnotCount=\count292
\Fld@listcount=\count293
\c@bookmark@seq@number=\count294

(d:/texlive/2020/texmf-dist/tex/latex/rerunfilecheck/rerunfilecheck.sty
Package: rerunfilecheck 2019/12/05 v1.9 Rerun checks for auxiliary files (HO)

(d:/texlive/2020/texmf-dist/tex/latex/atveryend/atveryend.sty
Package: atveryend 2019-12-11 v1.11 Hooks at the very end of document (HO)
Package atveryend Info: \enddocument detected (standard20110627).
)
(d:/texlive/2020/texmf-dist/tex/generic/uniquecounter/uniquecounter.sty
Package: uniquecounter 2019/12/15 v1.4 Provide unlimited unique counter (HO)
)
Package uniquecounter Info: New unique counter `rerunfilecheck' on input line 2
86.
)
\Hy@SectionHShift=\skip76
)
(d:/texlive/2020/texmf-dist/tex/latex/SIunits/SIunits.sty
Package: SIunits 2007/12/02 v1.36 Support for the International System of units
 (MH)


\@qskwidth=\skip77
LaTeX Font Info:    Redeclaring font encoding TS1 on input line 46.
\symgreek=\mathgroup9
(d:/texlive/2020/texmf-dist/tex/latex/amsmath/amstext.sty
Package: amstext 2000/06/29 v2.01 AMS text

(d:/texlive/2020/texmf-dist/tex/latex/amsmath/amsgen.sty
File: amsgen.sty 1999/11/30 v2.0 generic functions
\@emptytoks=\toks22
\ex@=\dimen184
))
(d:/texlive/2020/texmf-dist/tex/latex/SIunits/SIunits.cfg)
Option `squaren' provided!
) (d:/texlive/2020/texmf-dist/tex/latex/caption/caption.sty
Package: caption 2020/09/12 v3.5b Customizing captions (AR)

(d:/texlive/2020/texmf-dist/tex/latex/caption/caption3.sty
Package: caption3 2020/09/17 v2.1b caption3 kernel (AR)
\captionmargin=\dimen185
\captionmargin@=\dimen186
\captionwidth=\dimen187
\caption@tempdima=\dimen188
\caption@indent=\dimen189
\caption@parindent=\dimen190
\caption@hangindent=\dimen191
Package caption Info: Standard document class detected.
)
\c@caption@flags=\count295
\c@continuedfloat=\count296
Package caption Info: hyperref package is loaded.
)
(d:/texlive/2020/texmf-dist/tex/latex/wrapfig/wrapfig.sty
\wrapoverhang=\dimen192
\WF@size=\dimen193
\c@WF@wrappedlines=\count297
\WF@box=\box49
\WF@everypar=\toks23
Package: wrapfig 2003/01/31  v 3.6
)
(d:/texlive/2020/texmf-dist/tex/latex/float/float.sty
Package: float 2001/11/08 v1.3d Float enhancements (AL)
\c@float@type=\count298
\float@exts=\toks24
\float@box=\box50
\@float@everytoks=\toks25
\@floatcapt=\box51
)
(d:/texlive/2020/texmf-dist/tex/latex/tools/array.sty
Package: array 2019/08/31 v2.4l Tabular extension package (FMi)
\col@sep=\dimen194
\ar@mcellbox=\box52
\extrarowheight=\dimen195
\NC@list=\toks26
\extratabsurround=\skip78
\backup@length=\skip79
\ar@cellbox=\box53
)
(d:/texlive/2020/texmf-dist/tex/latex/xcolor/xcolor.sty
Package: xcolor 2016/05/11 v2.12 LaTeX color extensions (UK)

(d:/texlive/2020/texmf-dist/tex/latex/graphics-cfg/color.cfg
File: color.cfg 2016/01/02 v1.6 sample color configuration
)
Package xcolor Info: Driver file: xetex.def on input line 225.
Package xcolor Info: Model `cmy' substituted by `cmy0' on input line 1348.
Package xcolor Info: Model `RGB' extended on input line 1364.
Package xcolor Info: Model `HTML' substituted by `rgb' on input line 1366.
Package xcolor Info: Model `Hsb' substituted by `hsb' on input line 1367.
Package xcolor Info: Model `tHsb' substituted by `hsb' on input line 1368.
Package xcolor Info: Model `HSB' substituted by `hsb' on input line 1369.
Package xcolor Info: Model `Gray' substituted by `gray' on input line 1370.
Package xcolor Info: Model `wave' substituted by `hsb' on input line 1371.
)
(d:/texlive/2020/texmf-dist/tex/latex/mdframed/mdframed.sty
Package: mdframed 2013/07/01 1.9b: mdframed

(d:/texlive/2020/texmf-dist/tex/latex/etoolbox/etoolbox.sty
Package: etoolbox 2020/08/24 v2.5j e-TeX tools for LaTeX (JAW)
\etb@tempcnta=\count299
)
(d:/texlive/2020/texmf-dist/tex/latex/zref/zref-abspage.sty
Package: zref-abspage 2020-05-28 v2.31 Module abspage for zref (HO)

(d:/texlive/2020/texmf-dist/tex/latex/zref/zref-base.sty
Package: zref-base 2020-05-28 v2.31 Module base for zref (HO)
Package zref Info: New property list: main on input line 763.
Package zref Info: New property: default on input line 764.
Package zref Info: New property: page on input line 765.
)
\c@abspage=\count300
Package zref Info: New property: abspage on input line 66.
)
(d:/texlive/2020/texmf-dist/tex/latex/needspace/needspace.sty
Package: needspace 2010/09/12 v1.3d reserve vertical space
)
\mdf@templength=\skip80
\c@mdf@globalstyle@cnt=\count301
\mdf@skipabove@length=\skip81
\mdf@skipbelow@length=\skip82
\mdf@leftmargin@length=\skip83
\mdf@rightmargin@length=\skip84
\mdf@innerleftmargin@length=\skip85
\mdf@innerrightmargin@length=\skip86
\mdf@innertopmargin@length=\skip87
\mdf@innerbottommargin@length=\skip88
\mdf@splittopskip@length=\skip89
\mdf@splitbottomskip@length=\skip90
\mdf@outermargin@length=\skip91
\mdf@innermargin@length=\skip92
\mdf@linewidth@length=\skip93
\mdf@innerlinewidth@length=\skip94
\mdf@middlelinewidth@length=\skip95
\mdf@outerlinewidth@length=\skip96
\mdf@roundcorner@length=\skip97
\mdf@footenotedistance@length=\skip98
\mdf@userdefinedwidth@length=\skip99
\mdf@needspace@length=\skip100
\mdf@frametitleaboveskip@length=\skip101
\mdf@frametitlebelowskip@length=\skip102
\mdf@frametitlerulewidth@length=\skip103
\mdf@frametitleleftmargin@length=\skip104
\mdf@frametitlerightmargin@length=\skip105
\mdf@shadowsize@length=\skip106
\mdf@extratopheight@length=\skip107
\mdf@subtitleabovelinewidth@length=\skip108
\mdf@subtitlebelowlinewidth@length=\skip109
\mdf@subtitleaboveskip@length=\skip110
\mdf@subtitlebelowskip@length=\skip111
\mdf@subtitleinneraboveskip@length=\skip112
\mdf@subtitleinnerbelowskip@length=\skip113
\mdf@subsubtitleabovelinewidth@length=\skip114
\mdf@subsubtitlebelowlinewidth@length=\skip115
\mdf@subsubtitleaboveskip@length=\skip116
\mdf@subsubtitlebelowskip@length=\skip117
\mdf@subsubtitleinneraboveskip@length=\skip118
\mdf@subsubtitleinnerbelowskip@length=\skip119

(d:/texlive/2020/texmf-dist/tex/latex/mdframed/md-frame-0.mdf
File: md-frame-0.mdf 2013/07/01\ 1.9b: md-frame-0
)
\mdf@frametitlebox=\box54
\mdf@footnotebox=\box55
\mdf@splitbox@one=\box56
\mdf@splitbox@two=\box57
\mdf@splitbox@save=\box58
\mdfsplitboxwidth=\skip120
\mdfsplitboxtotalwidth=\skip121
\mdfsplitboxheight=\skip122
\mdfsplitboxdepth=\skip123
\mdfsplitboxtotalheight=\skip124
\mdfframetitleboxwidth=\skip125
\mdfframetitleboxtotalwidth=\skip126
\mdfframetitleboxheight=\skip127
\mdfframetitleboxdepth=\skip128
\mdfframetitleboxtotalheight=\skip129
\mdffootnoteboxwidth=\skip130
\mdffootnoteboxtotalwidth=\skip131
\mdffootnoteboxheight=\skip132
\mdffootnoteboxdepth=\skip133
\mdffootnoteboxtotalheight=\skip134
\mdftotallinewidth=\skip135
\mdfboundingboxwidth=\skip136
\mdfboundingboxtotalwidth=\skip137
\mdfboundingboxheight=\skip138
\mdfboundingboxdepth=\skip139
\mdfboundingboxtotalheight=\skip140
\mdf@freevspace@length=\skip141
\mdf@horizontalwidthofbox@length=\skip142
\mdf@verticalmarginwhole@length=\skip143
\mdf@horizontalspaceofbox=\skip144
\mdfsubtitleheight=\skip145
\mdfsubsubtitleheight=\skip146
\c@mdfcountframes=\count302

****** mdframed patching \endmdf@trivlist

****** -- success******

\mdf@envdepth=\count303
\c@mdf@env@i=\count304
\c@mdf@env@ii=\count305
\c@mdf@zref@counter=\count306
Package zref Info: New property: mdf@pagevalue on input line 895.
)
(d:/texlive/2020/texmf-dist/tex/latex/lm/lmodern.sty
Package: lmodern 2009/10/30 v1.6 Latin Modern Fonts
LaTeX Font Info:    Overwriting symbol font `operators' in version `normal'
(Font)                  OT1/mdbch/m/n --> OT1/lmr/m/n on input line 22.
LaTeX Font Info:    Overwriting symbol font `letters' in version `normal'
(Font)                  OML/mdbch/m/it --> OML/lmm/m/it on input line 23.
LaTeX Font Info:    Overwriting symbol font `symbols' in version `normal'
(Font)                  OMS/mdbch/m/n --> OMS/lmsy/m/n on input line 24.
LaTeX Font Info:    Overwriting symbol font `largesymbols' in version `normal'
(Font)                  OMX/mdbch/m/n --> OMX/lmex/m/n on input line 25.
LaTeX Font Info:    Overwriting symbol font `operators' in version `bold'
(Font)                  OT1/mdbch/b/n --> OT1/lmr/bx/n on input line 26.
LaTeX Font Info:    Overwriting symbol font `letters' in version `bold'
(Font)                  OML/mdbch/b/it --> OML/lmm/b/it on input line 27.
LaTeX Font Info:    Overwriting symbol font `symbols' in version `bold'
(Font)                  OMS/mdbch/b/n --> OMS/lmsy/b/n on input line 28.
LaTeX Font Info:    Overwriting symbol font `largesymbols' in version `bold'
(Font)                  OMX/mdbch/b/n --> OMX/lmex/m/n on input line 29.
LaTeX Font Info:    Overwriting math alphabet `\mathbf' in version `normal'
(Font)                  TU/mdbch/b/n --> OT1/lmr/bx/n on input line 31.
LaTeX Font Info:    Overwriting math alphabet `\mathsf' in version `normal'
(Font)                  TU/lmss/m/n --> OT1/lmss/m/n on input line 32.
LaTeX Font Info:    Overwriting math alphabet `\mathit' in version `normal'
(Font)                  TU/mdbch/m/it --> OT1/lmr/m/it on input line 33.
LaTeX Font Info:    Overwriting math alphabet `\mathtt' in version `normal'
(Font)                  TU/lmtt/m/n --> OT1/lmtt/m/n on input line 34.
LaTeX Font Info:    Overwriting math alphabet `\mathbf' in version `bold'
(Font)                  TU/mdbch/b/n --> OT1/lmr/bx/n on input line 35.
LaTeX Font Info:    Overwriting math alphabet `\mathsf' in version `bold'
(Font)                  TU/lmss/b/n --> OT1/lmss/bx/n on input line 36.
LaTeX Font Info:    Overwriting math alphabet `\mathit' in version `bold'
(Font)                  TU/mdbch/b/it --> OT1/lmr/bx/it on input line 37.
LaTeX Font Info:    Overwriting math alphabet `\mathtt' in version `bold'
(Font)                  TU/lmtt/b/n --> OT1/lmtt/m/n on input line 38.
)
(d:/texlive/2020/texmf-dist/tex/latex/was/upgreek.sty
Package: upgreek 2003/02/12 v2.0 (WaS)
Package upgreek Info: Using Euler Roman for upright Greek on input line 31.
\symugrf@m=\mathgroup10
LaTeX Font Info:    Overwriting symbol font `ugrf@m' in version `bold'
(Font)                  U/eur/m/n --> U/eur/b/n on input line 38.
LaTeX Font Info:    Redeclaring math symbol \upmu on input line 51.
)
(d:/texlive/2020/texmf-dist/tex/latex/amsmath/amsbsy.sty
Package: amsbsy 1999/11/29 v1.2d Bold Symbols
\pmbraise@=\dimen196
)
(d:/texlive/2020/texmf-dist/tex/latex/amsmath/amsmath.sty
Package: amsmath 2020/01/20 v2.17e AMS math features
\@mathmargin=\skip147

For additional information on amsmath, use the `?' option.
(d:/texlive/2020/texmf-dist/tex/latex/amsmath/amsopn.sty
Package: amsopn 2016/03/08 v2.02 operator names
)
\inf@bad=\count307
LaTeX Info: Redefining \frac on input line 227.
\uproot@=\count308
\leftroot@=\count309
LaTeX Info: Redefining \overline on input line 389.
\classnum@=\count310
\DOTSCASE@=\count311
LaTeX Info: Redefining \ldots on input line 486.
LaTeX Info: Redefining \dots on input line 489.
LaTeX Info: Redefining \cdots on input line 610.
\Mathstrutbox@=\box59
\strutbox@=\box60
\big@size=\dimen197
LaTeX Font Info:    Redeclaring font encoding OML on input line 733.
LaTeX Font Info:    Redeclaring font encoding OMS on input line 734.
\macc@depth=\count312
\c@MaxMatrixCols=\count313
\dotsspace@=\muskip18
\c@parentequation=\count314
\dspbrk@lvl=\count315
\tag@help=\toks27
\row@=\count316
\column@=\count317
\maxfields@=\count318
\andhelp@=\toks28
\eqnshift@=\dimen198
\alignsep@=\dimen199
\tagshift@=\dimen256
\tagwidth@=\dimen257
\totwidth@=\dimen258
\lineht@=\dimen259
\@envbody=\toks29
\multlinegap=\skip148
\multlinetaggap=\skip149
\mathdisplay@stack=\toks30
LaTeX Info: Redefining \[ on input line 2859.
LaTeX Info: Redefining \] on input line 2860.
)
(d:/texlive/2020/texmf-dist/tex/latex/amsfonts/eucal.sty
Package: eucal 2009/06/22 v3.00 Euler Script fonts
LaTeX Font Info:    Overwriting math alphabet `\EuScript' in version `bold'
(Font)                  U/eus/m/n --> U/eus/b/n on input line 33.
)
(d:/texlive/2020/texmf-dist/tex/latex/tools/enumerate.sty
Package: enumerate 2015/07/23 v3.00 enumerate extensions (DPC)
\@enLab=\toks31
)
(d:/texlive/2020/texmf-dist/tex/latex/base/fontenc.sty
Package: fontenc 2020/02/11 v2.0o Standard LaTeX package
LaTeX Font Info:    Trying to load font information for T1+lmr on input line 11
2.

(d:/texlive/2020/texmf-dist/tex/latex/lm/t1lmr.fd
File: t1lmr.fd 2009/10/30 v1.6 Font defs for Latin Modern
))
(d:/texlive/2020/texmf-dist/tex/latex/base/inputenc.sty
Package: inputenc 2018/08/11 v1.3c Input encoding file
\inpenc@prehook=\toks32
\inpenc@posthook=\toks33


Package inputenc Warning: inputenc package ignored with utf8 based engines.

) (d:/texlive/2020/texmf-dist/tex/latex/lgreek/lgreek.sty
\vwl=\count319
\acct=\count320
)
(d:/texlive/2020/texmf-dist/tex/latex/base/textcomp.sty
Package: textcomp 2020/02/02 v2.0n Standard LaTeX package
)
(d:/texlive/2020/texmf-dist/tex/latex/booktabs/booktabs.sty
Package: booktabs 2020/01/12 v1.61803398 Publication quality tables
\heavyrulewidth=\dimen260
\lightrulewidth=\dimen261
\cmidrulewidth=\dimen262
\belowrulesep=\dimen263
\belowbottomsep=\dimen264
\aboverulesep=\dimen265
\abovetopsep=\dimen266
\cmidrulesep=\dimen267
\cmidrulekern=\dimen268
\defaultaddspace=\dimen269
\@cmidla=\count321
\@cmidlb=\count322
\@aboverulesep=\dimen270
\@belowrulesep=\dimen271
\@thisruleclass=\count323
\@lastruleclass=\count324
\@thisrulewidth=\dimen272
)
(d:/texlive/2020/texmf-dist/tex/latex/multirow/multirow.sty
Package: multirow 2019/05/31 v2.5 Span multiple rows of a table
\multirow@colwidth=\skip150
\multirow@cntb=\count325
\multirow@dima=\skip151
\bigstrutjot=\dimen273
)
(./physical-olympics-2.aux (./chapter/thermoI.aux) (./chapter/thermoII.aux)
(./chapter/liquidsolid.aux) (./chapter/phasechange.aux) (./chapter/maxwell.aux)
(./chapter/goptics.aux) (./chapter/opticals.aux) (./chapter/opticalp.aux))
\openout1 = `physical-olympics-2.aux'.

LaTeX Font Info:    Checking defaults for OML/cmm/m/it on input line 96.
LaTeX Font Info:    ... okay on input line 96.
LaTeX Font Info:    Checking defaults for OMS/cmsy/m/n on input line 96.
LaTeX Font Info:    ... okay on input line 96.
LaTeX Font Info:    Checking defaults for OT1/cmr/m/n on input line 96.
LaTeX Font Info:    ... okay on input line 96.
LaTeX Font Info:    Checking defaults for T1/cmr/m/n on input line 96.
LaTeX Font Info:    ... okay on input line 96.
LaTeX Font Info:    Checking defaults for TS1/cmr/m/n on input line 96.
LaTeX Font Info:    ... okay on input line 96.
LaTeX Font Info:    Checking defaults for TU/lmr/m/n on input line 96.
LaTeX Font Info:    ... okay on input line 96.
LaTeX Font Info:    Checking defaults for OMX/cmex/m/n on input line 96.
LaTeX Font Info:    ... okay on input line 96.
LaTeX Font Info:    Checking defaults for U/cmr/m/n on input line 96.
LaTeX Font Info:    ... okay on input line 96.
LaTeX Font Info:    Checking defaults for MDA/cmr/m/n on input line 96.
LaTeX Font Info:    Trying to load font information for MDA+cmr on input line 9
6.

(d:/texlive/2020/texmf-dist/tex/latex/mathdesign/mdacmr.fd
File: mdacmr.fd 
)
LaTeX Font Info:    ... okay on input line 96.
LaTeX Font Info:    Checking defaults for MDB/cmr/m/n on input line 96.
LaTeX Font Info:    Trying to load font information for MDB+cmr on input line 9
6.

(d:/texlive/2020/texmf-dist/tex/latex/mathdesign/mdbcmr.fd
File: mdbcmr.fd 
)
LaTeX Font Info:    ... okay on input line 96.
LaTeX Font Info:    Checking defaults for PD1/pdf/m/n on input line 96.
LaTeX Font Info:    ... okay on input line 96.
LaTeX Font Info:    Checking defaults for PU/pdf/m/n on input line 96.
LaTeX Font Info:    ... okay on input line 96.
LaTeX Font Info:    Checking defaults for LG/cmr/m/n on input line 96.
LaTeX Font Info:    Trying to load font information for LG+cmr on input line 96
.

(d:/texlive/2020/texmf-dist/tex/latex/lgreek/LGcmr.fd
File: LGcmr.fd 1995/04/22 v2.3f Standard LaTeX font definitions
)
LaTeX Font Info:    ... okay on input line 96.

ABD: EverySelectfont initializing macros
LaTeX Info: Redefining \selectfont on input line 96.

*geometry* driver: auto-detecting
*geometry* detected driver: xetex
*geometry* verbose mode - [ preamble ] result:
* driver: xetex
* paper: a4paper
* layout: <same size as paper>
* layoutoffset:(h,v)=(0.0pt,0.0pt)
* modes: twoside 
* h-part:(L,W,R)=(56.9055pt, 483.69684pt, 56.90553pt)
* v-part:(T,H,B)=(56.9055pt, 731.23582pt, 56.90552pt)
* \paperwidth=597.50787pt
* \paperheight=845.04684pt
* \textwidth=483.69684pt
* \textheight=731.23582pt
* \oddsidemargin=-15.36449pt
* \evensidemargin=-15.36446pt
* \topmargin=-45.43198pt
* \headheight=12.0pt
* \headsep=18.06749pt
* \topskip=10.0pt
* \footskip=25.29494pt
* \marginparwidth=115.0pt
* \marginparsep=7.0pt
* \columnsep=10.0pt
* \skip\footins=9.0pt plus 4.0pt minus 2.0pt
* \hoffset=0.0pt
* \voffset=0.0pt
* \mag=1000
* \@twocolumnfalse
* \@twosidetrue
* \@mparswitchtrue
* \@reversemarginfalse
* (1in=72.27pt=25.4mm, 1cm=28.453pt)

\AtBeginShipoutBox=\box61
Package hyperref Info: Link coloring ON on input line 96.
(d:/texlive/2020/texmf-dist/tex/latex/hyperref/nameref.sty
Package: nameref 2019/09/16 v2.46 Cross-referencing by name of section

(d:/texlive/2020/texmf-dist/tex/latex/refcount/refcount.sty
Package: refcount 2019/12/15 v3.6 Data extraction from label references (HO)
)
(d:/texlive/2020/texmf-dist/tex/generic/gettitlestring/gettitlestring.sty
Package: gettitlestring 2019/12/15 v1.6 Cleanup title references (HO)
)
\c@section@level=\count326
)
LaTeX Info: Redefining \ref on input line 96.
LaTeX Info: Redefining \pageref on input line 96.
LaTeX Info: Redefining \nameref on input line 96.

(./physical-olympics-2.out) (./physical-olympics-2.out)
\@outlinefile=\write3
\openout3 = `physical-olympics-2.out'.


Option `squaren' provided! 
 Command \squaren defined by SIunits package!

Package caption Info: Begin \AtBeginDocument code.
Package caption Info: float package is loaded.
Package caption Info: wrapfig package is loaded.
Package caption Info: End \AtBeginDocument code.

Package fontspec Info: Could not resolve font "FZYouHeiS/BI" (it probably
(fontspec)             doesn't exist).


Package fontspec Info: Could not resolve font "FZYouHeiS/B" (it probably
(fontspec)             doesn't exist).


Package fontspec Info: Could not resolve font "FZYouHeiS/I" (it probably
(fontspec)             doesn't exist).


Package fontspec Info: Font family 'FZYouHeiS(0)' created for font 'FZYouHeiS'
(fontspec)             with options [Script={CJK}].
(fontspec)              
(fontspec)              This font family consists of the following NFSS
(fontspec)             series/shapes:
(fontspec)              
(fontspec)             - 'normal' (m/n) with NFSS spec.:
(fontspec)             <->"FZYouHeiS/OT:script=hani;language=dflt;"
(fontspec)             - 'small caps'  (m/fsc) with NFSS spec.: 

LaTeX Font Info:    Trying to load font information for OT1+lmr on input line 1
02.
(d:/texlive/2020/texmf-dist/tex/latex/lm/ot1lmr.fd
File: ot1lmr.fd 2009/10/30 v1.6 Font defs for Latin Modern
)
LaTeX Font Info:    Trying to load font information for OML+lmm on input line 1
02.

(d:/texlive/2020/texmf-dist/tex/latex/lm/omllmm.fd
File: omllmm.fd 2009/10/30 v1.6 Font defs for Latin Modern
)
LaTeX Font Info:    Trying to load font information for OMS+lmsy on input line 
102.

(d:/texlive/2020/texmf-dist/tex/latex/lm/omslmsy.fd
File: omslmsy.fd 2009/10/30 v1.6 Font defs for Latin Modern
)
LaTeX Font Info:    Trying to load font information for OMX+lmex on input line 
102.

(d:/texlive/2020/texmf-dist/tex/latex/lm/omxlmex.fd
File: omxlmex.fd 2009/10/30 v1.6 Font defs for Latin Modern
)
LaTeX Font Info:    External font `lmex10' loaded for size
(Font)              <26.09749> on input line 102.
LaTeX Font Info:    External font `lmex10' loaded for size
(Font)              <22.08249> on input line 102.
LaTeX Font Info:    External font `lmex10' loaded for size
(Font)              <16.06> on input line 102.
LaTeX Font Info:    Trying to load font information for OMS+mdbch on input line
 102.

(d:/texlive/2020/texmf-dist/tex/latex/mathdesign/mdbch/omsmdbch.fd
File: omsmdbch.fd 2013/08/29 Fontinst v1.933 font definitions for OMS/mdbch.
)
LaTeX Font Info:    Font shape `OMS/mdbch/m/n' will be
(Font)              scaled to size 25.05376pt on input line 102.
LaTeX Font Info:    Font shape `OMS/mdbch/m/n' will be
(Font)              scaled to size 21.19933pt on input line 102.
LaTeX Font Info:    Font shape `OMS/mdbch/m/n' will be
(Font)              scaled to size 15.4177pt on input line 102.
LaTeX Font Info:    Trying to load font information for OML+mdbch on input line
 102.

(d:/texlive/2020/texmf-dist/tex/latex/mathdesign/mdbch/omlmdbch.fd
File: omlmdbch.fd 2013/08/29 Fontinst v1.933 font definitions for OML/mdbch.
)
LaTeX Font Info:    Font shape `OML/mdbch/m/n' will be
(Font)              scaled to size 25.05376pt on input line 102.
LaTeX Font Info:    Font shape `OML/mdbch/m/n' will be
(Font)              scaled to size 21.19933pt on input line 102.
LaTeX Font Info:    Font shape `OML/mdbch/m/n' will be
(Font)              scaled to size 15.4177pt on input line 102.
LaTeX Font Info:    Trying to load font information for MDA+mdbch on input line
 102.

(d:/texlive/2020/texmf-dist/tex/latex/mathdesign/mdbch/mdamdbch.fd
File: mdamdbch.fd 2013/08/29 Fontinst v1.933 font definitions for MDA/mdbch.
)
LaTeX Font Info:    Font shape `MDA/mdbch/m/n' will be
(Font)              scaled to size 25.05376pt on input line 102.
LaTeX Font Info:    Font shape `MDA/mdbch/m/n' will be
(Font)              scaled to size 21.19933pt on input line 102.
LaTeX Font Info:    Font shape `MDA/mdbch/m/n' will be
(Font)              scaled to size 15.4177pt on input line 102.
LaTeX Font Info:    Trying to load font information for MDB+mdbch on input line
 102.

(d:/texlive/2020/texmf-dist/tex/latex/mathdesign/mdbch/mdbmdbch.fd
File: mdbmdbch.fd 2013/08/29 Fontinst v1.933 font definitions for MDB/mdbch.
)
LaTeX Font Info:    Font shape `MDB/mdbch/m/n' will be
(Font)              scaled to size 25.05376pt on input line 102.
LaTeX Font Info:    Font shape `MDB/mdbch/m/n' will be
(Font)              scaled to size 21.19933pt on input line 102.
LaTeX Font Info:    Font shape `MDB/mdbch/m/n' will be
(Font)              scaled to size 15.4177pt on input line 102.


LaTeX Font Warning: Font shape `OML/eur/m/n' in size <26.09749> not available
(Font)              size <24.88> substituted on input line 102.


LaTeX Font Warning: Font shape `OML/eur/m/n' in size <22.08249> not available
(Font)              size <20.74> substituted on input line 102.


LaTeX Font Warning: Font shape `OML/eur/m/n' in size <16.06> not available
(Font)              size <17.28> substituted on input line 102.

LaTeX Font Info:    External font `lmex10' loaded for size
(Font)              <12.045> on input line 102.
LaTeX Font Info:    External font `lmex10' loaded for size
(Font)              <8> on input line 102.
LaTeX Font Info:    External font `lmex10' loaded for size
(Font)              <6> on input line 102.
LaTeX Font Info:    Font shape `OMS/mdbch/m/n' will be
(Font)              scaled to size 11.56328pt on input line 102.
LaTeX Font Info:    Font shape `OMS/mdbch/m/n' will be
(Font)              scaled to size 7.68005pt on input line 102.
LaTeX Font Info:    Font shape `OMS/mdbch/m/n' will be
(Font)              scaled to size 5.76004pt on input line 102.
LaTeX Font Info:    Font shape `OML/mdbch/m/n' will be
(Font)              scaled to size 11.56328pt on input line 102.
LaTeX Font Info:    Font shape `OML/mdbch/m/n' will be
(Font)              scaled to size 7.68005pt on input line 102.
LaTeX Font Info:    Font shape `OML/mdbch/m/n' will be
(Font)              scaled to size 5.76004pt on input line 102.
LaTeX Font Info:    Font shape `MDA/mdbch/m/n' will be
(Font)              scaled to size 11.56328pt on input line 102.
LaTeX Font Info:    Font shape `MDA/mdbch/m/n' will be
(Font)              scaled to size 7.68005pt on input line 102.
LaTeX Font Info:    Font shape `MDA/mdbch/m/n' will be
(Font)              scaled to size 5.76004pt on input line 102.
LaTeX Font Info:    Font shape `MDB/mdbch/m/n' will be
(Font)              scaled to size 11.56328pt on input line 102.
LaTeX Font Info:    Font shape `MDB/mdbch/m/n' will be
(Font)              scaled to size 7.68005pt on input line 102.
LaTeX Font Info:    Font shape `MDB/mdbch/m/n' will be
(Font)              scaled to size 5.76004pt on input line 102.
[1



]

Package Fancyhdr Warning: \headheight is too small (12.0pt): 
Make it at least 12.64723pt.
We now make it that large for the rest of the document.
This may cause the page layout to be inconsistent, however.

[2

]

LaTeX Font Warning: Font shape `TU/方正聚珍新仿简体(0)/b/n' undefined
(Font)              using `TU/方正聚珍新仿简体(0)/m/n' instead on input line 105.

(./physical-olympics-2.toc
LaTeX Font Info:    External font `lmex10' loaded for size
(Font)              <10.53937> on input line 2.
LaTeX Font Info:    External font `lmex10' loaded for size
(Font)              <7> on input line 2.
LaTeX Font Info:    External font `lmex10' loaded for size
(Font)              <5> on input line 2.
LaTeX Font Info:    Font shape `OMS/mdbch/m/n' will be
(Font)              scaled to size 10.11786pt on input line 2.
LaTeX Font Info:    Font shape `OMS/mdbch/m/n' will be
(Font)              scaled to size 6.72005pt on input line 2.
LaTeX Font Info:    Font shape `OMS/mdbch/m/n' will be
(Font)              scaled to size 4.80003pt on input line 2.
LaTeX Font Info:    Font shape `OML/mdbch/m/n' will be
(Font)              scaled to size 10.11786pt on input line 2.
LaTeX Font Info:    Font shape `OML/mdbch/m/n' will be
(Font)              scaled to size 6.72005pt on input line 2.
LaTeX Font Info:    Font shape `OML/mdbch/m/n' will be
(Font)              scaled to size 4.80003pt on input line 2.
LaTeX Font Info:    Font shape `MDA/mdbch/m/n' will be
(Font)              scaled to size 10.11786pt on input line 2.
LaTeX Font Info:    Font shape `MDA/mdbch/m/n' will be
(Font)              scaled to size 6.72005pt on input line 2.
LaTeX Font Info:    Font shape `MDA/mdbch/m/n' will be
(Font)              scaled to size 4.80003pt on input line 2.
LaTeX Font Info:    Font shape `MDB/mdbch/m/n' will be
(Font)              scaled to size 10.11786pt on input line 2.
LaTeX Font Info:    Font shape `MDB/mdbch/m/n' will be
(Font)              scaled to size 6.72005pt on input line 2.
LaTeX Font Info:    Font shape `MDB/mdbch/m/n' will be
(Font)              scaled to size 4.80003pt on input line 2.


LaTeX Font Warning: Font shape `OML/eur/m/n' in size <10.53937> not available
(Font)              size <10.95> substituted on input line 2.

[1

]

LaTeX Font Warning: Font shape `TU/方正聚珍新仿简体(0)/m/sl' undefined
(Font)              using `TU/方正聚珍新仿简体(0)/m/n' instead on input line 106.

[2])
\tf@toc=\write4
\openout4 = `physical-olympics-2.toc'.

 [3]
\openout2 = `chapter/thermoI.aux'.

 (./chapter/thermoI.tex [4


]
第一章
LaTeX Font Info:    External font `lmex10' loaded for size
(Font)              <7.52812> on input line 6.
LaTeX Font Info:    Font shape `OMS/mdbch/m/n' will be
(Font)              scaled to size 7.22704pt on input line 6.
LaTeX Font Info:    Font shape `OML/mdbch/m/n' will be
(Font)              scaled to size 7.22704pt on input line 6.
LaTeX Font Info:    Font shape `MDA/mdbch/m/n' will be
(Font)              scaled to size 7.22704pt on input line 6.
LaTeX Font Info:    Font shape `MDB/mdbch/m/n' will be
(Font)              scaled to size 7.22704pt on input line 6.

LaTeX Font Warning: Font shape `OML/eur/m/n' in size <7.52812> not available
(Font)              size <8> substituted on input line 6.


Underfull \hbox (badness 1194) in paragraph at lines 6--6
[][][]\TU/方正聚珍新仿简体(0)/m/n/7.52812 注 意\T1/lmr/m/n/7.52812 ,\TU/方正聚珍新仿简体(0)/m/n/7
.52812 一 是 从 微 观 上 看\T1/lmr/m/n/7.52812 ,\TU/方正聚珍新仿简体(0)/m/n/7.52812 组 成 系 统 的 
微 观 粒 子 仍 然 处 于 无 休 无 止 的 运 动 中\T1/lmr/m/n/7.52812 ,\TU/方正聚珍新仿简体(0)/m/n/7.52812
 其 微 观 坐 标 与 速 度 在 发 生 几 急 剧 的 变 化\T1/lmr/m/n/7.52812 ,\TU/方正聚珍新仿简体(0)/m/n/7.52
812 但 平 衡 态 只 对 宏 观 性 质 定
 []


LaTeX Font Warning: Font shape `TU/FZYouHeiS(0)/b/n' undefined
(Font)              using `TU/FZYouHeiS(0)/m/n' instead on input line 8.


Overfull \hbox (0.64665pt too wide) in paragraph at lines 28--29
[]\TU/方正聚珍新仿简体(0)/m/n/10.53937 一 是 热 力 学 第 零 定 律 定 义 了 温 度\T1/lmr/m/n/10.53937 
,\TU/方正聚珍新仿简体(0)/m/n/10.53937 但 它 没 有 量 化 一 个[]温 标[]\T1/lmr/m/n/10.53937 (tempe
rature scale).\TU/方正聚珍新仿简体(0)/m/n/10.53937 如 何 量 化 一 个 温 标 呢\T1/lmr/m/n/10.5393
7 ?\TU/方正聚珍新仿简体(0)/m/n/10.53937 从
 []

[5] [6] [7]
File: image/5-1-1.png Graphic file (type bmp)
<image/5-1-1.png>
 [8]
File: image/5-1-2.png Graphic file (type bmp)
<image/5-1-2.png>
File: image/5-1-3.png Graphic file (type bmp)
<image/5-1-3.png>
 [9]
Overfull \hbox (3.57387pt too wide) in paragraph at lines 160--161
[]\TU/方正聚珍新仿简体(0)/m/n/10.53937 我 们 讨 论 一 下 这 三 个 条 件\T1/lmr/m/n/10.53937 .\TU/方
正聚珍新仿简体(0)/m/n/10.53937 首 先 第 一 个 条 件 的 意 思\T1/lmr/m/n/10.53937 ,\TU/方正聚珍新仿简体(0
)/m/n/10.53937 旨 在 把 理 想 气 体 间 的 作 用 力 当 成[]短 程 力[]\T1/lmr/m/n/10.53937 (short-
range
 []

File: image/5-1-4.png Graphic file (type bmp)
<image/5-1-4.png>
[10]
File: image/5-1-5.png Graphic file (type bmp)
<image/5-1-5.png>
 [11]
Underfull \hbox (badness 1642) in paragraph at lines 223--224
[][]\TU/方正聚珍新仿简体(0)/m/n/10.53937 我 们 接 下 来 考 虑 气 体 的 压 强\T1/lmr/m/n/10.53937 .\
TU/方正聚珍新仿简体(0)/m/n/10.53937 在 这 之 前 我 们 了 解 两 个 概
 []


Underfull \hbox (badness 1253) in paragraph at lines 223--224
\TU/方正聚珍新仿简体(0)/m/n/10.53937 念 是 十 分 有 帮 助 的\T1/lmr/m/n/10.53937 :\TU/方正聚珍新仿简体(
0)/m/n/10.53937 处 于 平 衡 态 的 系 统 可 以 看 成 互 相 达 到 平
 []


Underfull \hbox (badness 1728) in paragraph at lines 223--224
\TU/方正聚珍新仿简体(0)/m/n/10.53937 度 量[]\T1/lmr/m/n/10.53937 (intensive prop-erty) \T
U/方正聚珍新仿简体(0)/m/n/10.53937 都 是 完 全 一 致 的\T1/lmr/m/n/10.53937 ,\TU/方正聚珍新仿简体(0)/m
/n/10.53937 如 理 想 气 体 的 压
 []


Underfull \hbox (badness 10000) in paragraph at lines 223--224

 []


Underfull \hbox (badness 10000) in paragraph at lines 225--226

 []


Underfull \hbox (badness 10000) in paragraph at lines 227--228

 []

[12]
File: image/5-1-6.png Graphic file (type bmp)
<image/5-1-6.png>
 [13]
Overfull \hbox (0.5988pt too wide) in paragraph at lines 304--305
[]\TU/方正聚珍新仿简体(0)/m/n/10.53937 热 容 按 同 样 的 方 法 定 义\T1/lmr/m/n/10.53937 ,\TU/方正聚
珍新仿简体(0)/m/n/10.53937 分 别 称 为 等 体 热 容 和 等 压 热 容[][][][][]\T1/lmr/m/n/10.53937 .
\TU/方正聚珍新仿简体(0)/m/n/10.53937 而[]热 膨 胀 系 数[]\T1/lmr/m/n/10.53937 (thermal ex-pan
-sion co-ef-fi-cient)
 []

[14]
File: image/5-1-7.png Graphic file (type bmp)
<image/5-1-7.png>
 [15]
File: image/5-1-8.png Graphic file (type bmp)
<image/5-1-8.png>
 [16]
File: image/5-1-9.png Graphic file (type bmp)
<image/5-1-9.png>
 [17]
LaTeX Font Info:    Font shape `OMS/mdbch/b/n' will be
(Font)              scaled to size 10.11786pt on input line 416.
LaTeX Font Info:    Font shape `OMS/mdbch/b/n' will be
(Font)              scaled to size 6.72005pt on input line 416.
LaTeX Font Info:    Font shape `OMS/mdbch/b/n' will be
(Font)              scaled to size 4.80003pt on input line 416.
LaTeX Font Info:    Font shape `OML/mdbch/b/n' will be
(Font)              scaled to size 10.11786pt on input line 416.
LaTeX Font Info:    Font shape `OML/mdbch/b/n' will be
(Font)              scaled to size 6.72005pt on input line 416.
LaTeX Font Info:    Font shape `OML/mdbch/b/n' will be
(Font)              scaled to size 4.80003pt on input line 416.
LaTeX Font Info:    Font shape `MDA/mdbch/b/n' will be
(Font)              scaled to size 10.11786pt on input line 416.
LaTeX Font Info:    Font shape `MDA/mdbch/b/n' will be
(Font)              scaled to size 6.72005pt on input line 416.
LaTeX Font Info:    Font shape `MDA/mdbch/b/n' will be
(Font)              scaled to size 4.80003pt on input line 416.
LaTeX Font Info:    Font shape `MDB/mdbch/b/n' will be
(Font)              scaled to size 10.11786pt on input line 416.
LaTeX Font Info:    Font shape `MDB/mdbch/b/n' will be
(Font)              scaled to size 6.72005pt on input line 416.
LaTeX Font Info:    Font shape `MDB/mdbch/b/n' will be
(Font)              scaled to size 4.80003pt on input line 416.


Package hyperref Warning: Token not allowed in a PDF string (Unicode):
(hyperref)                removing `\@ifnextchar' on input line 418.


Package hyperref Warning: Token not allowed in a PDF string (Unicode):
(hyperref)                removing `\leavevmode@ifvmode' on input line 418.


Package hyperref Warning: Token not allowed in a PDF string (Unicode):
(hyperref)                \kern 1.75693pt
(hyperref)                removed on input line 418.

File: image/5-1-10.png Graphic file (type bmp)
<image/5-1-10.png>
[18]

Package hyperref Warning: Token not allowed in a PDF string (Unicode):
(hyperref)                removing `\@ifnextchar' on input line 461.


Package hyperref Warning: Token not allowed in a PDF string (Unicode):
(hyperref)                removing `\leavevmode@ifvmode' on input line 461.


Package hyperref Warning: Token not allowed in a PDF string (Unicode):
(hyperref)                \kern 1.75693pt
(hyperref)                removed on input line 461.


Overfull \hbox (20.52441pt too wide) in paragraph at lines 462--463
[]\TU/方正聚珍新仿简体(0)/m/n/10.53937 我 们 把 流 体 力 学 里 讨 论 的[]伯 努 利 方 程[]\T1/lmr/m/n/10
.53937 (Bernoulli Equa-tion) \TU/方正聚珍新仿简体(0)/m/n/10.53937 推 广 到 热 力 学 中\T1/lmr/
m/n/10.53937 .\TU/方正聚珍新仿简体(0)/m/n/10.53937 它 适 用 条 件 为[]定 常 流 动[]\T1/lmr/m/n/10
.53937 (steady
 []

File: image/5-1-11.png Graphic file (type bmp)
<image/5-1-11.png>
[19]

Package hyperref Warning: Token not allowed in a PDF string (Unicode):
(hyperref)                removing `\@ifnextchar' on input line 498.


Package hyperref Warning: Token not allowed in a PDF string (Unicode):
(hyperref)                removing `\leavevmode@ifvmode' on input line 498.


Package hyperref Warning: Token not allowed in a PDF string (Unicode):
(hyperref)                \kern 1.75693pt
(hyperref)                removed on input line 498.

File: image/5-1-12.png Graphic file (type bmp)
<image/5-1-12.png>
[20]) [21]
\openout2 = `chapter/thermoII.aux'.

 (./chapter/thermoII.tex [22



]
第二章
File: image/5-2-1.png Graphic file (type bmp)
<image/5-2-1.png>
File: image/5-2-2.jpg Graphic file (type bmp)
<image/5-2-2.jpg>
[23] [24]
File: image/5-2-3.png Graphic file (type bmp)
<image/5-2-3.png>
File: image/5-2-4.png Graphic file (type bmp)
<image/5-2-4.png>
File: image/5-2-5.png Graphic file (type bmp)
<image/5-2-5.png>

Overfull \hbox (1.06439pt too wide) in paragraph at lines 52--53
[]\TU/方正聚珍新仿简体(0)/m/n/10.53937 而 对 于 热 泵 的[]性 能 系 数[]\T1/lmr/m/n/10.53937 (coef
ficient of per-for-mance),\TU/方正聚珍新仿简体(0)/m/n/10.53937 需
 []

[25]
File: image/5-2-6.png Graphic file (type bmp)
<image/5-2-6.png>
File: image/5-2-7.png Graphic file (type bmp)
<image/5-2-7.png>
 [26]
File: image/5-2-8.png Graphic file (type bmp)
<image/5-2-8.png>

Underfull \hbox (badness 1968) in paragraph at lines 112--117
\TU/方正聚珍新仿简体(0)/m/n/10.53937 料 能 够 燃 烧\T1/lmr/m/n/10.53937 ,\TU/方正聚珍新仿简体(0)/m/n
/10.53937 而 缓 慢 注 入 燃 料 以 使 得 燃 烧 充 分\T1/lmr/m/n/10.53937 .\TU/方正聚珍新仿简体(0)/m/n/
10.53937 这 样\T1/lmr/m/n/10.53937 ,\TU/方正聚珍新仿简体(0)/m/n/10.53937 典 型 的 迪 塞 尔 循 环 
可 以 认 为 是 这 样 四 个 过 程\T1/lmr/m/n/10.53937 :
 []

File: image/5-2-9.png Graphic file (type bmp)
<image/5-2-9.png>
[27]
File: image/5-2-10.png Graphic file (type bmp)
<image/5-2-10.png>

Underfull \hbox (badness 10000) in paragraph at lines 158--164
\TU/方正聚珍新仿简体(0)/m/n/10.53937 关\T1/lmr/m/n/10.53937 .\TU/方正聚珍新仿简体(0)/m/n/10.5393
7 对 于 理 想 气 体\T1/lmr/m/n/10.53937 ,\TU/方正聚珍新仿简体(0)/m/n/10.53937 卡 诺 循 环 意 味 着 其
 吸 放 热 都 发 生 在 与 两 个 恒 温 热 源 做 等 温 接 触 的 过 程 中\T1/lmr/m/n/10.53937 .
 []

File: image/5-2-11.png Graphic file (type bmp)
<image/5-2-11.png>
[28]
File: image/5-2-12.png Graphic file (type bmp)
<image/5-2-12.png>
 [29]
File: image/5-2-13.png Graphic file (type bmp)
<image/5-2-13.png>
 [30]
File: image/5-2-14.png Graphic file (type bmp)
<image/5-2-14.png>
 [31] [32] [33]
File: image/5-2-15.png Graphic file (type bmp)
<image/5-2-15.png>
File: image/5-2-16.png Graphic file (type bmp)
<image/5-2-16.png>
 [34]
Underfull \hbox (badness 1509) in paragraph at lines 392--393
[][]\TU/方正聚珍新仿简体(0)/m/n/10.53937 熵 是 广 延 量\T1/lmr/m/n/10.53937 ,\TU/方正聚珍新仿简体(0)
/m/n/10.53937 混 合 理 想 气 体 的 熵 满 足[]吉 布 斯 定 理[]\T1/lmr/m/n/10.53937 (Gibbs' the-
o-
 []

[35]
Missing character: There is no 在 in font ec-lmr10!
 [36]
File: image/5-2-17.png Graphic file (type bmp)
<image/5-2-17.png>
 [37]
File: image/5-2-18.png Graphic file (type bmp)
<image/5-2-18.png>
 [38] [39]
File: image/5-2-19.png Graphic file (type bmp)
<image/5-2-19.png>
 [40] [41] [42] [43]
File: image/5-2-20.png Graphic file (type bmp)
<image/5-2-20.png>
 [44]
LaTeX Font Info:    Trying to load font information for U+eus on input line 742
.

(d:/texlive/2020/texmf-dist/tex/latex/amsfonts/ueus.fd
File: ueus.fd 2013/01/14 v3.01 Euler Script
) [45]
Overfull \hbox (16.55255pt too wide) in paragraph at lines 747--748
\TU/方正聚珍新仿简体(0)/m/n/10.53937 电 荷\T1/lmr/m/n/10.53937 ,\TU/方正聚珍新仿简体(0)/m/n/10.53
937 如 $\OML/mdbch/m/n/10.53937 n$ \TU/方正聚珍新仿简体(0)/m/n/10.53937 型 半 导 体\T1/lmr/m
/n/10.53937 ,\TU/方正聚珍新仿简体(0)/m/n/10.53937 相 反 的 系 数 就 为 负\T1/lmr/m/n/10.53937 .
\TU/方正聚珍新仿简体(0)/m/n/10.53937 金 属 的 塞 贝 克 系 数 就 都 是 负 的\T1/lmr/m/n/10.53937 .\TU
/方正聚珍新仿简体(0)/m/n/10.53937 由 此 现 象 制 作 的[]热 电 偶[]\T1/lmr/m/n/10.53937 (thermocou
ple)
 []

File: image/5-2-21.png Graphic file (type bmp)
<image/5-2-21.png>
[46] [47] [48]) [49]
\openout2 = `chapter/liquidsolid.aux'.

 (./chapter/liquidsolid.tex [50



]
第三章
File: image/5-3-2.png Graphic file (type bmp)
<image/5-3-2.png>

Underfull \hbox (badness 1715) in paragraph at lines 15--16
\TU/方正聚珍新仿简体(0)/m/n/10.53937 子\T1/lmr/m/n/10.53937 ,\TU/方正聚珍新仿简体(0)/m/n/10.5393
7 或 者 离 子 应 体 现 出 大 范 围 的 空 间 周 期 性\T1/lmr/m/n/10.53937 .\TU/方正聚珍新仿简体(0)/m/n/10
.53937 如 图[][]\T1/lmr/m/n/10.53937 3.1[][]\TU/方正聚珍新仿简体(0)/m/n/10.53937 所
 []

[51]
File: image/5-3-4.png Graphic file (type bmp)
<image/5-3-4.png>
 [52]
Overfull \hbox (8.28827pt too wide) in paragraph at lines 68--69
[]\T1/lmr/m/n/10.53937 4.\TU/方正聚珍新仿简体(0)/m/n/10.53937 最 后\T1/lmr/m/n/10.53937 ,
\TU/方正聚珍新仿简体(0)/m/n/10.53937 晶 格 热 容 低 温 下 杜 隆\T1/lmr/m/n/10.53937 -\TU/方正聚珍新仿简
体(0)/m/n/10.53937 裴 替 定 律 也 会 失 效\T1/lmr/m/n/10.53937 .\TU/方正聚珍新仿简体(0)/m/n/10.5
3937 也 是 与 量 子 效 应 有 关\T1/lmr/m/n/10.53937 .\TU/方正聚珍新仿简体(0)/m/n/10.53937 典 型 的 
温 度 称 作[]德 拜 温 度[]\T1/lmr/m/n/10.53937 (Debye
 []

File: image/5-3-5.png Graphic file (type bmp)
<image/5-3-5.png>
[53]
LaTeX Font Info:    Font shape `OMS/mdbch/b/n' will be
(Font)              scaled to size 7.22704pt on input line 122.
LaTeX Font Info:    Font shape `OML/mdbch/b/n' will be
(Font)              scaled to size 7.22704pt on input line 122.
LaTeX Font Info:    Font shape `MDA/mdbch/b/n' will be
(Font)              scaled to size 7.22704pt on input line 122.
LaTeX Font Info:    Font shape `MDB/mdbch/b/n' will be
(Font)              scaled to size 7.22704pt on input line 122.
 [54]
File: image/5-3-7.png Graphic file (type bmp)
<image/5-3-7.png>
 [55] [56]
Overfull \hbox (8.40367pt too wide) in paragraph at lines 197--198
\TU/方正聚珍新仿简体(0)/m/n/10.53937 作 用 而 采 取 平 均 场 论 的 思 想 得 到 的 结 果 一 致 的 结 果\T1/lmr
/m/n/10.53937 , \TU/方正聚珍新仿简体(0)/m/n/10.53937 它 的 下 一 步 是 考 虑 能 量 尺 度 较 低 下 的[]元
 激 发[]\T1/lmr/m/n/10.53937 (elementary
 []

[57] [58] [59]
File: image/5-3-1.png Graphic file (type bmp)
<image/5-3-1.png>

Underfull \hbox (badness 1014) in paragraph at lines 320--321
[][]\TU/方正聚珍新仿简体(0)/m/n/10.53937 液 体 在 很 多 方 面 与 气 体 相 似\T1/lmr/m/n/10.53937 ,\
TU/方正聚珍新仿简体(0)/m/n/10.53937 而 与 固 体 区 分 来 开\T1/lmr/m/n/10.53937 .\TU/方正聚珍新仿简体(0
)/m/n/10.53937 具 体 来
 []

File: image/5-3-8.png Graphic file (type bmp)
<image/5-3-8.png>
[60] [61] [62]) [63]
\openout2 = `chapter/phasechange.aux'.

 (./chapter/phasechange.tex [64



]
第四章
File: image/5-3-6.png Graphic file (type bmp)
<image/5-3-6.png>
[65]) [66]
\openout2 = `chapter/maxwell.aux'.

 (./chapter/maxwell.tex
第五章

Package fontspec Info: Could not resolve font "FangSong/BI" (it probably
(fontspec)             doesn't exist).


Package fontspec Info: Could not resolve font "FangSong/B" (it probably
(fontspec)             doesn't exist).


Package fontspec Info: Could not resolve font "FangSong/I" (it probably
(fontspec)             doesn't exist).

LaTeX Font Info:    Trying to load font information for T1+lmtt on input line 2
2.
(d:/texlive/2020/texmf-dist/tex/latex/lm/t1lmtt.fd
File: t1lmtt.fd 2009/10/30 v1.6 Font defs for Latin Modern
)

Package fontspec Info: Font family 'FangSong(0)' created for font 'FangSong'
(fontspec)             with options [Script={CJK}].
(fontspec)              
(fontspec)              This font family consists of the following NFSS
(fontspec)             series/shapes:
(fontspec)              
(fontspec)             - 'normal' (m/n) with NFSS spec.:
(fontspec)             <->"FangSong/OT:script=hani;language=dflt;"
(fontspec)             - 'small caps'  (m/fsc) with NFSS spec.: 

 [67



] [68]
Overfull \hbox (20.46727pt too wide) in paragraph at lines 86--87
[]\TU/方正聚珍新仿简体(0)/m/n/10.53937 如 何 理 解 这 一 点\T1/lmr/m/n/10.53937 ?\TU/方正聚珍新仿简体(
0)/m/n/10.53937 我 们 再 定 义 另 一 个 随 机 变 量 的 数 字 特 征\T1/lmr/m/n/10.53937 :[]\TU/方正
聚珍新仿简体(0)/m/n/10.53937 方 差[]\T1/lmr/m/n/10.53937 (variance),\TU/方正聚珍新仿简体(0)/m/n
/10.53937 物 理 上 称 为[]涨 落[]\T1/lmr/m/n/10.53937 (fluctuation),\TU/方正聚珍新仿简体(0)/m/
n/10.53937 数
 []

[69] [70] [71] [72] [73] [74]) [75]
\openout2 = `chapter/goptics.aux'.

 (./chapter/goptics.tex [76



]
第六章
File: image/5-6-1.png Graphic file (type bmp)
<image/5-6-1.png>
File: image/5-6-2.png Graphic file (type bmp)
<image/5-6-2.png>

Overfull \hbox (28.45276pt too wide) in paragraph at lines 17--18
 [][] 
 []

[77]
File: image/5-6-3.png Graphic file (type bmp)
<image/5-6-3.png>

Underfull \vbox (badness 4403) has occurred while \output is active []

 [78]
Overfull \hbox (28.07893pt too wide) in paragraph at lines 51--52
[]\TU/方正聚珍新仿简体(0)/m/n/10.53937 也 就 是 说\T1/lmr/m/n/10.53937 ,\TU/方正聚珍新仿简体(0)/m/n
/10.53937 在 几 何 光 学 研 究 中\T1/lmr/m/n/10.53937 ,\TU/方正聚珍新仿简体(0)/m/n/10.53937 光 线
 是 表\T1/lmr/m/n/10.53937 ,\TU/方正聚珍新仿简体(0)/m/n/10.53937 其 实 作 为 电 磁 场 的 光 波 才 是 
里\T1/lmr/m/n/10.53937 .\TU/方正聚珍新仿简体(0)/m/n/10.53937 光 在 两 种 介 质 表 面 的[]反 射[]\T1
/lmr/m/n/10.53937 (reflection)
 []

File: image/5-6-4.png Graphic file (type bmp)
<image/5-6-4.png>

Overfull \hbox (28.45276pt too wide) in paragraph at lines 58--59
 [][] 
 []


Overfull \hbox (2.679pt too wide) in paragraph at lines 63--64
[]\TU/方正聚珍新仿简体(0)/m/n/10.53937 横 电 波[]\T1/lmr/m/n/10.53937 (TE wave),\TU/方正聚珍新仿
简体(0)/m/n/10.53937 即 垂 直 偏 振 波 \T1/lmr/m/n/10.53937 (s[][][][][]-wave,s-polariz
ed
 []


Overfull \hbox (8.56366pt too wide) in paragraph at lines 64--65
[]\TU/方正聚珍新仿简体(0)/m/n/10.53937 横 磁 波[]\T1/lmr/m/n/10.53937 (TM wave),\TU/方正聚珍新仿
简体(0)/m/n/10.53937 即 平 行 偏 振 波 \T1/lmr/m/n/10.53937 (p[][][][][]-wave,p-polariz
ed
 []

[79]
File: image/5-6-5.png Graphic file (type bmp)
<image/5-6-5.png>
 [80]
File: image/5-6-6.png Graphic file (type bmp)
<image/5-6-6.png>
 [81]
File: image/5-6-7.png Graphic file (type bmp)
<image/5-6-7.png>

Overfull \hbox (28.45276pt too wide) in paragraph at lines 148--150
 [][] 
 []

[82]
File: image/5-6-8.png Graphic file (type bmp)
<image/5-6-8.png>
File: image/5-6-9.png Graphic file (type bmp)
<image/5-6-9.png>
 [83] [84]
File: image/5-6-10.png Graphic file (type bmp)
<image/5-6-10.png>
File: image/5-6-11.png Graphic file (type bmp)
<image/5-6-11.png>
 [85]) [86]
\openout2 = `chapter/opticals.aux'.

 (./chapter/opticals.tex
第七章
File: image/5-7-1.png Graphic file (type bmp)
<image/5-7-1.png>
File: image/5-7-2.png Graphic file (type bmp)
<image/5-7-2.png>

Underfull \hbox (badness 1308) in paragraph at lines 33--34
\TU/方正聚珍新仿简体(0)/m/n/10.53937 概 念\T1/lmr/m/n/10.53937 .\TU/方正聚珍新仿简体(0)/m/n/10.53
937 在 一 般 的 光 学 系 统 中\T1/lmr/m/n/10.53937 ,\TU/方正聚珍新仿简体(0)/m/n/10.53937 光 路 都 是
 傍 轴 的\T1/lmr/m/n/10.53937 .\TU/方正聚珍新仿简体(0)/m/n/10.53937 即 满 足[]傍
 []


Underfull \hbox (badness 2707) in paragraph at lines 33--34
\TU/方正聚珍新仿简体(0)/m/n/10.53937 轴 条 件[]\T1/lmr/m/n/10.53937 (paraxial con-di-tion)
:\TU/方正聚珍新仿简体(0)/m/n/10.53937 有 一 条 中 心 光 线 作 为[]主 光
 []

[87



]
File: image/5-7-3.png Graphic file (type bmp)
<image/5-7-3.png>
 [88]
File: image/5-7-4.png Graphic file (type bmp)
<image/5-7-4.png>

Underfull \hbox (badness 5954) in paragraph at lines 78--79
\TU/方正聚珍新仿简体(0)/m/n/10.53937 时 意 味 着 入 射\T1/lmr/m/n/10.53937 ,\TU/方正聚珍新仿简体(0)/m
/n/10.53937 出 射 光 成 为 了[]平 行 光[]\T1/lmr/m/n/10.53937 (collimated
 []

[89]
File: image/5-7-5.png Graphic file (type bmp)
<image/5-7-5.png>
File: image/5-7-6.png Graphic file (type bmp)
<image/5-7-6.png>
 [90] [91]
File: image/5-7-7.png Graphic file (type bmp)
<image/5-7-7.png>
 [92]
File: image/5-7-8.png Graphic file (type bmp)
<image/5-7-8.png>
File: image/5-7-9.png Graphic file (type bmp)
<image/5-7-9.png>
 [93]
File: image/5-7-10.png Graphic file (type bmp)
<image/5-7-10.png>
File: image/5-7-11.png Graphic file (type bmp)
<image/5-7-11.png>

Underfull \hbox (badness 2126) in paragraph at lines 276--277
[][]\TU/方正聚珍新仿简体(0)/m/n/10.53937 而 对 于 更 复 杂 而 常 见 的 厚 透 镜 系 统\T1/lmr/m/n/10.53
937 ,\TU/方正聚珍新仿简体(0)/m/n/10.53937 一 般 我
 []


Underfull \hbox (badness 3039) in paragraph at lines 276--277
\TU/方正聚珍新仿简体(0)/m/n/10.53937 们 做 如 图 所 示 的 分 类\T1/lmr/m/n/10.53937 .\TU/方正聚珍新仿简
体(0)/m/n/10.53937 即 分 为[]双 凸 透 镜[]\T1/lmr/m/n/10.53937 (biconvex
 []


Overfull \hbox (12.30432pt too wide) in paragraph at lines 276--277
\T1/lmr/m/n/10.53937 lens),[]\TU/方正聚珍新仿简体(0)/m/n/10.53937 双 凹 透 镜[]\T1/lmr/m/n/
10.53937 (biconcave lens),[]\TU/方正聚珍新仿简体(0)/m/n/10.53937 平 凸 透 镜[]\T1/lmr/m/n/1
0.53937 (planoconvex
 []


Overfull \hbox (18.51076pt too wide) in paragraph at lines 276--277
\T1/lmr/m/n/10.53937 lens),[]\TU/方正聚珍新仿简体(0)/m/n/10.53937 平 凹 透 镜[]\T1/lmr/m/n/
10.53937 (planoconcave lens),[]\TU/方正聚珍新仿简体(0)/m/n/10.53937 正 弯 月 透 镜[]\T1/lmr/
m/n/10.53937 (positive
 []


Underfull \hbox (badness 1173) in paragraph at lines 276--277
\T1/lmr/m/n/10.53937 menis-cus lens) \TU/方正聚珍新仿简体(0)/m/n/10.53937 与[]负 弯 月 透 镜[
]\T1/lmr/m/n/10.53937 (negative menis-cus
 []

[94]
File: image/5-7-12.png Graphic file (type bmp)
<image/5-7-12.png>

Underfull \vbox (badness 2042) has occurred while \output is active []

 [95]
File: image/5-7-13.png Graphic file (type bmp)
<image/5-7-13.png>

[96] [97]) [98]
\openout2 = `chapter/opticalp.aux'.

 (./chapter/opticalp.tex
第八章
File: image/5-8-1.png Graphic file (type bmp)
<image/5-8-1.png>
[99



]
File: image/5-8-2.png Graphic file (type bmp)
<image/5-8-2.png>
File: image/5-8-3.png Graphic file (type bmp)
<image/5-8-3.png>
 [100]
File: image/5-8-4.png Graphic file (type bmp)
<image/5-8-4.png>
 [101]
Overfull \hbox (13.72008pt too wide) in paragraph at lines 75--76
[]\TU/方正聚珍新仿简体(0)/m/n/10.53937 并 不 是 色 度 图 上 每 一 个 点 都 代 表 实 际 的 某 种 光 产 生 的 三 
激 励 值\T1/lmr/m/n/10.53937 . \TU/方正聚珍新仿简体(0)/m/n/10.53937 而 是 分 布 在 一 个 舌 形 的[]视
 觉 色 域[]\T1/lmr/m/n/10.53937 (gamut
 []


Overfull \hbox (4.80002pt too wide) in paragraph at lines 84--85
\T1/lmr/m/n/10.53937 1931CIE \TU/方正聚珍新仿简体(0)/m/n/10.53937 标 准 中 选 取 的 三 原 色 均 来
 自 可 见 光 谱 的 红 绿 蓝 三 种 单 色 光\T1/lmr/m/n/10.53937 , \TU/方正聚珍新仿简体(0)/m/n/10.53937
 波 长 分 别 为 $\OT1/lmr/m/n/10.53937 700[]\OML/lmm/m/it/10.53937 ;  \OT1/lmr/m/n/1
0.53937 546\OML/lmm/m/it/10.53937 :\OT1/lmr/m/n/10.53937 1[]\OML/lmm/m/it/10.53
937 ;  \OT1/lmr/m/n/10.53937 435\OML/lmm/m/it/10.53937 :\OT1/lmr/m/n/10.53937 8
[]$\T1/lmr/m/n/10.53937 ,
 []

File: image/5-8-5.png Graphic file (type bmp)
<image/5-8-5.png>
[102]
Overfull \hbox (1.16673pt too wide) in paragraph at lines 112--113
[]\TU/方正聚珍新仿简体(0)/m/n/10.53937 这 其 实 就 是 说\T1/lmr/m/n/10.53937 , \TU/方正聚珍新仿简体(0
)/m/n/10.53937 如 果 一 个 频 率 为 $\OT1/lmr/m/n/10.53937 540 \OMS/lmsy/m/n/10.53937 
^^B \OT1/lmr/m/n/10.53937 10[][]$ \TU/方正聚珍新仿简体(0)/m/n/10.53937 的 单 色 点 光 源 向 四 
面 八 方 均 匀 发 光\T1/lmr/m/n/10.53937 , \TU/方正聚珍新仿简体(0)/m/n/10.53937 辐 射 强 度 为 $\OT
1/lmr/m/n/10.53937 1[]$\T1/lmr/m/n/10.53937 (\TU/方正聚珍新仿简体(0)/m/n/10.53937 即
 []

File: image/5-8-6.png Graphic file (type bmp)
<image/5-8-6.png>
LaTeX Font Info:    Font shape `U/xmdeuf/m/n' will be
(Font)              scaled to size 10.19151pt on input line 122.
LaTeX Font Info:    Font shape `U/xmdeuf/m/n' will be
(Font)              scaled to size 6.76897pt on input line 122.
LaTeX Font Info:    Font shape `U/xmdeuf/m/n' will be
(Font)              scaled to size 4.83498pt on input line 122.
LaTeX Font Info:    Font shape `U/xmdeuf/m/n' will be
(Font)              scaled to size 7.27965pt on input line 123.

Underfull \vbox (badness 1092) has occurred while \output is active []

 [103]
[104] [105] [106]) [107]
Package atveryend Info: Empty hook `BeforeClearDocument' on input line 138.
Package atveryend Info: Empty hook `AfterLastShipout' on input line 138.
 (./physical-olympics-2.aux (./chapter/thermoI.aux)
(./chapter/thermoII.aux) (./chapter/liquidsolid.aux) (./chapter/phasechange.aux
) (./chapter/maxwell.aux) (./chapter/goptics.aux) (./chapter/opticals.aux)
(./chapter/opticalp.aux))
Package atveryend Info: Empty hook `AtVeryEndDocument' on input line 138.
Package atveryend Info: Executing hook `AtEndAfterFileList' on input line 138.
Package rerunfilecheck Info: File `physical-olympics-2.out' has not changed.
(rerunfilecheck)             Checksum: DE017119872FBFCCB4D66ECCF73BD1DF;9933.


LaTeX Font Warning: Size substitutions with differences
(Font)              up to 1.34248pt have occurred.


LaTeX Font Warning: Some font shapes were not available, defaults substituted.

Package atveryend Info: Empty hook `AtVeryVeryEnd' on input line 138.
 ) 
Here is how much of TeX's memory you used:
 22103 strings out of 479681
 429322 string characters out of 5891991
 742764 words of memory out of 5000000
 38770 multiletter control sequences out of 15000+600000
 664663 words of font info for 213 fonts, out of 8000000 for 9000
 1348 hyphenation exceptions out of 8191
 55i,13n,97p,979b,538s stack positions out of 5000i,500n,10000p,200000b,80000s

Output written on physical-olympics-2.xdv (109 pages, 1486916 bytes).
