\BOOKMARK [0][-]{chapter.1}{\376\377\227\131\165\065\133\146}{}% 1
\BOOKMARK [1][-]{section.1.1}{\376\377\165\065\203\167\116\016\165\065\127\072}{chapter.1}% 2
\BOOKMARK [2][-]{subsection.1.1.1}{\376\377\165\065\170\301\166\370\116\222\117\134\165\050\116\016\165\065\203\167}{section.1.1}% 3
\BOOKMARK [2][-]{subsection.1.1.2}{\376\377\136\223\116\321\133\232\137\213}{section.1.1}% 4
\BOOKMARK [2][-]{subsection.1.1.3}{\376\377\165\065\127\072}{section.1.1}% 5
\BOOKMARK [1][-]{section.1.2}{\376\377\116\044\116\052\133\232\137\213\116\016\165\065\122\277}{chapter.1}% 6
\BOOKMARK [2][-]{subsection.1.2.1}{\376\377\165\065\127\072\166\204\232\330\145\257\133\232\137\213}{section.1.2}% 7
\BOOKMARK [2][-]{subsection.1.2.2}{\376\377\165\065\122\277\116\016\165\065\127\072\166\204\163\257\215\357\133\232\137\213}{section.1.2}% 8
\BOOKMARK [2][-]{subsection.1.2.3}{\376\377\140\073\176\323}{section.1.2}% 9
\BOOKMARK [1][-]{section.1.3}{\376\377\227\131\165\065\200\375}{chapter.1}% 10
\BOOKMARK [2][-]{subsection.1.3.1}{\376\377\227\131\165\065\122\277\200\375}{section.1.3}% 11
\BOOKMARK [2][-]{subsection.1.3.2}{\376\377\201\352\200\375\116\016\166\370\116\222\117\134\165\050\200\375}{section.1.3}% 12
\BOOKMARK [2][-]{subsection.1.3.3}{\376\377\165\065\127\072\200\375}{section.1.3}% 13
\BOOKMARK [1][-]{section.1.4}{\376\377\165\065\203\167\117\123\174\373}{chapter.1}% 14
\BOOKMARK [2][-]{subsection.1.4.1}{\376\377\165\065\120\166\147\201\133\120}{section.1.4}% 15
\BOOKMARK [2][-]{subsection.1.4.2}{\376\377\165\065\203\167\133\306\136\246}{section.1.4}% 16
\BOOKMARK [2][-]{subsection.1.4.3}{\376\377\147\201\123\026\137\072\136\246}{section.1.4}% 17
\BOOKMARK [2][-]{subsection.1.4.4}{\376\377\202\345\136\162\133\371\171\360\136\046\165\065\117\123\174\373\166\204\127\072}{section.1.4}% 18
\BOOKMARK [0][-]{chapter.2}{\376\377\133\374\117\123\116\016\116\313\215\050}{}% 19
\BOOKMARK [1][-]{section.2.1}{\376\377\133\374\117\123\116\016\227\131\165\065\136\163\210\141}{chapter.2}% 20
\BOOKMARK [2][-]{subsection.2.1.1}{\376\377\176\335\177\030\117\123\116\016\133\374\117\123}{section.2.1}% 21
\BOOKMARK [2][-]{subsection.2.1.2}{\376\377\133\374\117\123\166\204\162\171\160\271}{section.2.1}% 22
\BOOKMARK [2][-]{subsection.2.1.3}{\376\377\136\070\211\301\173\200\123\125\117\123\174\373}{section.2.1}% 23
\BOOKMARK [1][-]{section.2.2}{\376\377\165\065\120\317\154\325}{chapter.2}% 24
\BOOKMARK [2][-]{subsection.2.2.1}{\376\377\123\112\145\340\226\120\131\047\172\172\225\364\166\204\165\065\120\317\154\325}{section.2.2}% 25
\BOOKMARK [2][-]{subsection.2.2.2}{\376\377\164\003\227\142\131\026\116\016\164\003\227\142\121\205\166\204\165\065\120\317\154\325}{section.2.2}% 26
