This is XeTeX, Version 3.14159265-2.6-0.999992 (TeX Live 2020/W32TeX) (preloaded format=xelatex 2020.4.15)  23 FEB 2022 17:04
entering extended mode
 restricted \write18 enabled.
 %&-line parsing enabled.
**Physics_XES_II.tex
(./Physics_XES_II.tex
LaTeX2e <2020-02-02> patch level 5
L3 programming layer <2020-04-06> (./krantz.cls
Document Class: krantz 2005/09/16 v1.4f Standard LaTeX document class
(c:/texlive/2020/texmf-dist/tex/latex/base/bk10.clo
File: bk10.clo 2019/12/20 v1.4l Standard LaTeX file (size option)
)
\trimheight=\dimen134
\trimwidth=\dimen135
\normaltextheight=\dimen136
\tempa=\dimen137
\tempdimen=\dimen138
\htrim=\dimen139
\vtrimtop=\dimen140
\vtrimbot=\dimen141
\ul@box=\box45
\ur@box=\box46
\ll@box=\box47
\lr@box=\box48
\@cipboxa=\box49
\@cipboxb=\box50
\@ciprulewidth=\dimen142
\c@part=\count163
\c@chapter=\count164
\c@section=\count165
\c@subsection=\count166
\c@subsubsection=\count167
\c@paragraph=\count168
\c@subparagraph=\count169
\@chaptoc=\write3
\secwd=\dimen143
\subsecwd=\dimen144
\subsubsecwd=\dimen145
\c@figure=\count170
\c@table=\count171
\abovecaptionskip=\skip47
\belowcaptionskip=\skip48
\c@numauthors=\count172
\section@toc@skip=\skip49
\SectionTOCWidth=\skip50
\subsection@toc@skip=\skip51
\SubSectionTOCWidth=\skip52
\subsubsection@toc@skip=\skip53
\SubSubSectionTOCWidth=\skip54
\paragraph@toc@skip=\skip55
\ParagraphTOCWidth=\skip56
\subparagraph@toc@skip=\skip57
\@AUonebox=\box51
\@AUtwobox=\box52
\@AUthreebox=\box53
\@AUfourbox=\box54
\@AUaffonebox=\box55
\@AUafftwobox=\box56
\@AUaffthreebox=\box57
\@AUafffourbox=\box58
\@finalAUboxfromone=\box59
\@finalAUboxfromtwo=\box60
\@finalAUboxfromthree=\box61
\@finalAUboxfromfour=\box62
\c@chaptocdepth=\count173
\bibindent=\dimen146
\tempbox=\box63
\nomenwidth=\dimen147
\@tablebox=\box64
\@tabletitlebox=\box65
\@tablewidth=\dimen148
\@tabletitlewidth=\dimen149
\max@tablewidth=\dimen150
\tempbox=\box66
\tempdimen=\dimen151
\tempbox=\box67
\notewidth=\dimen152
\wherebox=\box68
\wherewidth=\dimen153
\listtextleftmargin=\skip58
\listtextleftmarginii=\skip59
\listtextleftmarginiii=\skip60
\listtextrightmargin=\skip61
\listlabelleftskip=\skip62
\listlabelleftskipii=\skip63
\listlabelleftskipiii=\skip64
\abovelistskipi=\skip65
\belowlistskipi=\skip66
\abovelistskipii=\skip67
\belowlistskipii=\skip68
\abovelistskipiii=\skip69
\belowlistskipiii=\skip70
\labelsepi=\skip71
\labelsepii=\skip72
\labelsepiii=\skip73
\itemsepi=\skip74
\itemsepii=\skip75
\itemsepiii=\skip76
\enumdimwd=\dimen154
\enumdim=\dimen155
\concolwidth=\dimen156
\stempbox=\box69
)
(c:/texlive/2020/texmf-dist/tex/xelatex/xecjk/xeCJK.sty
(c:/texlive/2020/texmf-dist/tex/latex/l3kernel/expl3.sty
Package: expl3 2020-04-06 L3 programming layer (loader) 

(c:/texlive/2020/texmf-dist/tex/latex/l3backend/l3backend-xdvipdfmx.def
File: l3backend-xdvipdfmx.def 2020-03-12 L3 backend support: xdvipdfmx
\g__graphics_track_int=\count174
\l__pdf_internal_box=\box70
\g__pdf_backend_object_int=\count175
\g__pdf_backend_annotation_int=\count176
))
Package: xeCJK 2020/02/18 v3.8.2 Typesetting CJK scripts with XeLaTeX

(c:/texlive/2020/texmf-dist/tex/latex/l3packages/l3keys2e/l3keys2e.sty
Package: l3keys2e 2020-03-06 LaTeX2e option processing using LaTeX3 keys
)
(c:/texlive/2020/texmf-dist/tex/latex/l3packages/xtemplate/xtemplate.sty
Package: xtemplate 2020-03-06 L3 Experimental prototype document functions
\l__xtemplate_tmp_dim=\dimen157
\l__xtemplate_tmp_int=\count177
\l__xtemplate_tmp_muskip=\muskip16
\l__xtemplate_tmp_skip=\skip77
)
(c:/texlive/2020/texmf-dist/tex/latex/l3packages/xparse/xparse.sty
Package: xparse 2020-03-06 L3 Experimental document command parser
\l__xparse_current_arg_int=\count178
\g__xparse_grabber_int=\count179
\l__xparse_m_args_int=\count180
\l__xparse_v_nesting_int=\count181
)
\l__xeCJK_tmp_int=\count182
\l__xeCJK_tmp_box=\box71
\l__xeCJK_tmp_dim=\dimen158
\l__xeCJK_tmp_skip=\skip78
\g__xeCJK_space_factor_int=\count183
\l__xeCJK_begin_int=\count184
\l__xeCJK_end_int=\count185
\c__xeCJK_CJK_class_int=\XeTeXcharclass1
\c__xeCJK_FullLeft_class_int=\XeTeXcharclass2
\c__xeCJK_FullRight_class_int=\XeTeXcharclass3
\c__xeCJK_HalfLeft_class_int=\XeTeXcharclass4
\c__xeCJK_HalfRight_class_int=\XeTeXcharclass5
\c__xeCJK_NormalSpace_class_int=\XeTeXcharclass6
\c__xeCJK_CM_class_int=\XeTeXcharclass7
\c__xeCJK_HangulJamo_class_int=\XeTeXcharclass8
\l__xeCJK_last_skip=\skip79
\g__xeCJK_node_int=\count186
\c__xeCJK_CJK_node_dim=\dimen159
\c__xeCJK_CJK-space_node_dim=\dimen160
\c__xeCJK_default_node_dim=\dimen161
\c__xeCJK_default-space_node_dim=\dimen162
\c__xeCJK_CJK-widow_node_dim=\dimen163
\c__xeCJK_normalspace_node_dim=\dimen164
\l__xeCJK_ccglue_skip=\skip80
\l__xeCJK_ecglue_skip=\skip81
\l__xeCJK_punct_kern_skip=\skip82
\l__xeCJK_last_penalty_int=\count187
\l__xeCJK_last_bound_dim=\dimen165
\l__xeCJK_last_kern_dim=\dimen166
\l__xeCJK_widow_penalty_int=\count188

Package xtemplate Info: Declaring object type 'xeCJK/punctuation' taking 0
(xtemplate)             argument(s) on line 2302.

\l__xeCJK_fixed_punct_width_dim=\dimen167
\l__xeCJK_mixed_punct_width_dim=\dimen168
\l__xeCJK_middle_punct_width_dim=\dimen169
\l__xeCJK_fixed_margin_width_dim=\dimen170
\l__xeCJK_mixed_margin_width_dim=\dimen171
\l__xeCJK_middle_margin_width_dim=\dimen172
\l__xeCJK_bound_punct_width_dim=\dimen173
\l__xeCJK_bound_margin_width_dim=\dimen174
\l__xeCJK_margin_minimum_dim=\dimen175
\l__xeCJK_kerning_total_width_dim=\dimen176
\l__xeCJK_same_align_margin_dim=\dimen177
\l__xeCJK_different_align_margin_dim=\dimen178
\l__xeCJK_kerning_margin_width_dim=\dimen179
\l__xeCJK_kerning_margin_minimum_dim=\dimen180
\l__xeCJK_bound_dim=\dimen181
\l__xeCJK_reverse_bound_dim=\dimen182
\l__xeCJK_margin_dim=\dimen183
\l__xeCJK_minimum_bound_dim=\dimen184
\l__xeCJK_kerning_margin_dim=\dimen185
\g__xeCJK_family_int=\count189
\l__xeCJK_fam_int=\count190
\g__xeCJK_fam_allocation_int=\count191
\l__xeCJK_verb_case_int=\count192
\l__xeCJK_verb_exspace_skip=\skip83

(c:/texlive/2020/texmf-dist/tex/latex/fontspec/fontspec.sty
Package: fontspec 2020/02/21 v2.7i Font selection for XeLaTeX and LuaLaTeX

(c:/texlive/2020/texmf-dist/tex/latex/fontspec/fontspec-xetex.sty
Package: fontspec-xetex 2020/02/21 v2.7i Font selection for XeLaTeX and LuaLaTe
X
\l__fontspec_script_int=\count193
\l__fontspec_language_int=\count194
\l__fontspec_strnum_int=\count195
\l__fontspec_tmp_int=\count196
\l__fontspec_tmpa_int=\count197
\l__fontspec_tmpb_int=\count198
\l__fontspec_tmpc_int=\count199
\l__fontspec_em_int=\count266
\l__fontspec_emdef_int=\count267
\l__fontspec_strong_int=\count268
\l__fontspec_strongdef_int=\count269
\l__fontspec_tmpa_dim=\dimen186
\l__fontspec_tmpb_dim=\dimen187
\l__fontspec_tmpc_dim=\dimen188

(c:/texlive/2020/texmf-dist/tex/latex/base/fontenc.sty
Package: fontenc 2020/02/11 v2.0o Standard LaTeX package
)
(c:/texlive/2020/texmf-dist/tex/latex/fontspec/fontspec.cfg)))
(c:/texlive/2020/texmf-dist/tex/xelatex/xecjk/xeCJK.cfg
File: xeCJK.cfg 2020/02/18 v3.8.2 Configuration file for xeCJK package
))

Package fontspec Warning: Font "FandolSong" does not contain requested Script
(fontspec)                "CJK".


Package fontspec Info: Could not resolve font "FandolSong/I" (it probably
(fontspec)             doesn't exist).


Package fontspec Info: Font family 'FandolSong(0)' created for font
(fontspec)             'FandolSong' with options [Script={CJK}].
(fontspec)              
(fontspec)              This font family consists of the following NFSS
(fontspec)             series/shapes:
(fontspec)              
(fontspec)             - 'normal' (m/n) with NFSS spec.:
(fontspec)             <->"FandolSong/OT:language=dflt;"
(fontspec)             - 'small caps'  (m/sc) with NFSS spec.: 
(fontspec)             - 'bold' (b/n) with NFSS spec.:
(fontspec)             <->"FandolSong/B/OT:language=dflt;"
(fontspec)             - 'bold small caps'  (b/sc) with NFSS spec.: 
(fontspec)             - 'bold italic' (b/it) with NFSS spec.:
(fontspec)             <->"FandolSong/BI/OT:language=dflt;"
(fontspec)             - 'bold italic small caps'  (b/scit) with NFSS spec.: 

(c:/texlive/2020/texmf-dist/tex/latex/base/fixltx2e.sty
Package: fixltx2e 2016/12/29 v2.1a fixes to LaTeX (obsolete)
Applying: [2015/01/01] Old fixltx2e package on input line 46.


Package fixltx2e Warning: fixltx2e is not required with releases after 2015
(fixltx2e)                All fixes are now in the LaTeX kernel.
(fixltx2e)                See the latexrelease package for details.

Already applied: [0000/00/00] Old fixltx2e package on input line 53.
) (c:/texlive/2020/texmf-dist/tex/latex/base/fix-cm.sty
Package: fix-cm 2015/01/14 v1.1t fixes to LaTeX

(c:/texlive/2020/texmf-dist/tex/latex/base/ts1enc.def
File: ts1enc.def 2001/06/05 v3.0e (jk/car/fm) Standard LaTeX file
LaTeX Font Info:    Redeclaring font encoding TS1 on input line 47.
))
(c:/texlive/2020/texmf-dist/tex/latex/tools/indentfirst.sty
Package: indentfirst 1995/11/23 v1.03 Indent first paragraph (DPC)
)
(c:/texlive/2020/texmf-dist/tex/latex/psnfss/pifont.sty
Package: pifont 2020/03/25 PSNFSS-v9.3 Pi font support (SPQR) 
LaTeX Font Info:    Trying to load font information for U+pzd on input line 63.


(c:/texlive/2020/texmf-dist/tex/latex/psnfss/upzd.fd
File: upzd.fd 2001/06/04 font definitions for U/pzd.
)
LaTeX Font Info:    Trying to load font information for U+psy on input line 64.


(c:/texlive/2020/texmf-dist/tex/latex/psnfss/upsy.fd
File: upsy.fd 2001/06/04 font definitions for U/psy.
))
(c:/texlive/2020/texmf-dist/tex/latex/amsfonts/amssymb.sty
Package: amssymb 2013/01/14 v3.01 AMS font symbols

(c:/texlive/2020/texmf-dist/tex/latex/amsfonts/amsfonts.sty
Package: amsfonts 2013/01/14 v3.01 Basic AMSFonts support
\@emptytoks=\toks15
\symAMSa=\mathgroup4
\symAMSb=\mathgroup5
LaTeX Font Info:    Redeclaring math symbol \hbar on input line 98.
LaTeX Font Info:    Overwriting math alphabet `\mathfrak' in version `bold'
(Font)                  U/euf/m/n --> U/euf/b/n on input line 106.
))
(c:/texlive/2020/texmf-dist/tex/latex/amsmath/amsmath.sty
Package: amsmath 2020/01/20 v2.17e AMS math features
\@mathmargin=\skip84

For additional information on amsmath, use the `?' option.
(c:/texlive/2020/texmf-dist/tex/latex/amsmath/amstext.sty
Package: amstext 2000/06/29 v2.01 AMS text

(c:/texlive/2020/texmf-dist/tex/latex/amsmath/amsgen.sty
File: amsgen.sty 1999/11/30 v2.0 generic functions
\@emptytoks=\toks16
\ex@=\dimen189
))
(c:/texlive/2020/texmf-dist/tex/latex/amsmath/amsbsy.sty
Package: amsbsy 1999/11/29 v1.2d Bold Symbols
\pmbraise@=\dimen190
)
(c:/texlive/2020/texmf-dist/tex/latex/amsmath/amsopn.sty
Package: amsopn 2016/03/08 v2.02 operator names
)
\inf@bad=\count270
LaTeX Info: Redefining \frac on input line 227.
\uproot@=\count271
\leftroot@=\count272
LaTeX Info: Redefining \overline on input line 389.
\classnum@=\count273
\DOTSCASE@=\count274
LaTeX Info: Redefining \ldots on input line 486.
LaTeX Info: Redefining \dots on input line 489.
LaTeX Info: Redefining \cdots on input line 610.
\Mathstrutbox@=\box72
\strutbox@=\box73
\big@size=\dimen191
LaTeX Font Info:    Redeclaring font encoding OML on input line 733.
LaTeX Font Info:    Redeclaring font encoding OMS on input line 734.
\macc@depth=\count275
\c@MaxMatrixCols=\count276
\dotsspace@=\muskip17
\c@parentequation=\count277
\dspbrk@lvl=\count278
\tag@help=\toks17
\row@=\count279
\column@=\count280
\maxfields@=\count281
\andhelp@=\toks18
\eqnshift@=\dimen192
\alignsep@=\dimen193
\tagshift@=\dimen194
\tagwidth@=\dimen195
\totwidth@=\dimen196
\lineht@=\dimen197
\@envbody=\toks19
\multlinegap=\skip85
\multlinetaggap=\skip86
\mathdisplay@stack=\toks20
LaTeX Info: Redefining \[ on input line 2859.
LaTeX Info: Redefining \] on input line 2860.
)
(c:/texlive/2020/texmf-dist/tex/latex/mathtools/mathtools.sty
Package: mathtools 2020/03/24 v1.24 mathematical typesetting tools

(c:/texlive/2020/texmf-dist/tex/latex/graphics/keyval.sty
Package: keyval 2014/10/28 v1.15 key=value parser (DPC)
\KV@toks@=\toks21
)
(c:/texlive/2020/texmf-dist/tex/latex/tools/calc.sty
Package: calc 2017/05/25 v4.3 Infix arithmetic (KKT,FJ)
\calc@Acount=\count282
\calc@Bcount=\count283
\calc@Adimen=\dimen198
\calc@Bdimen=\dimen199
\calc@Askip=\skip87
\calc@Bskip=\skip88
LaTeX Info: Redefining \setlength on input line 80.
LaTeX Info: Redefining \addtolength on input line 81.
\calc@Ccount=\count284
\calc@Cskip=\skip89
)
(c:/texlive/2020/texmf-dist/tex/latex/mathtools/mhsetup.sty
Package: mhsetup 2017/03/31 v1.3 programming setup (MH)
)
LaTeX Info: Thecontrolsequence`\('isalreadyrobust on input line 130.
LaTeX Info: Thecontrolsequence`\)'isalreadyrobust on input line 130.
LaTeX Info: Thecontrolsequence`\['isalreadyrobust on input line 130.
LaTeX Info: Thecontrolsequence`\]'isalreadyrobust on input line 130.
\g_MT_multlinerow_int=\count285
\l_MT_multwidth_dim=\dimen256
\origjot=\skip90
\l_MT_shortvdotswithinadjustabove_dim=\dimen257
\l_MT_shortvdotswithinadjustbelow_dim=\dimen258
\l_MT_above_intertext_sep=\dimen259
\l_MT_below_intertext_sep=\dimen260
\l_MT_above_shortintertext_sep=\dimen261
\l_MT_below_shortintertext_sep=\dimen262
\xmathstrut@box=\box74
\xmathstrut@dim=\dimen263
)
(c:/texlive/2020/texmf-dist/tex/latex/was/upgreek.sty
Package: upgreek 2003/02/12 v2.0 (WaS)
Package upgreek Info: Using Euler Roman for upright Greek on input line 31.
\symugrf@m=\mathgroup6
LaTeX Font Info:    Overwriting symbol font `ugrf@m' in version `bold'
(Font)                  U/eur/m/n --> U/eur/b/n on input line 38.
)
(c:/texlive/2020/texmf-dist/tex/latex/amsfonts/eucal.sty
Package: eucal 2009/06/22 v3.00 Euler Script fonts
LaTeX Font Info:    Overwriting math alphabet `\EuScript' in version `bold'
(Font)                  U/eus/m/n --> U/eus/b/n on input line 33.
)
(c:/texlive/2020/texmf-dist/tex/latex/tools/verbatim.sty
Package: verbatim 2019/11/10 v1.5r LaTeX2e package for verbatim enhancements
\every@verbatim=\toks22
\verbatim@line=\toks23
\verbatim@in@stream=\read2
)
(c:/texlive/2020/texmf-dist/tex/latex/verse/verse.sty
Package: verse 2009/09/04 v2.4a verse typesetting
\c@vslineno=\count286
\c@poemline=\count287
\c@fvsline=\count288
\c@modulo@vs=\count289
\c@verse@envctr=\count290
\versewidth=\skip91
\vgap=\skip92
\vindent=\skip93
\stanzaskip=\skip94
\vleftskip=\skip95
\vrightskip=\skip96
\c@chrsinstr=\count291
\beforepoemtitleskip=\skip97
\afterpoemtitleskip=\skip98
)
(c:/texlive/2020/texmf-dist/tex/latex/graphics/graphicx.sty
Package: graphicx 2019/11/30 v1.2a Enhanced LaTeX Graphics (DPC,SPQR)

(c:/texlive/2020/texmf-dist/tex/latex/graphics/graphics.sty
Package: graphics 2019/11/30 v1.4a Standard LaTeX Graphics (DPC,SPQR)

(c:/texlive/2020/texmf-dist/tex/latex/graphics/trig.sty
Package: trig 2016/01/03 v1.10 sin cos tan (DPC)
)
(c:/texlive/2020/texmf-dist/tex/latex/graphics-cfg/graphics.cfg
File: graphics.cfg 2016/06/04 v1.11 sample graphics configuration
)
Package graphics Info: Driver file: xetex.def on input line 105.

(c:/texlive/2020/texmf-dist/tex/latex/graphics-def/xetex.def
File: xetex.def 2017/06/24 v5.0h Graphics/color driver for xetex
))
\Gin@req@height=\dimen264
\Gin@req@width=\dimen265
)
(c:/texlive/2020/texmf-dist/tex/latex/subfigure/subfigure.sty
Package: subfigure 2002/03/15 v2.1.5 subfigure package
\subfigtopskip=\skip99
\subfigcapskip=\skip100
\subfigcaptopadj=\dimen266
\subfigbottomskip=\skip101
\subfigcapmargin=\dimen267
\subfiglabelskip=\skip102
\c@subfigure=\count292
\c@lofdepth=\count293
\c@subtable=\count294
\c@lotdepth=\count295

****************************************
* Local config file subfigure.cfg used *
****************************************
(c:/texlive/2020/texmf-dist/tex/latex/subfigure/subfigure.cfg)
\subfig@top=\skip103
\subfig@bottom=\skip104
)
(c:/texlive/2020/texmf-dist/tex/latex/xcolor/xcolor.sty
Package: xcolor 2016/05/11 v2.12 LaTeX color extensions (UK)

(c:/texlive/2020/texmf-dist/tex/latex/graphics-cfg/color.cfg
File: color.cfg 2016/01/02 v1.6 sample color configuration
)
Package xcolor Info: Driver file: xetex.def on input line 225.
Package xcolor Info: Model `cmy' substituted by `cmy0' on input line 1348.
Package xcolor Info: Model `RGB' extended on input line 1364.
Package xcolor Info: Model `HTML' substituted by `rgb' on input line 1366.
Package xcolor Info: Model `Hsb' substituted by `hsb' on input line 1367.
Package xcolor Info: Model `tHsb' substituted by `hsb' on input line 1368.
Package xcolor Info: Model `HSB' substituted by `hsb' on input line 1369.
Package xcolor Info: Model `Gray' substituted by `gray' on input line 1370.
Package xcolor Info: Model `wave' substituted by `hsb' on input line 1371.
)
(c:/texlive/2020/texmf-dist/tex/latex/base/makeidx.sty
Package: makeidx 2014/09/29 v1.0m Standard LaTeX package
)
(c:/texlive/2020/texmf-dist/tex/latex/tools/multicol.sty
Package: multicol 2019/12/09 v1.8y multicolumn formatting (FMi)
\c@tracingmulticols=\count296
\mult@box=\box75
\multicol@leftmargin=\dimen268
\c@unbalance=\count297
\c@collectmore=\count298
\doublecol@number=\count299
\multicoltolerance=\count300
\multicolpretolerance=\count301
\full@width=\dimen269
\page@free=\dimen270
\premulticols=\dimen271
\postmulticols=\dimen272
\multicolsep=\skip105
\multicolbaselineskip=\skip106
\partial@page=\box76
\last@line=\box77
\maxbalancingoverflow=\dimen273
\mult@rightbox=\box78
\mult@grightbox=\box79
\mult@gfirstbox=\box80
\mult@firstbox=\box81
\@tempa=\box82
\@tempa=\box83
\@tempa=\box84
\@tempa=\box85
\@tempa=\box86
\@tempa=\box87
\@tempa=\box88
\@tempa=\box89
\@tempa=\box90
\@tempa=\box91
\@tempa=\box92
\@tempa=\box93
\@tempa=\box94
\@tempa=\box95
\@tempa=\box96
\@tempa=\box97
\@tempa=\box98
\@tempa=\box99
\@tempa=\box100
\@tempa=\box101
\@tempa=\box102
\@tempa=\box103
\@tempa=\box104
\@tempa=\box105
\@tempa=\box106
\@tempa=\box107
\@tempa=\box108
\@tempa=\box109
\@tempa=\box110
\@tempa=\box111
\@tempa=\box112
\@tempa=\box113
\@tempa=\box114
\@tempa=\box115
\@tempa=\box116
\@tempa=\box117
\@tempa=\box118
\c@minrows=\count302
\c@columnbadness=\count303
\c@finalcolumnbadness=\count304
\last@try=\dimen274
\multicolovershoot=\dimen275
\multicolundershoot=\dimen276
\mult@nat@firstbox=\box119
\colbreak@box=\box120
\mc@col@check@num=\count305
)
(c:/texlive/2020/texmf-dist/tex/latex/booktabs/booktabs.sty
Package: booktabs 2020/01/12 v1.61803398 Publication quality tables
\heavyrulewidth=\dimen277
\lightrulewidth=\dimen278
\cmidrulewidth=\dimen279
\belowrulesep=\dimen280
\belowbottomsep=\dimen281
\aboverulesep=\dimen282
\abovetopsep=\dimen283
\cmidrulesep=\dimen284
\cmidrulekern=\dimen285
\defaultaddspace=\dimen286
\@cmidla=\count306
\@cmidlb=\count307
\@aboverulesep=\dimen287
\@belowrulesep=\dimen288
\@thisruleclass=\count308
\@lastruleclass=\count309
\@thisrulewidth=\dimen289
)
(c:/texlive/2020/texmf-dist/tex/latex/multirow/multirow.sty
Package: multirow 2019/05/31 v2.5 Span multiple rows of a table
\multirow@colwidth=\skip107
\multirow@cntb=\count310
\multirow@dima=\skip108
\bigstrutjot=\dimen290
)
(c:/texlive/2020/texmf-dist/tex/latex/float/float.sty
Package: float 2001/11/08 v1.3d Float enhancements (AL)
\c@float@type=\count311
\float@exts=\toks24
\float@box=\box121
\@float@everytoks=\toks25
\@floatcapt=\box122
)
(c:/texlive/2020/texmf-dist/tex/latex/wrapfig/wrapfig.sty
\wrapoverhang=\dimen291
\WF@size=\dimen292
\c@WF@wrappedlines=\count312
\WF@box=\box123
\WF@everypar=\toks26
Package: wrapfig 2003/01/31  v 3.6
)
(c:/texlive/2020/texmf-dist/tex/latex/caption/caption.sty
Package: caption 2020/01/03 v3.4h Customizing captions (AR)

(c:/texlive/2020/texmf-dist/tex/latex/caption/caption3.sty
Package: caption3 2020/01/03 v1.8h caption3 kernel (AR)
Package caption3 Info: TeX engine: e-TeX on input line 61.
\captionmargin=\dimen293
\captionmargin@=\dimen294
\captionwidth=\dimen295
\caption@tempdima=\dimen296
\caption@indent=\dimen297
\caption@parindent=\dimen298
\caption@hangindent=\dimen299
Package caption Info: Unknown document class (or package),
(caption)             standard defaults will be used.
Package caption Info: \@makecaption = \long macro:#1#2->\vskip \abovecaptionski
p \sbox \@tempboxa {#1: #2}\ifdim \wd \@tempboxa >\hsize {\FigCapFont #1}\par #
2\par \else \global \@minipagefalse {\FigCapFont #1}\par #2\par \fi \vskip \bel
owcaptionskip  on input line 1082.
)

Package caption Warning: Unknown document class (or package),
(caption)                standard defaults will be used.
See the caption package documentation for explanation.

\c@caption@flags=\count313
\c@continuedfloat=\count314
Package caption Info: float package is loaded.
Package caption Info: subfigure package is loaded.
Package caption Info: wrapfig package is loaded.
) (c:/texlive/2020/texmf-dist/tex/latex/siunitx/siunitx.sty
Package: siunitx 2020/02/25 v2.8b A comprehensive (SI) units package

(c:/texlive/2020/texmf-dist/tex/latex/tools/array.sty
Package: array 2019/08/31 v2.4l Tabular extension package (FMi)
\col@sep=\dimen300
\ar@mcellbox=\box124
\extrarowheight=\dimen301
\NC@list=\toks27
\extratabsurround=\skip109
\backup@length=\skip110
\ar@cellbox=\box125
)
\l__siunitx_tmp_box=\box126
\l__siunitx_tmp_dim=\dimen302
\l__siunitx_tmp_int=\count315
\l__siunitx_number_mantissa_length_int=\count316
\l__siunitx_number_uncert_length_int=\count317
\l__siunitx_round_int=\count318
\l__siunitx_process_decimal_int=\count319
\l__siunitx_process_uncertainty_int=\count320
\l__siunitx_process_fixed_int=\count321
\l__siunitx_process_integer_min_int=\count322
\l__siunitx_process_precision_int=\count323
\l__siunitx_group_min_int=\count324
\l__siunitx_angle_marker_box=\box127
\l__siunitx_angle_unit_box=\box128
\l__siunitx_angle_marker_dim=\dimen303
\l__siunitx_angle_unit_dim=\dimen304
\l__siunitx_unit_int=\count325
\l__siunitx_unit_denominator_int=\count326
\l__siunitx_unit_numerator_int=\count327
\l__siunitx_unit_prefix_int=\count328
\l__siunitx_unit_prefix_base_int=\count329
\l__siunitx_unit_prefix_gram_int=\count330
\l__siunitx_number_product_int=\count331
\c__siunitx_one_fill_skip=\skip111
\l__siunitx_table_unit_align_skip=\skip112
\l__siunitx_table_exponent_dim=\dimen305
\l__siunitx_table_integer_dim=\dimen306
\l__siunitx_table_mantissa_dim=\dimen307
\l__siunitx_table_marker_dim=\dimen308
\l__siunitx_table_result_dim=\dimen309
\l__siunitx_table_uncert_dim=\dimen310
\l__siunitx_table_fill_pre_dim=\dimen311
\l__siunitx_table_fill_post_dim=\dimen312
\l__siunitx_table_fill_mid_dim=\dimen313
\l__siunitx_table_pre_box=\box129
\l__siunitx_table_post_box=\box130
\l__siunitx_table_mantissa_box=\box131
\l__siunitx_table_result_box=\box132
\l__siunitx_table_number_align_skip=\skip113
\l__siunitx_table_text_align_skip=\skip114

(c:/texlive/2020/texmf-dist/tex/latex/translator/translator.sty
Package: translator 2019-05-31 v1.12a Easy translation of strings in LaTeX
))
(c:/texlive/2020/texmf-dist/tex/latex/mdframed/mdframed.sty
Package: mdframed 2013/07/01 1.9b: mdframed

(c:/texlive/2020/texmf-dist/tex/latex/kvoptions/kvoptions.sty
Package: kvoptions 2019/11/29 v3.13 Key value format for package options (HO)

(c:/texlive/2020/texmf-dist/tex/generic/ltxcmds/ltxcmds.sty
Package: ltxcmds 2019/12/15 v1.24 LaTeX kernel commands for general use (HO)
)
(c:/texlive/2020/texmf-dist/tex/generic/kvsetkeys/kvsetkeys.sty
Package: kvsetkeys 2019/12/15 v1.18 Key value parser (HO)
))
(c:/texlive/2020/texmf-dist/tex/latex/etoolbox/etoolbox.sty
Package: etoolbox 2019/09/21 v2.5h e-TeX tools for LaTeX (JAW)
\etb@tempcnta=\count332
)
(c:/texlive/2020/texmf-dist/tex/latex/zref/zref-abspage.sty
Package: zref-abspage 2020-03-03 v2.29 Module abspage for zref (HO)

(c:/texlive/2020/texmf-dist/tex/latex/zref/zref-base.sty
Package: zref-base 2020-03-03 v2.29 Module base for zref (HO)

(c:/texlive/2020/texmf-dist/tex/generic/infwarerr/infwarerr.sty
Package: infwarerr 2019/12/03 v1.5 Providing info/warning/error messages (HO)
)
(c:/texlive/2020/texmf-dist/tex/generic/kvdefinekeys/kvdefinekeys.sty
Package: kvdefinekeys 2019-12-19 v1.6 Define keys (HO)
)
(c:/texlive/2020/texmf-dist/tex/latex/pdftexcmds/pdftexcmds.sty
Package: pdftexcmds 2019/11/24 v0.31 Utility functions of pdfTeX for LuaTeX (HO
)

(c:/texlive/2020/texmf-dist/tex/generic/iftex/iftex.sty
Package: iftex 2020/03/06 v1.0d TeX engine tests
)
Package pdftexcmds Info: \pdf@primitive is available.
Package pdftexcmds Info: \pdf@ifprimitive is available.
Package pdftexcmds Info: \pdfdraftmode not found.
)
(c:/texlive/2020/texmf-dist/tex/generic/etexcmds/etexcmds.sty
Package: etexcmds 2019/12/15 v1.7 Avoid name clashes with e-TeX commands (HO)
)
(c:/texlive/2020/texmf-dist/tex/latex/auxhook/auxhook.sty
Package: auxhook 2019-12-17 v1.6 Hooks for auxiliary files (HO)
)
Package zref Info: New property list: main on input line 763.
Package zref Info: New property: default on input line 764.
Package zref Info: New property: page on input line 765.
)
(c:/texlive/2020/texmf-dist/tex/generic/atbegshi/atbegshi.sty
Package: atbegshi 2019/12/05 v1.19 At begin shipout hook (HO)
)
\c@abspage=\count333
Package zref Info: New property: abspage on input line 66.
)
(c:/texlive/2020/texmf-dist/tex/latex/needspace/needspace.sty
Package: needspace 2010/09/12 v1.3d reserve vertical space
)
\mdf@templength=\skip115
\c@mdf@globalstyle@cnt=\count334
\mdf@skipabove@length=\skip116
\mdf@skipbelow@length=\skip117
\mdf@leftmargin@length=\skip118
\mdf@rightmargin@length=\skip119
\mdf@innerleftmargin@length=\skip120
\mdf@innerrightmargin@length=\skip121
\mdf@innertopmargin@length=\skip122
\mdf@innerbottommargin@length=\skip123
\mdf@splittopskip@length=\skip124
\mdf@splitbottomskip@length=\skip125
\mdf@outermargin@length=\skip126
\mdf@innermargin@length=\skip127
\mdf@linewidth@length=\skip128
\mdf@innerlinewidth@length=\skip129
\mdf@middlelinewidth@length=\skip130
\mdf@outerlinewidth@length=\skip131
\mdf@roundcorner@length=\skip132
\mdf@footenotedistance@length=\skip133
\mdf@userdefinedwidth@length=\skip134
\mdf@needspace@length=\skip135
\mdf@frametitleaboveskip@length=\skip136
\mdf@frametitlebelowskip@length=\skip137
\mdf@frametitlerulewidth@length=\skip138
\mdf@frametitleleftmargin@length=\skip139
\mdf@frametitlerightmargin@length=\skip140
\mdf@shadowsize@length=\skip141
\mdf@extratopheight@length=\skip142
\mdf@subtitleabovelinewidth@length=\skip143
\mdf@subtitlebelowlinewidth@length=\skip144
\mdf@subtitleaboveskip@length=\skip145
\mdf@subtitlebelowskip@length=\skip146
\mdf@subtitleinneraboveskip@length=\skip147
\mdf@subtitleinnerbelowskip@length=\skip148
\mdf@subsubtitleabovelinewidth@length=\skip149
\mdf@subsubtitlebelowlinewidth@length=\skip150
\mdf@subsubtitleaboveskip@length=\skip151
\mdf@subsubtitlebelowskip@length=\skip152
\mdf@subsubtitleinneraboveskip@length=\skip153
\mdf@subsubtitleinnerbelowskip@length=\skip154

(c:/texlive/2020/texmf-dist/tex/latex/mdframed/md-frame-0.mdf
File: md-frame-0.mdf 2013/07/01\ 1.9b: md-frame-0
)
\mdf@frametitlebox=\box133
\mdf@footnotebox=\box134
\mdf@splitbox@one=\box135
\mdf@splitbox@two=\box136
\mdf@splitbox@save=\box137
\mdfsplitboxwidth=\skip155
\mdfsplitboxtotalwidth=\skip156
\mdfsplitboxheight=\skip157
\mdfsplitboxdepth=\skip158
\mdfsplitboxtotalheight=\skip159
\mdfframetitleboxwidth=\skip160
\mdfframetitleboxtotalwidth=\skip161
\mdfframetitleboxheight=\skip162
\mdfframetitleboxdepth=\skip163
\mdfframetitleboxtotalheight=\skip164
\mdffootnoteboxwidth=\skip165
\mdffootnoteboxtotalwidth=\skip166
\mdffootnoteboxheight=\skip167
\mdffootnoteboxdepth=\skip168
\mdffootnoteboxtotalheight=\skip169
\mdftotallinewidth=\skip170
\mdfboundingboxwidth=\skip171
\mdfboundingboxtotalwidth=\skip172
\mdfboundingboxheight=\skip173
\mdfboundingboxdepth=\skip174
\mdfboundingboxtotalheight=\skip175
\mdf@freevspace@length=\skip176
\mdf@horizontalwidthofbox@length=\skip177
\mdf@verticalmarginwhole@length=\skip178
\mdf@horizontalspaceofbox=\skip179
\mdfsubtitleheight=\skip180
\mdfsubsubtitleheight=\skip181
\c@mdfcountframes=\count335

****** mdframed patching \endmdf@trivlist

****** -- success******

\mdf@envdepth=\count336
\c@mdf@env@i=\count337
\c@mdf@env@ii=\count338
\c@mdf@zref@counter=\count339
Package zref Info: New property: mdf@pagevalue on input line 895.
)
(c:/texlive/2020/texmf-dist/tex/latex/tools/enumerate.sty
Package: enumerate 2015/07/23 v3.00 enumerate extensions (DPC)
\@enLab=\toks28
)
(c:/texlive/2020/texmf-dist/tex/latex/base/textcomp.sty
Package: textcomp 2020/02/02 v2.0n Standard LaTeX package
)
\@indexfile=\write4
\openout4 = `Physics_XES_II.idx'.


Writing index file Physics_XES_II.idx
\@input{frontmatter/preamble.aux}
\openout2 = `frontmatter/preamble.aux'.

(./frontmatter/preamble.tex
\c@thm=\count340
\c@exe=\count341
\c@ex=\count342
\c@dfn=\count343
\c@prf=\count344
) (./Physics_XES_II.aux
(./chapters/chapter01/sec1.aux) (./chapters/chapter01/sec2.aux)
(./chapters/chapter01/sec3.aux) (./chapters/chapter01/summary.aux

LaTeX Warning: Label `1-1' multiply defined.

) (./chapters/chapter01/prob.aux

LaTeX Warning: Label `1-1' multiply defined.


LaTeX Warning: Label `1-1' multiply defined.

) (./chapters/chapter02/sec1.aux) (./chapters/chapter02/sec2.aux)
(./chapters/chapter02/sec3.aux) (./chapters/chapter02/sec4.aux)
(./chapters/chapter02/summary.aux

LaTeX Warning: Label `1-1' multiply defined.

) (./chapters/chapter02/prob.aux

LaTeX Warning: Label `1-1' multiply defined.


LaTeX Warning: Label `1-1' multiply defined.

) (./chapters/chapter03/sec1.aux) (./chapters/chapter03/sec2.aux)
(./chapters/chapter03/sec3.aux) (./chapters/chapter03/sec4.aux)
(./chapters/chapter03/sec5.aux) (./chapters/chapter03/sec6.aux

LaTeX Warning: Label `3-6-2-3' multiply defined.

) (./chapters/chapter03/summary.aux

LaTeX Warning: Label `1-1' multiply defined.

) (./chapters/chapter03/prob.aux

LaTeX Warning: Label `1-1' multiply defined.


LaTeX Warning: Label `1-1' multiply defined.

) (./chapters/chapter04/sec1.aux) (./chapters/chapter04/sec2.aux)
(./chapters/chapter04/sec3.aux) (./chapters/chapter04/sec4.aux)
(./chapters/chapter04/sec5.aux) (./chapters/chapter04/sec6.aux)
(./chapters/chapter04/summary.aux

LaTeX Warning: Label `1-1' multiply defined.

) (./chapters/chapter04/prob.aux

LaTeX Warning: Label `1-1' multiply defined.


LaTeX Warning: Label `1-1' multiply defined.

) (./chapters/chapter05/sec1.aux) (./chapters/chapter05/sec2.aux)
(./chapters/chapter05/sec3.aux

LaTeX Warning: Label `5-3-1-2' multiply defined.

) (./chapters/chapter05/sec4.aux) (./chapters/chapter05/sec5.aux)
(./chapters/chapter05/summary.aux

LaTeX Warning: Label `1-1' multiply defined.

) (./chapters/chapter05/prob.aux

LaTeX Warning: Label `5-1' multiply defined.


LaTeX Warning: Label `5-1' multiply defined.

) (./chapters/chapter06/sec1.aux) (./chapters/chapter06/sec2.aux)
(./chapters/chapter06/sec3.aux) (./chapters/chapter06/sec4.aux)
(./chapters/chapter06/summary.aux

LaTeX Warning: Label `1-1' multiply defined.

) (./chapters/chapter06/prob.aux

LaTeX Warning: Label `1-1' multiply defined.


LaTeX Warning: Label `1-1' multiply defined.

) (./chapters/chapter07/sec1.aux) (./chapters/chapter07/sec2.aux)
(./chapters/chapter07/sec3.aux) (./chapters/chapter07/summary.aux

LaTeX Warning: Label `1-1' multiply defined.

) (./chapters/chapter07/prob.aux

LaTeX Warning: Label `1-1' multiply defined.


LaTeX Warning: Label `1-1' multiply defined.

) (./chapters/chapter08/sec1.aux) (./chapters/chapter08/sec2.aux)
(./chapters/chapter08/sec3.aux) (./chapters/chapter08/summary.aux

LaTeX Warning: Label `1-1' multiply defined.

) (./chapters/chapter08/prob.aux

LaTeX Warning: Label `1-1' multiply defined.


LaTeX Warning: Label `1-1' multiply defined.

) (./chapters/chapter09/sec1.aux) (./chapters/chapter09/sec2.aux)
(./chapters/chapter09/sec3.aux) (./chapters/chapter09/sec4.aux)
(./chapters/chapter09/sec5.aux) (./chapters/chapter09/summary.aux

LaTeX Warning: Label `1-1' multiply defined.

) (./chapters/chapter09/prob.aux

LaTeX Warning: Label `1-1' multiply defined.


LaTeX Warning: Label `1-1' multiply defined.

) (./chapters/chapter10/sec1.aux) (./chapters/chapter10/sec2.aux)
(./chapters/chapter10/sec3.aux) (./chapters/chapter10/sec4.aux)
(./chapters/chapter10/summary.aux

LaTeX Warning: Label `1-1' multiply defined.

) (./chapters/chapter10/prob.aux

LaTeX Warning: Label `1-1' multiply defined.


LaTeX Warning: Label `1-1' multiply defined.

) (./chapters/chapter11/sec1.aux) (./chapters/chapter11/sec2.aux)
(./chapters/chapter11/sec3.aux) (./chapters/chapter11/sec4.aux)
(./chapters/chapter11/sec5.aux) (./chapters/chapter11/summary.aux

LaTeX Warning: Label `1-1' multiply defined.

) (./chapters/chapter11/prob.aux

LaTeX Warning: Label `1-1' multiply defined.


LaTeX Warning: Label `1-1' multiply defined.

) (./chapters/chapter12/sec1.aux) (./chapters/chapter12/sec2.aux)
(./chapters/chapter12/sec3.aux) (./chapters/chapter12/sec4.aux)
(./chapters/chapter12/sec5.aux) (./chapters/chapter12/summary.aux

LaTeX Warning: Label `1-1' multiply defined.

) (./chapters/chapter12/prob.aux

LaTeX Warning: Label `1-1' multiply defined.


LaTeX Warning: Label `1-1' multiply defined.

) (./chapters/chapter13/sec1.aux) (./chapters/chapter13/sec2.aux

LaTeX Warning: Label `13-2-4' multiply defined.

) (./chapters/chapter13/sec3.aux) (./chapters/chapter13/summary.aux

LaTeX Warning: Label `1-1' multiply defined.

) (./chapters/chapter13/prob.aux

LaTeX Warning: Label `1-1' multiply defined.


LaTeX Warning: Label `1-1' multiply defined.

) (./chapters/chapter14/sec1.aux) (./chapters/chapter14/sec2.aux)
(./chapters/chapter14/sec3.aux) (./chapters/chapter14/sec4.aux)
(./chapters/chapter14/sec5.aux) (./chapters/chapter14/summary.aux

LaTeX Warning: Label `1-1' multiply defined.

) (./chapters/chapter14/prob.aux

LaTeX Warning: Label `1-1' multiply defined.


LaTeX Warning: Label `1-1' multiply defined.

) (./chapters/chapter15/sec1.aux) (./chapters/chapter15/sec2.aux)
(./chapters/chapter15/sec3.aux) (./chapters/chapter15/sec4.aux)
(./chapters/chapter15/summary.aux

LaTeX Warning: Label `1-1' multiply defined.

) (./chapters/chapter15/prob.aux

LaTeX Warning: Label `1-1' multiply defined.


LaTeX Warning: Label `1-1' multiply defined.

) (./chapters/chapter16/sec1.aux

LaTeX Warning: Label `1' multiply defined.

) (./chapters/chapter16/sec2.aux) (./chapters/chapter16/sec3.aux)
(./chapters/chapter16/sec4.aux) (./chapters/chapter16/summary.aux

LaTeX Warning: Label `1-1' multiply defined.

) (./chapters/chapter16/prob.aux

LaTeX Warning: Label `1-1' multiply defined.


LaTeX Warning: Label `1-1' multiply defined.

) (./chapters/chapter17/sec1.aux) (./chapters/chapter17/sec2.aux)
(./chapters/chapter17/sec3.aux) (./chapters/chapter17/sec4.aux)
(./chapters/chapter17/sec5.aux) (./chapters/chapter17/sec6.aux)
(./chapters/chapter17/summary.aux

LaTeX Warning: Label `1-1' multiply defined.

) (./chapters/chapter17/prob.aux

LaTeX Warning: Label `1-1' multiply defined.


LaTeX Warning: Label `1-1' multiply defined.

) (./chapters/chapter18/sec1.aux) (./chapters/chapter18/sec2.aux)
(./chapters/chapter18/sec3.aux) (./chapters/chapter18/sec4.aux

LaTeX Warning: Label `18-4' multiply defined.


LaTeX Warning: Label `18-4-1' multiply defined.


LaTeX Warning: Label `18-4-2' multiply defined.


LaTeX Warning: Label `18-4-3' multiply defined.

) (./chapters/chapter18/summary.aux

LaTeX Warning: Label `1-1' multiply defined.

) (./chapters/chapter18/prob.aux

LaTeX Warning: Label `1-1' multiply defined.


LaTeX Warning: Label `1-1' multiply defined.

) (./chapters/chapter19/sec1.aux) (./chapters/chapter19/sec2.aux)
(./chapters/chapter19/sec3.aux

LaTeX Warning: Label `19-3-2' multiply defined.

) (./chapters/chapter19/sec4.aux) (./chapters/chapter19/summary.aux

LaTeX Warning: Label `1-1' multiply defined.

) (./chapters/chapter19/prob.aux

LaTeX Warning: Label `1-1' multiply defined.


LaTeX Warning: Label `1-1' multiply defined.

) (./chapters/chapter20/sec1.aux) (./chapters/chapter20/sec2.aux)
(./chapters/chapter20/sec3.aux) (./chapters/chapter20/sec4.aux)
(./chapters/chapter20/summary.aux

LaTeX Warning: Label `1-1' multiply defined.

) (./chapters/chapter20/prob.aux

LaTeX Warning: Label `1-1' multiply defined.


LaTeX Warning: Label `1-1' multiply defined.

) (./chapters/chapter21/sec1.aux) (./chapters/chapter21/sec2.aux)
(./chapters/chapter21/sec3.aux) (./chapters/chapter21/sec4.aux

LaTeX Warning: Label `21-4-2' multiply defined.

) (./chapters/chapter21/summary.aux

LaTeX Warning: Label `1-1' multiply defined.

) (./chapters/chapter21/prob.aux

LaTeX Warning: Label `1-1' multiply defined.


LaTeX Warning: Label `1-1' multiply defined.

) (./chapters/chapter22/sec1.aux) (./chapters/chapter22/sec2.aux)
(./chapters/chapter22/sec3.aux) (./chapters/chapter22/sec4.aux)
(./chapters/chapter22/summary.aux

LaTeX Warning: Label `1-1' multiply defined.

) (./chapters/chapter22/prob.aux

LaTeX Warning: Label `1-1' multiply defined.


LaTeX Warning: Label `1-1' multiply defined.

) (./chapters/chapter23/sec1.aux) (./chapters/chapter23/sec2.aux)
(./chapters/chapter23/sec2.aux

LaTeX Warning: Label `23-2' multiply defined.


LaTeX Warning: Label `23-2-1' multiply defined.


LaTeX Warning: Label `23-2-2' multiply defined.


LaTeX Warning: Label `23-2-3' multiply defined.


LaTeX Warning: Label `23-2-4' multiply defined.

) (./chapters/chapter23/summary.aux

LaTeX Warning: Label `1-1' multiply defined.

) (./chapters/chapter23/prob.aux

LaTeX Warning: Label `1-1' multiply defined.


LaTeX Warning: Label `1-1' multiply defined.

) (./chapters/chapter24/sec1.aux) (./chapters/chapter24/sec2.aux)
(./chapters/chapter24/sec3.aux) (./chapters/chapter24/sec4.aux)
(./chapters/chapter24/summary.aux

LaTeX Warning: Label `1-1' multiply defined.

) (./chapters/chapter24/prob.aux

LaTeX Warning: Label `1-1' multiply defined.


LaTeX Warning: Label `1-1' multiply defined.

) (./chapters/chapter25/sec1.aux) (./chapters/chapter25/sec2.aux)
(./chapters/chapter25/sec3.aux) (./chapters/chapter25/sec4.aux)
(./chapters/chapter25/summary.aux

LaTeX Warning: Label `1-1' multiply defined.

) (./chapters/chapter25/prob.aux

LaTeX Warning: Label `1-1' multiply defined.


LaTeX Warning: Label `1-1' multiply defined.

) (./chapters/chapter26/sec1.aux) (./chapters/chapter26/sec2.aux)
(./chapters/chapter26/sec3.aux) (./chapters/chapter26/summary.aux

LaTeX Warning: Label `1-1' multiply defined.

) (./chapters/chapter26/prob.aux

LaTeX Warning: Label `1-1' multiply defined.


LaTeX Warning: Label `1-1' multiply defined.

) (./chapters/chapter27/sec1.aux) (./chapters/chapter27/sec2.aux)
(./chapters/chapter27/sec3.aux) (./chapters/chapter27/sec4.aux)
(./chapters/chapter27/summary.aux

LaTeX Warning: Label `1-1' multiply defined.

) (./chapters/chapter27/prob.aux

LaTeX Warning: Label `1-1' multiply defined.


LaTeX Warning: Label `1-1' multiply defined.

) (./chapters/chapter28/sec1.aux) (./chapters/chapter28/sec2.aux)
(./chapters/chapter28/sec3.aux) (./chapters/chapter28/sec4.aux)
(./chapters/chapter28/summary.aux

LaTeX Warning: Label `1-1' multiply defined.

) (./chapters/chapter28/prob.aux

LaTeX Warning: Label `1-1' multiply defined.


LaTeX Warning: Label `1-1' multiply defined.

) (./chapters/chapter29/sec1.aux) (./chapters/chapter29/sec2.aux)
(./chapters/chapter29/sec3.aux) (./chapters/chapter29/summary.aux

LaTeX Warning: Label `1-1' multiply defined.

) (./chapters/chapter29/prob.aux

LaTeX Warning: Label `1-1' multiply defined.


LaTeX Warning: Label `1-1' multiply defined.

) (./chapters/chapter30/sec1.aux) (./chapters/chapter30/sec2.aux)
(./chapters/chapter30/sec3.aux) (./chapters/chapter30/sec4.aux)
(./chapters/chapter30/sec5.aux) (./chapters/chapter30/summary.aux

LaTeX Warning: Label `1-1' multiply defined.

) (./chapters/chapter30/prob.aux

LaTeX Warning: Label `1-1' multiply defined.


LaTeX Warning: Label `1-1' multiply defined.

))
\openout1 = `Physics_XES_II.aux'.

LaTeX Font Info:    Checking defaults for OML/cmm/m/it on input line 49.
LaTeX Font Info:    ... okay on input line 49.
LaTeX Font Info:    Checking defaults for OMS/cmsy/m/n on input line 49.
LaTeX Font Info:    ... okay on input line 49.
LaTeX Font Info:    Checking defaults for OT1/cmr/m/n on input line 49.
LaTeX Font Info:    ... okay on input line 49.
LaTeX Font Info:    Checking defaults for T1/cmr/m/n on input line 49.
LaTeX Font Info:    ... okay on input line 49.
LaTeX Font Info:    Checking defaults for TS1/cmr/m/n on input line 49.
LaTeX Font Info:    ... okay on input line 49.
LaTeX Font Info:    Checking defaults for TU/lmr/m/n on input line 49.
LaTeX Font Info:    ... okay on input line 49.
LaTeX Font Info:    Checking defaults for OMX/cmex/m/n on input line 49.
LaTeX Font Info:    ... okay on input line 49.
LaTeX Font Info:    Checking defaults for U/cmr/m/n on input line 49.
LaTeX Font Info:    ... okay on input line 49.

Package fontspec Info: Adjusting the maths setup (use [no-math] to avoid
(fontspec)             this).

\symlegacymaths=\mathgroup7
LaTeX Font Info:    Overwriting symbol font `legacymaths' in version `bold'
(Font)                  OT1/cmr/m/n --> OT1/cmr/bx/n on input line 49.
LaTeX Font Info:    Redeclaring math accent \acute on input line 49.
LaTeX Font Info:    Redeclaring math accent \grave on input line 49.
LaTeX Font Info:    Redeclaring math accent \ddot on input line 49.
LaTeX Font Info:    Redeclaring math accent \tilde on input line 49.
LaTeX Font Info:    Redeclaring math accent \bar on input line 49.
LaTeX Font Info:    Redeclaring math accent \breve on input line 49.
LaTeX Font Info:    Redeclaring math accent \check on input line 49.
LaTeX Font Info:    Redeclaring math accent \hat on input line 49.
LaTeX Font Info:    Redeclaring math accent \dot on input line 49.
LaTeX Font Info:    Redeclaring math accent \mathring on input line 49.
LaTeX Font Info:    Redeclaring math symbol \Gamma on input line 49.
LaTeX Font Info:    Redeclaring math symbol \Delta on input line 49.
LaTeX Font Info:    Redeclaring math symbol \Theta on input line 49.
LaTeX Font Info:    Redeclaring math symbol \Lambda on input line 49.
LaTeX Font Info:    Redeclaring math symbol \Xi on input line 49.
LaTeX Font Info:    Redeclaring math symbol \Pi on input line 49.
LaTeX Font Info:    Redeclaring math symbol \Sigma on input line 49.
LaTeX Font Info:    Redeclaring math symbol \Upsilon on input line 49.
LaTeX Font Info:    Redeclaring math symbol \Phi on input line 49.
LaTeX Font Info:    Redeclaring math symbol \Psi on input line 49.
LaTeX Font Info:    Redeclaring math symbol \Omega on input line 49.
LaTeX Font Info:    Redeclaring math symbol \mathdollar on input line 49.
LaTeX Font Info:    Redeclaring symbol font `operators' on input line 49.
LaTeX Font Info:    Encoding `OT1' has changed to `TU' for symbol font
(Font)              `operators' in the math version `normal' on input line 49.
LaTeX Font Info:    Overwriting symbol font `operators' in version `normal'
(Font)                  OT1/cmr/m/n --> TU/lmr/m/n on input line 49.
LaTeX Font Info:    Encoding `OT1' has changed to `TU' for symbol font
(Font)              `operators' in the math version `bold' on input line 49.
LaTeX Font Info:    Overwriting symbol font `operators' in version `bold'
(Font)                  OT1/cmr/bx/n --> TU/lmr/m/n on input line 49.
LaTeX Font Info:    Overwriting symbol font `operators' in version `normal'
(Font)                  TU/lmr/m/n --> TU/lmr/m/n on input line 49.
LaTeX Font Info:    Overwriting math alphabet `\mathit' in version `normal'
(Font)                  OT1/cmr/m/it --> TU/lmr/m/it on input line 49.
LaTeX Font Info:    Overwriting math alphabet `\mathbf' in version `normal'
(Font)                  OT1/cmr/bx/n --> TU/lmr/b/n on input line 49.
LaTeX Font Info:    Overwriting math alphabet `\mathsf' in version `normal'
(Font)                  OT1/cmss/m/n --> TU/lmss/m/n on input line 49.
LaTeX Font Info:    Overwriting math alphabet `\mathtt' in version `normal'
(Font)                  OT1/cmtt/m/n --> TU/lmtt/m/n on input line 49.
LaTeX Font Info:    Overwriting symbol font `operators' in version `bold'
(Font)                  TU/lmr/m/n --> TU/lmr/b/n on input line 49.
LaTeX Font Info:    Overwriting math alphabet `\mathit' in version `bold'
(Font)                  OT1/cmr/bx/it --> TU/lmr/b/it on input line 49.
LaTeX Font Info:    Overwriting math alphabet `\mathsf' in version `bold'
(Font)                  OT1/cmss/bx/n --> TU/lmss/b/n on input line 49.
LaTeX Font Info:    Overwriting math alphabet `\mathtt' in version `bold'
(Font)                  OT1/cmtt/m/n --> TU/lmtt/b/n on input line 49.
Package caption Info: Begin \AtBeginDocument code.
Package caption Info: End \AtBeginDocument code.

(c:/texlive/2020/texmf-dist/tex/latex/translator/translator-basic-dictionary-En
glish.dict
Dictionary: translator-basic-dictionary, Language: English 
)
(c:/texlive/2020/texmf-dist/tex/latex/siunitx/siunitx-abbreviations.cfg
File: siunitx-abbreviations.cfg 2017/11/26 v2.7k siunitx: Abbreviated units
)
\AtBeginShipoutBox=\box138
LaTeX Font Info:    Trying to load font information for U+msa on input line 49.


(c:/texlive/2020/texmf-dist/tex/latex/amsfonts/umsa.fd
File: umsa.fd 2013/01/14 v3.01 AMS symbols A
)
LaTeX Font Info:    Trying to load font information for U+msb on input line 49.


(c:/texlive/2020/texmf-dist/tex/latex/amsfonts/umsb.fd
File: umsb.fd 2013/01/14 v3.01 AMS symbols B
)

LaTeX Font Warning: Font shape `TU/FandolSong(0)/m/it' undefined
(Font)              using `TU/FandolSong(0)/m/n' instead on input line 56.

LaTeX Font Info:    Font shape `TU/FandolSong(0)/b/sl' in size <24> not availab
le
(Font)              Font shape `TU/FandolSong(0)/b/it' tried instead on input l
ine 56.

Underfull \vbox (badness 10000) has occurred while \output is active []


Overfull \hbox (396.25pt too wide) has occurred while \output is active
[]
 []


Underfull \vbox (badness 10000) has occurred while \output is active []


Overfull \hbox (396.25pt too wide) has occurred while \output is active
[]
 []


Underfull \vbox (badness 10000) has occurred while \output is active []


Overfull \hbox (396.25pt too wide) has occurred while \output is active
[]
 []


Underfull \vbox (badness 10000) has occurred while \output is active []


Overfull \hbox (396.25pt too wide) has occurred while \output is active
[]
 []


Underfull \hbox (badness 10000) has occurred while \output is active
 [][][][] 
 []

[1





]
Underfull \vbox (badness 10000) has occurred while \output is active []


Overfull \hbox (396.25pt too wide) has occurred while \output is active
[]
 []


Underfull \vbox (badness 10000) has occurred while \output is active []


Overfull \hbox (396.25pt too wide) has occurred while \output is active
[]
 []


Underfull \vbox (badness 10000) has occurred while \output is active []


Overfull \hbox (396.25pt too wide) has occurred while \output is active
[]
 []


Underfull \vbox (badness 10000) has occurred while \output is active []


Overfull \hbox (396.25pt too wide) has occurred while \output is active
[]
 []


Underfull \hbox (badness 10000) has occurred while \output is active
 [][][][] 
 []

[2

]
Underfull \vbox (badness 10000) detected at line 62
 []


Overfull \hbox (396.25pt too wide) detected at line 62
[]
 []


Underfull \vbox (badness 10000) detected at line 62
 []


Overfull \hbox (396.25pt too wide) detected at line 62
[]
 []


Underfull \vbox (badness 10000) detected at line 62
 []


Overfull \hbox (396.25pt too wide) detected at line 62
[]
 []


Underfull \vbox (badness 10000) detected at line 62
 []


Overfull \hbox (396.25pt too wide) detected at line 62
[]
 []


Underfull \hbox (badness 10000) detected at line 62
[]
 []

LaTeX Font Info:    Font shape `TU/FandolSong(0)/b/sl' in size <18> not availab
le
(Font)              Font shape `TU/FandolSong(0)/b/it' tried instead on input l
ine 62.
(./Physics_XES_II.toc

Package fontspec Warning: Font "FandolFang" does not contain requested Script
(fontspec)                "CJK".


Package fontspec Info: Could not resolve font "FandolFang/BI" (it probably
(fontspec)             doesn't exist).


Package fontspec Info: Could not resolve font "FandolFang/B" (it probably
(fontspec)             doesn't exist).


Package fontspec Info: Could not resolve font "FandolFang/I" (it probably
(fontspec)             doesn't exist).


Package fontspec Info: Font family 'FandolFang(0)' created for font
(fontspec)             'FandolFang' with options [Script={CJK}].
(fontspec)              
(fontspec)              This font family consists of the following NFSS
(fontspec)             series/shapes:
(fontspec)              
(fontspec)             - 'normal' (m/n) with NFSS spec.:
(fontspec)             <->"FandolFang/OT:language=dflt;"
(fontspec)             - 'small caps'  (m/sc) with NFSS spec.: 


Underfull \hbox (badness 10000) has occurred while \output is active
 [][][][] 
 []

[3] [4] [5] [6])
\tf@toc=\write5
\openout5 = `Physics_XES_II.toc'.

 [7]
Underfull \vbox (badness 10000) has occurred while \output is active []


Overfull \hbox (396.25pt too wide) has occurred while \output is active
[]
 []


Underfull \vbox (badness 10000) has occurred while \output is active []


Overfull \hbox (396.25pt too wide) has occurred while \output is active
[]
 []


Underfull \vbox (badness 10000) has occurred while \output is active []


Overfull \hbox (396.25pt too wide) has occurred while \output is active
[]
 []


Underfull \vbox (badness 10000) has occurred while \output is active []


Overfull \hbox (396.25pt too wide) has occurred while \output is active
[]
 []


Underfull \hbox (badness 10000) has occurred while \output is active
 [][][][] 
 []

[8

]
Underfull \vbox (badness 10000) detected at line 65
 []


Overfull \hbox (396.25pt too wide) detected at line 65
[]
 []


Underfull \vbox (badness 10000) detected at line 65
 []


Overfull \hbox (396.25pt too wide) detected at line 65
[]
 []


Underfull \vbox (badness 10000) detected at line 65
 []


Overfull \hbox (396.25pt too wide) detected at line 65
[]
 []


Underfull \vbox (badness 10000) detected at line 65
 []


Overfull \hbox (396.25pt too wide) detected at line 65
[]
 []


Underfull \hbox (badness 10000) detected at line 65
[]
 []

(./Physics_XES_II.lof)
\tf@lof=\write6
\openout6 = `Physics_XES_II.lof'.


Underfull \hbox (badness 10000) has occurred while \output is active
 [][][][] 
 []

[9

]
Underfull \vbox (badness 10000) has occurred while \output is active []


Overfull \hbox (396.25pt too wide) has occurred while \output is active
[]
 []


Underfull \vbox (badness 10000) has occurred while \output is active []


Overfull \hbox (396.25pt too wide) has occurred while \output is active
[]
 []


Underfull \vbox (badness 10000) has occurred while \output is active []


Overfull \hbox (396.25pt too wide) has occurred while \output is active
[]
 []


Underfull \vbox (badness 10000) has occurred while \output is active []


Overfull \hbox (396.25pt too wide) has occurred while \output is active
[]
 []


Underfull \hbox (badness 10000) has occurred while \output is active
 [][][][] 
 []

[10

]
Underfull \vbox (badness 10000) detected at line 66
 []


Overfull \hbox (396.25pt too wide) detected at line 66
[]
 []


Underfull \vbox (badness 10000) detected at line 66
 []


Overfull \hbox (396.25pt too wide) detected at line 66
[]
 []


Underfull \vbox (badness 10000) detected at line 66
 []


Overfull \hbox (396.25pt too wide) detected at line 66
[]
 []


Underfull \vbox (badness 10000) detected at line 66
 []


Overfull \hbox (396.25pt too wide) detected at line 66
[]
 []


Underfull \hbox (badness 10000) detected at line 66
[]
 []

(./Physics_XES_II.lot)
\tf@lot=\write7
\openout7 = `Physics_XES_II.lot'.


Underfull \hbox (badness 10000) has occurred while \output is active
 [][][][] 
 []

[11

]
Underfull \vbox (badness 10000) has occurred while \output is active []


Overfull \hbox (396.25pt too wide) has occurred while \output is active
[]
 []


Underfull \vbox (badness 10000) has occurred while \output is active []


Overfull \hbox (396.25pt too wide) has occurred while \output is active
[]
 []


Underfull \vbox (badness 10000) has occurred while \output is active []


Overfull \hbox (396.25pt too wide) has occurred while \output is active
[]
 []


Underfull \vbox (badness 10000) has occurred while \output is active []


Overfull \hbox (396.25pt too wide) has occurred while \output is active
[]
 []


Underfull \hbox (badness 10000) has occurred while \output is active
 [][][][] 
 []

[12

]
Underfull \vbox (badness 10000) detected at line 79
 []


Overfull \hbox (396.25pt too wide) detected at line 79
[]
 []


Underfull \vbox (badness 10000) detected at line 79
 []


Overfull \hbox (396.25pt too wide) detected at line 79
[]
 []


Underfull \vbox (badness 10000) detected at line 79
 []


Overfull \hbox (396.25pt too wide) detected at line 79
[]
 []


Underfull \vbox (badness 10000) detected at line 79
 []


Overfull \hbox (396.25pt too wide) detected at line 79
[]
 []


Underfull \vbox (badness 10000) has occurred while \output is active []


Overfull \hbox (396.25pt too wide) has occurred while \output is active
[]
 []


Underfull \vbox (badness 10000) has occurred while \output is active []


Overfull \hbox (396.25pt too wide) has occurred while \output is active
[]
 []


Underfull \vbox (badness 10000) has occurred while \output is active []


Overfull \hbox (396.25pt too wide) has occurred while \output is active
[]
 []


Underfull \vbox (badness 10000) has occurred while \output is active []


Overfull \hbox (396.25pt too wide) has occurred while \output is active
[]
 []


Underfull \hbox (badness 10000) has occurred while \output is active
 [][][][] 
 []

[6






]
Underfull \vbox (badness 10000) has occurred while \output is active []


Overfull \hbox (396.25pt too wide) has occurred while \output is active
[]
 []


Underfull \vbox (badness 10000) has occurred while \output is active []


Overfull \hbox (396.25pt too wide) has occurred while \output is active
[]
 []


Underfull \vbox (badness 10000) has occurred while \output is active []


Overfull \hbox (396.25pt too wide) has occurred while \output is active
[]
 []


Underfull \vbox (badness 10000) has occurred while \output is active []


Overfull \hbox (396.25pt too wide) has occurred while \output is active
[]
 []


Underfull \hbox (badness 10000) has occurred while \output is active
 [][][][] 
 []

[7]
Underfull \vbox (badness 10000) has occurred while \output is active []


Overfull \hbox (396.25pt too wide) has occurred while \output is active
[]
 []


Underfull \vbox (badness 10000) has occurred while \output is active []


Overfull \hbox (396.25pt too wide) has occurred while \output is active
[]
 []


Underfull \vbox (badness 10000) has occurred while \output is active []


Overfull \hbox (396.25pt too wide) has occurred while \output is active
[]
 []


Underfull \vbox (badness 10000) has occurred while \output is active []


Overfull \hbox (396.25pt too wide) has occurred while \output is active
[]
 []


Underfull \hbox (badness 10000) has occurred while \output is active
 [][][][] 
 []

[8]
\openout2 = `chapters/chapter02/sec1.aux'.

 (./chapters/chapter02/sec1.tex
Underfull \vbox (badness 10000) detected at line 4
 []


Overfull \hbox (396.25pt too wide) detected at line 4
[]
 []


Underfull \vbox (badness 10000) detected at line 4
 []


Overfull \hbox (396.25pt too wide) detected at line 4
[]
 []


Underfull \vbox (badness 10000) detected at line 4
 []


Overfull \hbox (396.25pt too wide) detected at line 4
[]
 []


Underfull \vbox (badness 10000) detected at line 4
 []


Overfull \hbox (396.25pt too wide) detected at line 4
[]
 []

CHAPTER 2.

LaTeX Font Warning: Font shape `TU/FandolSong(0)/m/sl' undefined
(Font)              using `TU/FandolSong(0)/m/n' instead on input line 4.

(./2.toc)
\openout3 = `2.toc'.



Package fontspec Warning: Font "FandolKai" does not contain requested Script
(fontspec)                "CJK".


Package fontspec Info: Could not resolve font "FandolKai/BI" (it probably
(fontspec)             doesn't exist).


Package fontspec Info: Could not resolve font "FandolKai/B" (it probably
(fontspec)             doesn't exist).


Package fontspec Info: Could not resolve font "FandolKai/I" (it probably
(fontspec)             doesn't exist).


Package fontspec Info: Font family 'FandolKai(0)' created for font 'FandolKai'
(fontspec)             with options [Script={CJK}].
(fontspec)              
(fontspec)              This font family consists of the following NFSS
(fontspec)             series/shapes:
(fontspec)              
(fontspec)             - 'normal' (m/n) with NFSS spec.:
(fontspec)             <->"FandolKai/OT:language=dflt;"
(fontspec)             - 'small caps'  (m/sc) with NFSS spec.: 


Underfull \hbox (badness 10000) has occurred while \output is active
 [][][][] 
 []

[9



]
File: image/6-1-1.png Graphic file (type bmp)
<image/6-1-1.png>

Underfull \hbox (badness 1895) in paragraph at lines 41--42
\TU/FandolKai(0)/m/n/10  []\TU/lmr/m/n/10 (spherical symmetric) \TU/FandolSon
g(0)/m/n/10    
 []

[10]) [11]
Underfull \vbox (badness 10000) detected at line 142
 []


Overfull \hbox (396.25pt too wide) detected at line 142
[]
 []


Underfull \vbox (badness 10000) detected at line 142
 []


Overfull \hbox (396.25pt too wide) detected at line 142
[]
 []


Underfull \vbox (badness 10000) detected at line 142
 []


Overfull \hbox (396.25pt too wide) detected at line 142
[]
 []


Underfull \vbox (badness 10000) detected at line 142
 []


Overfull \hbox (396.25pt too wide) detected at line 142
[]
 []


Underfull \vbox (badness 10000) has occurred while \output is active []


Overfull \hbox (396.25pt too wide) has occurred while \output is active
[]
 []


Underfull \vbox (badness 10000) has occurred while \output is active []


Overfull \hbox (396.25pt too wide) has occurred while \output is active
[]
 []


Underfull \vbox (badness 10000) has occurred while \output is active []


Overfull \hbox (396.25pt too wide) has occurred while \output is active
[]
 []


Underfull \vbox (badness 10000) has occurred while \output is active []


Overfull \hbox (396.25pt too wide) has occurred while \output is active
[]
 []


Underfull \hbox (badness 10000) has occurred while \output is active
 [][][][] 
 []

[73





















































]
Underfull \vbox (badness 10000) has occurred while \output is active []


Overfull \hbox (396.25pt too wide) has occurred while \output is active
[]
 []


Underfull \vbox (badness 10000) has occurred while \output is active []


Overfull \hbox (396.25pt too wide) has occurred while \output is active
[]
 []


Underfull \vbox (badness 10000) has occurred while \output is active []


Overfull \hbox (396.25pt too wide) has occurred while \output is active
[]
 []


Underfull \vbox (badness 10000) has occurred while \output is active []


Overfull \hbox (396.25pt too wide) has occurred while \output is active
[]
 []


Underfull \hbox (badness 10000) has occurred while \output is active
 [][][][] 
 []

[74]
Underfull \vbox (badness 10000) detected at line 182
 []


Overfull \hbox (396.25pt too wide) detected at line 182
[]
 []


Underfull \vbox (badness 10000) detected at line 182
 []


Overfull \hbox (396.25pt too wide) detected at line 182
[]
 []


Underfull \vbox (badness 10000) detected at line 182
 []


Overfull \hbox (396.25pt too wide) detected at line 182
[]
 []


Underfull \vbox (badness 10000) detected at line 182
 []


Overfull \hbox (396.25pt too wide) detected at line 182
[]
 []


Underfull \vbox (badness 10000) has occurred while \output is active []


Overfull \hbox (396.25pt too wide) has occurred while \output is active
[]
 []


Underfull \vbox (badness 10000) has occurred while \output is active []


Overfull \hbox (396.25pt too wide) has occurred while \output is active
[]
 []


Underfull \vbox (badness 10000) has occurred while \output is active []


Overfull \hbox (396.25pt too wide) has occurred while \output is active
[]
 []


Underfull \vbox (badness 10000) has occurred while \output is active []


Overfull \hbox (396.25pt too wide) has occurred while \output is active
[]
 []


Underfull \hbox (badness 10000) has occurred while \output is active
 [][][][] 
 []

[113

































]
Underfull \vbox (badness 10000) has occurred while \output is active []


Overfull \hbox (396.25pt too wide) has occurred while \output is active
[]
 []


Underfull \vbox (badness 10000) has occurred while \output is active []


Overfull \hbox (396.25pt too wide) has occurred while \output is active
[]
 []


Underfull \vbox (badness 10000) has occurred while \output is active []


Overfull \hbox (396.25pt too wide) has occurred while \output is active
[]
 []


Underfull \vbox (badness 10000) has occurred while \output is active []


Overfull \hbox (396.25pt too wide) has occurred while \output is active
[]
 []


Underfull \hbox (badness 10000) has occurred while \output is active
 [][][][] 
 []

[114]
Underfull \vbox (badness 10000) detected at line 236
 []


Overfull \hbox (396.25pt too wide) detected at line 236
[]
 []


Underfull \vbox (badness 10000) detected at line 236
 []


Overfull \hbox (396.25pt too wide) detected at line 236
[]
 []


Underfull \vbox (badness 10000) detected at line 236
 []


Overfull \hbox (396.25pt too wide) detected at line 236
[]
 []


Underfull \vbox (badness 10000) detected at line 236
 []


Overfull \hbox (396.25pt too wide) detected at line 236
[]
 []


Underfull \vbox (badness 10000) has occurred while \output is active []


Overfull \hbox (396.25pt too wide) has occurred while \output is active
[]
 []


Underfull \vbox (badness 10000) has occurred while \output is active []


Overfull \hbox (396.25pt too wide) has occurred while \output is active
[]
 []


Underfull \vbox (badness 10000) has occurred while \output is active []


Overfull \hbox (396.25pt too wide) has occurred while \output is active
[]
 []


Underfull \vbox (badness 10000) has occurred while \output is active []


Overfull \hbox (396.25pt too wide) has occurred while \output is active
[]
 []


Underfull \hbox (badness 10000) has occurred while \output is active
 [][][][] 
 []

[172













































]
Underfull \vbox (badness 10000) has occurred while \output is active []


Overfull \hbox (396.25pt too wide) has occurred while \output is active
[]
 []


Underfull \vbox (badness 10000) has occurred while \output is active []


Overfull \hbox (396.25pt too wide) has occurred while \output is active
[]
 []


Underfull \vbox (badness 10000) has occurred while \output is active []


Overfull \hbox (396.25pt too wide) has occurred while \output is active
[]
 []


Underfull \vbox (badness 10000) has occurred while \output is active []


Overfull \hbox (396.25pt too wide) has occurred while \output is active
[]
 []


Underfull \hbox (badness 10000) has occurred while \output is active
 [][][][] 
 []

[173]
Underfull \vbox (badness 10000) has occurred while \output is active []


Overfull \hbox (396.25pt too wide) has occurred while \output is active
[]
 []


Underfull \vbox (badness 10000) has occurred while \output is active []


Overfull \hbox (396.25pt too wide) has occurred while \output is active
[]
 []


Underfull \vbox (badness 10000) has occurred while \output is active []


Overfull \hbox (396.25pt too wide) has occurred while \output is active
[]
 []


Underfull \vbox (badness 10000) has occurred while \output is active []


Overfull \hbox (396.25pt too wide) has occurred while \output is active
[]
 []


Underfull \hbox (badness 10000) has occurred while \output is active
 [][][][] 
 []

[174]
Underfull \vbox (badness 10000) detected at line 278
 []


Overfull \hbox (396.25pt too wide) detected at line 278
[]
 []


Underfull \vbox (badness 10000) detected at line 278
 []


Overfull \hbox (396.25pt too wide) detected at line 278
[]
 []


Underfull \vbox (badness 10000) detected at line 278
 []


Overfull \hbox (396.25pt too wide) detected at line 278
[]
 []


Underfull \vbox (badness 10000) detected at line 278
 []


Overfull \hbox (396.25pt too wide) detected at line 278
[]
 []


Underfull \vbox (badness 10000) has occurred while \output is active []


Overfull \hbox (396.25pt too wide) has occurred while \output is active
[]
 []


Underfull \vbox (badness 10000) has occurred while \output is active []


Overfull \hbox (396.25pt too wide) has occurred while \output is active
[]
 []


Underfull \vbox (badness 10000) has occurred while \output is active []


Overfull \hbox (396.25pt too wide) has occurred while \output is active
[]
 []


Underfull \vbox (badness 10000) has occurred while \output is active []


Overfull \hbox (396.25pt too wide) has occurred while \output is active
[]
 []


Underfull \hbox (badness 10000) has occurred while \output is active
 [][][][] 
 []

[218



































]
Underfull \vbox (badness 10000) has occurred while \output is active []


Overfull \hbox (396.25pt too wide) has occurred while \output is active
[]
 []


Underfull \vbox (badness 10000) has occurred while \output is active []


Overfull \hbox (396.25pt too wide) has occurred while \output is active
[]
 []


Underfull \vbox (badness 10000) has occurred while \output is active []


Overfull \hbox (396.25pt too wide) has occurred while \output is active
[]
 []


Underfull \vbox (badness 10000) has occurred while \output is active []


Overfull \hbox (396.25pt too wide) has occurred while \output is active
[]
 []


Underfull \hbox (badness 10000) has occurred while \output is active
 [][][][] 
 []

[219]
Underfull \vbox (badness 10000) has occurred while \output is active []


Overfull \hbox (396.25pt too wide) has occurred while \output is active
[]
 []


Underfull \vbox (badness 10000) has occurred while \output is active []


Overfull \hbox (396.25pt too wide) has occurred while \output is active
[]
 []


Underfull \vbox (badness 10000) has occurred while \output is active []


Overfull \hbox (396.25pt too wide) has occurred while \output is active
[]
 []


Underfull \vbox (badness 10000) has occurred while \output is active []


Overfull \hbox (396.25pt too wide) has occurred while \output is active
[]
 []


Underfull \hbox (badness 10000) has occurred while \output is active
 [][][][] 
 []

[220] (./Physics_XES_II.bbl
Underfull \vbox (badness 10000) detected at line 1
 []


Overfull \hbox (396.25pt too wide) detected at line 1
[]
 []


Underfull \vbox (badness 10000) detected at line 1
 []


Overfull \hbox (396.25pt too wide) detected at line 1
[]
 []


Underfull \vbox (badness 10000) detected at line 1
 []


Overfull \hbox (396.25pt too wide) detected at line 1
[]
 []


Underfull \vbox (badness 10000) detected at line 1
 []


Overfull \hbox (396.25pt too wide) detected at line 1
[]
 []


Underfull \hbox (badness 10000) detected at line 1
[]
 []


LaTeX Warning: Empty `thebibliography' environment on input line 3.

) (./Physics_XES_II.ind)
Underfull \hbox (badness 10000) has occurred while \output is active
 [][][][] 
 []

[243




















] (./Physics_XES_II.aux (./chapters/chapter01/sec1.aux)
(./chapters/chapter01/sec2.aux) (./chapters/chapter01/sec3.aux)
(./chapters/chapter01/summary.aux) (./chapters/chapter01/prob.aux)
(./chapters/chapter02/sec1.aux) (./chapters/chapter02/sec2.aux)
(./chapters/chapter02/sec3.aux) (./chapters/chapter02/sec4.aux)
(./chapters/chapter02/summary.aux) (./chapters/chapter02/prob.aux)
(./chapters/chapter03/sec1.aux) (./chapters/chapter03/sec2.aux)
(./chapters/chapter03/sec3.aux) (./chapters/chapter03/sec4.aux)
(./chapters/chapter03/sec5.aux) (./chapters/chapter03/sec6.aux)
(./chapters/chapter03/summary.aux) (./chapters/chapter03/prob.aux)
(./chapters/chapter04/sec1.aux) (./chapters/chapter04/sec2.aux)
(./chapters/chapter04/sec3.aux) (./chapters/chapter04/sec4.aux)
(./chapters/chapter04/sec5.aux) (./chapters/chapter04/sec6.aux)
(./chapters/chapter04/summary.aux) (./chapters/chapter04/prob.aux)
(./chapters/chapter05/sec1.aux) (./chapters/chapter05/sec2.aux)
(./chapters/chapter05/sec3.aux) (./chapters/chapter05/sec4.aux)
(./chapters/chapter05/sec5.aux) (./chapters/chapter05/summary.aux)
(./chapters/chapter05/prob.aux) (./chapters/chapter06/sec1.aux)
(./chapters/chapter06/sec2.aux) (./chapters/chapter06/sec3.aux)
(./chapters/chapter06/sec4.aux) (./chapters/chapter06/summary.aux)
(./chapters/chapter06/prob.aux) (./chapters/chapter07/sec1.aux)
(./chapters/chapter07/sec2.aux) (./chapters/chapter07/sec3.aux)
(./chapters/chapter07/summary.aux) (./chapters/chapter07/prob.aux)
(./chapters/chapter08/sec1.aux) (./chapters/chapter08/sec2.aux)
(./chapters/chapter08/sec3.aux) (./chapters/chapter08/summary.aux)
(./chapters/chapter08/prob.aux) (./chapters/chapter09/sec1.aux)
(./chapters/chapter09/sec2.aux) (./chapters/chapter09/sec3.aux)
(./chapters/chapter09/sec4.aux) (./chapters/chapter09/sec5.aux)
(./chapters/chapter09/summary.aux) (./chapters/chapter09/prob.aux)
(./chapters/chapter10/sec1.aux) (./chapters/chapter10/sec2.aux)
(./chapters/chapter10/sec3.aux) (./chapters/chapter10/sec4.aux)
(./chapters/chapter10/summary.aux) (./chapters/chapter10/prob.aux)
(./chapters/chapter11/sec1.aux) (./chapters/chapter11/sec2.aux)
(./chapters/chapter11/sec3.aux) (./chapters/chapter11/sec4.aux)
(./chapters/chapter11/sec5.aux) (./chapters/chapter11/summary.aux)
(./chapters/chapter11/prob.aux) (./chapters/chapter12/sec1.aux)
(./chapters/chapter12/sec2.aux) (./chapters/chapter12/sec3.aux)
(./chapters/chapter12/sec4.aux) (./chapters/chapter12/sec5.aux)
(./chapters/chapter12/summary.aux) (./chapters/chapter12/prob.aux)
(./chapters/chapter13/sec1.aux) (./chapters/chapter13/sec2.aux)
(./chapters/chapter13/sec3.aux) (./chapters/chapter13/summary.aux)
(./chapters/chapter13/prob.aux) (./chapters/chapter14/sec1.aux)
(./chapters/chapter14/sec2.aux) (./chapters/chapter14/sec3.aux)
(./chapters/chapter14/sec4.aux) (./chapters/chapter14/sec5.aux)
(./chapters/chapter14/summary.aux) (./chapters/chapter14/prob.aux)
(./chapters/chapter15/sec1.aux) (./chapters/chapter15/sec2.aux)
(./chapters/chapter15/sec3.aux) (./chapters/chapter15/sec4.aux)
(./chapters/chapter15/summary.aux) (./chapters/chapter15/prob.aux)
(./chapters/chapter16/sec1.aux) (./chapters/chapter16/sec2.aux)
(./chapters/chapter16/sec3.aux) (./chapters/chapter16/sec4.aux)
(./chapters/chapter16/summary.aux) (./chapters/chapter16/prob.aux)
(./chapters/chapter17/sec1.aux) (./chapters/chapter17/sec2.aux)
(./chapters/chapter17/sec3.aux) (./chapters/chapter17/sec4.aux)
(./chapters/chapter17/sec5.aux) (./chapters/chapter17/sec6.aux)
(./chapters/chapter17/summary.aux) (./chapters/chapter17/prob.aux)
(./chapters/chapter18/sec1.aux) (./chapters/chapter18/sec2.aux)
(./chapters/chapter18/sec3.aux) (./chapters/chapter18/sec4.aux)
(./chapters/chapter18/summary.aux) (./chapters/chapter18/prob.aux)
(./chapters/chapter19/sec1.aux) (./chapters/chapter19/sec2.aux)
(./chapters/chapter19/sec3.aux) (./chapters/chapter19/sec4.aux)
(./chapters/chapter19/summary.aux) (./chapters/chapter19/prob.aux)
(./chapters/chapter20/sec1.aux) (./chapters/chapter20/sec2.aux)
(./chapters/chapter20/sec3.aux) (./chapters/chapter20/sec4.aux)
(./chapters/chapter20/summary.aux) (./chapters/chapter20/prob.aux)
(./chapters/chapter21/sec1.aux) (./chapters/chapter21/sec2.aux)
(./chapters/chapter21/sec3.aux) (./chapters/chapter21/sec4.aux)
(./chapters/chapter21/summary.aux) (./chapters/chapter21/prob.aux)
(./chapters/chapter22/sec1.aux) (./chapters/chapter22/sec2.aux)
(./chapters/chapter22/sec3.aux) (./chapters/chapter22/sec4.aux)
(./chapters/chapter22/summary.aux) (./chapters/chapter22/prob.aux)
(./chapters/chapter23/sec1.aux) (./chapters/chapter23/sec2.aux)
(./chapters/chapter23/sec2.aux) (./chapters/chapter23/summary.aux)
(./chapters/chapter23/prob.aux) (./chapters/chapter24/sec1.aux)
(./chapters/chapter24/sec2.aux) (./chapters/chapter24/sec3.aux)
(./chapters/chapter24/sec4.aux) (./chapters/chapter24/summary.aux)
(./chapters/chapter24/prob.aux) (./chapters/chapter25/sec1.aux)
(./chapters/chapter25/sec2.aux) (./chapters/chapter25/sec3.aux)
(./chapters/chapter25/sec4.aux) (./chapters/chapter25/summary.aux)
(./chapters/chapter25/prob.aux) (./chapters/chapter26/sec1.aux)
(./chapters/chapter26/sec2.aux) (./chapters/chapter26/sec3.aux)
(./chapters/chapter26/summary.aux) (./chapters/chapter26/prob.aux)
(./chapters/chapter27/sec1.aux) (./chapters/chapter27/sec2.aux)
(./chapters/chapter27/sec3.aux) (./chapters/chapter27/sec4.aux)
(./chapters/chapter27/summary.aux) (./chapters/chapter27/prob.aux)
(./chapters/chapter28/sec1.aux) (./chapters/chapter28/sec2.aux)
(./chapters/chapter28/sec3.aux) (./chapters/chapter28/sec4.aux)
(./chapters/chapter28/summary.aux) (./chapters/chapter28/prob.aux)
(./chapters/chapter29/sec1.aux) (./chapters/chapter29/sec2.aux)
(./chapters/chapter29/sec3.aux) (./chapters/chapter29/summary.aux)
(./chapters/chapter29/prob.aux) (./chapters/chapter30/sec1.aux)
(./chapters/chapter30/sec2.aux) (./chapters/chapter30/sec3.aux)
(./chapters/chapter30/sec4.aux) (./chapters/chapter30/sec5.aux)
(./chapters/chapter30/summary.aux) (./chapters/chapter30/prob.aux))

LaTeX Font Warning: Some font shapes were not available, defaults substituted.


LaTeX Warning: There were multiply-defined labels.

 ) 
Here is how much of TeX's memory you used:
 15775 strings out of 479417
 355947 string characters out of 5888071
 760123 words of memory out of 5000000
 32218 multiletter control sequences out of 15000+600000
 539674 words of font info for 105 fonts, out of 8000000 for 9000
 1348 hyphenation exceptions out of 8191
 53i,8n,78p,839b,493s stack positions out of 5000i,500n,10000p,200000b,80000s

Output written on Physics_XES_II.xdv (29 pages, 240756 bytes).
